2018-01-18 16:19:26 -0500: wmap: 
  http://cmbny-ex13m01.ny.cmbchina.com/
  http://ny.cmbchina.com/
  http://www.cmbchina.com/
  http://images.cmbchina.com/
  http://file.cmbchina.com/
  http://english.cmbchina.com/
  http://hk.cmbchina.com/
  http://www.winglungbank.com/
  http://london.cmbchina.com/
  https://app.cmbchina.com/
  https://user.cmbchina.com/
  http://branch.cmbchina.com/
  http://career.cmbchina.com/
  http://map.cmbchina.com/
  http://fund.cmbchina.com/
  http://fx.cmbchina.com/
  http://gold.cmbchina.com/
  http://info.cmbchina.com/
  http://www.cignacmb.com/
  http://sg.cmbchina.com/
  http://forum.cmbchina.com/
  http://ccclub.cmbchina.com/
  http://shop.cmbchina.com/
  http://trip.cmbchina.com/
  http://95555.cmbchina.com/
  http://pension.cmbchina.com/
  http://150.129.193.21:8082/
  http://aionmgt.office.cmbchina.com/
  http://cc.cmbchina.com/
  http://gongyi.cmbchina.com/
  https://fi.cmbchina.com/
  http://t.sina.com.cn/
  http://link.cmbchina.com/
  http://www.cmb-leasing.com/
  http://jf.cmbchina.com/
  http://best.cmbchina.com/
  http://purchase.cmbchina.com/
  https://market.cmbchina.com/
  http://market.cmbchina.com/
  http://mall.cmbchina.com/
  http://szdl.cmbchina.com/
  https://custody.ebank.cmbchina.com/
  http://live.cmbchina.com/
  https://u.ebank.cmbchina.com/
  https://www.bj.cmbchina.com/
  http://futures.cmbchina.com/
  http://cmbchina.cignacmb.com/
  http://www.cgsec.com/
  https://office.cmbchina.com/
  http://www.cmbchina.com','招商银行--欢迎来到一网通主站');/
  http://szcert.ebs.org.cn/
  http://www.sznet110.gov.cn/
  https://search.szfw.org/
  https://ss.knet.cn/
  http://www.miitbeian.gov.cn/
  http://english.cmbchina.com','welcome to china merchants bank');/
  https://forum.cmbchina.com/
  http://us.cmbchina.com/
  https://www.cmbchina.com/
  http://site.cmbchina.com/
  http://vip.cmbchina.com/
  http://weibo.com/
  http://m.cmbchina.com/
  http://www.cmbi.com.hk/
  http://cmb.dm.allyes.com/
  http://ins.cmbchina.com/
  https://ccclub.cmbchina.com/
  http://www.cmfchina.com/
  http://www.efunds.com.cn/
  https://ny.cmbchina.com/
  https://mail.ny.cmbchina.com/
  http://www.microsoft.com/
  http://www.geotrust.com/
  https://support.microsoft.com/
  https://www.microsoft.com/
  https://products.office.com/
  https://www.xbox.com/
  https://onedrive.live.com/
  https://outlook.live.com/
  https://www.skype.com/
  https://www.onenote.com/
  https://azure.microsoft.com/
  https://enterprise.microsoft.com/
  https://www.visualstudio.com/
  https://developer.microsoft.com/
  https://docs.microsoft.com/
  https://go.microsoft.com/
  https://www.geotrust.com/
  https://security-center.geotrust.com/
  https://products.geotrust.com/
  https://www.websecurity.symantec.com/
  https://technet.microsoft.com/
  https://www.facebook.com/
  https://twitter.com/
  https://www.linkedin.com/
  https://store.office.com/
  https://account.microsoft.com/
  https://partner.microsoft.com/
  https://msdn.microsoft.com/
  https://mva.microsoft.com/
  https://channel9.msdn.com/
  https://careers.microsoft.com/
  https://news.microsoft.com/
  https://privacy.microsoft.com/
  https://choice.microsoft.com/
  https://blogs.office.com/
  https://templates.office.com/
  https://support.office.com/
  https://www.windowsphone.com/
  https://insider.windows.com/
  https://blogs.windows.com/
  http://answers.microsoft.com/
  http://www.facebook.com/
  http://www.twitter.com/
  http://twitter.com/
  http://go.microsoft.com/
  https://www.microsoftstore.com/
  http://support.microsoft.com/
  https://www.theverge.com/
  https://d4s-catalog.azurewebsites.net/
  https://www.instagram.com/
  http://www.xbox.com/
  https://redeem.microsoft.com/
  http://xboxdesignlab.xbox.com/
  http://support.xbox.com/
  http://forums.xbox.com/
  https://support.xbox.com/
  https://community.xbox.com/
  http://account.xbox.com/
  https://account.xbox.com/
  http://feedback.xbox.com/
  http://news.xbox.com/
  https://dev.windows.com/
  http://choice.microsoft.com/
  https://support.skype.com/
  http://windows.microsoft.com/
  https://go.skype.com/
  https://secure.skype.com/
  https://office.microsoft.com/
  https://www.msn.com/
  https://www.bing.com/
  https://www.youtube.com/
  https://blogs.skype.com/
  https://officeredir.microsoft.com/
  https://aka.ms/
  https://chrome.google.com/
  https://dev.onenote.com/
  
  https://www.netflix.com/
  http://www.microsoftstore.com/
  http://news.microsoft.com/
  https://forums.hololens.com/
  https://www.microsoftevents.com/
  https://33581registration.azurewebsites.net/
2018-01-18 16:50:52 -0500: wmap: 
  http://ny.cmbchina.com/
  http://www.cmbchina.com/
  http://images.cmbchina.com/
  http://file.cmbchina.com/
  http://english.cmbchina.com/
  http://hk.cmbchina.com/
  http://www.winglungbank.com/
  http://london.cmbchina.com/
  https://app.cmbchina.com/
  https://user.cmbchina.com/
  http://branch.cmbchina.com/
  http://career.cmbchina.com/
  http://map.cmbchina.com/
  http://fund.cmbchina.com/
  http://fx.cmbchina.com/
  http://gold.cmbchina.com/
  http://info.cmbchina.com/
  http://www.cignacmb.com/
  http://sg.cmbchina.com/
  http://forum.cmbchina.com/
  http://ccclub.cmbchina.com/
  http://shop.cmbchina.com/
  http://trip.cmbchina.com/
  http://95555.cmbchina.com/
  http://pension.cmbchina.com/
  http://150.129.193.21:8082/
  http://aionmgt.office.cmbchina.com/
  http://cc.cmbchina.com/
  http://gongyi.cmbchina.com/
  https://fi.cmbchina.com/
  http://t.sina.com.cn/
  http://link.cmbchina.com/
  http://www.cmb-leasing.com/
  http://jf.cmbchina.com/
  http://best.cmbchina.com/
  http://purchase.cmbchina.com/
  https://market.cmbchina.com/
  http://market.cmbchina.com/
  http://mall.cmbchina.com/
  http://szdl.cmbchina.com/
  https://custody.ebank.cmbchina.com/
  http://live.cmbchina.com/
  https://u.ebank.cmbchina.com/
  https://www.bj.cmbchina.com/
  http://futures.cmbchina.com/
  http://cmbchina.cignacmb.com/
  http://www.cgsec.com/
  https://office.cmbchina.com/
  http://www.cmbchina.com','招商银行--欢迎来到一网通主站');/
  http://szcert.ebs.org.cn/
  http://www.sznet110.gov.cn/
  https://search.szfw.org/
  https://ss.knet.cn/
  http://www.miitbeian.gov.cn/
  http://english.cmbchina.com','welcome to china merchants bank');/
  https://forum.cmbchina.com/
  http://us.cmbchina.com/
  https://www.cmbchina.com/
  http://site.cmbchina.com/
  http://vip.cmbchina.com/
  http://weibo.com/
  http://m.cmbchina.com/
  http://www.cmbi.com.hk/
  http://cmb.dm.allyes.com/
  http://ins.cmbchina.com/
  https://ccclub.cmbchina.com/
  http://www.cmfchina.com/
  http://www.efunds.com.cn/
  https://ny.cmbchina.com/
  http://cmbny-ex13m01.ny.cmbchina.com/
  https://mail.ny.cmbchina.com/
  http://www.microsoft.com/
  http://www.geotrust.com/
  https://support.microsoft.com/
  https://www.microsoft.com/
  https://products.office.com/
  https://www.xbox.com/
  https://onedrive.live.com/
  https://outlook.live.com/
  https://www.skype.com/
  https://www.onenote.com/
  https://azure.microsoft.com/
  https://enterprise.microsoft.com/
  https://www.visualstudio.com/
  https://developer.microsoft.com/
  https://docs.microsoft.com/
  https://go.microsoft.com/
  https://www.geotrust.com/
  https://security-center.geotrust.com/
  https://products.geotrust.com/
  https://www.websecurity.symantec.com/
  https://technet.microsoft.com/
  https://www.facebook.com/
  https://twitter.com/
  https://www.linkedin.com/
  https://store.office.com/
  https://account.microsoft.com/
  https://partner.microsoft.com/
  https://msdn.microsoft.com/
  https://mva.microsoft.com/
  https://channel9.msdn.com/
  https://careers.microsoft.com/
  https://news.microsoft.com/
  https://privacy.microsoft.com/
  https://choice.microsoft.com/
  https://blogs.office.com/
  https://templates.office.com/
  https://support.office.com/
  https://www.windowsphone.com/
  https://insider.windows.com/
  https://blogs.windows.com/
  http://answers.microsoft.com/
  http://www.facebook.com/
  http://www.twitter.com/
  http://twitter.com/
  http://go.microsoft.com/
  https://www.microsoftstore.com/
  http://support.microsoft.com/
  https://www.theverge.com/
  https://d4s-catalog.azurewebsites.net/
  https://www.instagram.com/
  http://www.xbox.com/
  https://redeem.microsoft.com/
  http://xboxdesignlab.xbox.com/
  http://support.xbox.com/
  http://forums.xbox.com/
  https://support.xbox.com/
  https://community.xbox.com/
  http://account.xbox.com/
  https://account.xbox.com/
  http://feedback.xbox.com/
  http://news.xbox.com/
  https://dev.windows.com/
  http://choice.microsoft.com/
  https://support.skype.com/
  http://windows.microsoft.com/
  https://go.skype.com/
  https://secure.skype.com/
  https://office.microsoft.com/
  https://www.msn.com/
  https://www.bing.com/
  https://www.youtube.com/
  https://blogs.skype.com/
  https://officeredir.microsoft.com/
  https://aka.ms/
  https://chrome.google.com/
  https://dev.onenote.com/
  
  https://www.netflix.com/
  http://www.microsoftstore.com/
  http://news.microsoft.com/
  https://forums.hololens.com/
  https://www.microsoftevents.com/
  https://33581registration.azurewebsites.net/
2018-01-19 15:19:41 -0500: wmap: 
  http://ny.cmbchina.com/
  http://www.cmbchina.com/
  http://images.cmbchina.com/
  http://file.cmbchina.com/
  http://english.cmbchina.com/
  http://hk.cmbchina.com/
  http://www.winglungbank.com/
  http://london.cmbchina.com/
  https://app.cmbchina.com/
  https://user.cmbchina.com/
  http://branch.cmbchina.com/
  http://career.cmbchina.com/
  http://map.cmbchina.com/
  http://fund.cmbchina.com/
  http://fx.cmbchina.com/
  http://gold.cmbchina.com/
  http://info.cmbchina.com/
  http://www.cignacmb.com/
  http://sg.cmbchina.com/
  http://forum.cmbchina.com/
  http://ccclub.cmbchina.com/
  http://shop.cmbchina.com/
  http://trip.cmbchina.com/
  http://95555.cmbchina.com/
  http://pension.cmbchina.com/
  http://150.129.193.21:8082/
  http://aionmgt.office.cmbchina.com/
  http://cc.cmbchina.com/
  http://gongyi.cmbchina.com/
  https://fi.cmbchina.com/
  http://t.sina.com.cn/
  http://link.cmbchina.com/
  http://www.cmb-leasing.com/
  http://jf.cmbchina.com/
  http://best.cmbchina.com/
  http://purchase.cmbchina.com/
  https://market.cmbchina.com/
  http://market.cmbchina.com/
  http://mall.cmbchina.com/
  http://szdl.cmbchina.com/
  https://custody.ebank.cmbchina.com/
  http://live.cmbchina.com/
  https://u.ebank.cmbchina.com/
  https://www.bj.cmbchina.com/
  http://futures.cmbchina.com/
  http://cmbchina.cignacmb.com/
  http://www.cgsec.com/
  https://office.cmbchina.com/
  http://www.cmbchina.com','招商银行--欢迎来到一网通主站');/
  http://szcert.ebs.org.cn/
  http://www.sznet110.gov.cn/
  https://search.szfw.org/
  https://ss.knet.cn/
  http://www.miitbeian.gov.cn/
  http://english.cmbchina.com','welcome to china merchants bank');/
  https://forum.cmbchina.com/
  http://us.cmbchina.com/
  https://www.cmbchina.com/
  http://site.cmbchina.com/
  http://vip.cmbchina.com/
  http://weibo.com/
  http://m.cmbchina.com/
  http://www.cmbi.com.hk/
  http://cmb.dm.allyes.com/
  http://ins.cmbchina.com/
  https://ccclub.cmbchina.com/
  http://121.15.172.132/
  http://www.efunds.com.cn/
  http://i.cmbchina.com/
  https://member.cignacmb.com/
  http://esales.cignacmb.com/
  http://player.youku.com/
  http://www.iachina.cn/
  http://www.miit.gov.cn/
  http://www.wanyiwang.com/
  http://www.jiedai.cn/
  http://loans.cardbaobao.com/
  http://shaoer.cignacmb.com/
  http://www.renrentou.com/
  http://www.banklilv.com/
  http://www.licai.com/
  http://www.rjs.com/
  http://www.guijinshu.com/
  http://www.hqjhw.com/
  http://www.chashebao.com/
  http://www.p2peye.com/
  http://www.bxd365.com/
  http://www.kaixinbao.com/
  https://www.huize.com/
  http://www.cigna.com.tw/
  http://www.cigna.com.hk/
  http://www.cigna.co.th/
  http://www.lina.co.kr/
  http://www.cigna.co.id/
  http://www.cignattkinsurance.in/
  http://www.cigna.co.nz/
  http://www.cigna.com.tr/
  http://www.cigna.be/
  http://www.cigna.cl/
  http://www.cignaeurope.com/
  http://www.cigna.es/
  http://www.cigna.co.uk/
  http://www.cigna.com/
  https://ny.cmbchina.com/
  http://cmbny-ex13m01.ny.cmbchina.com/
  https://mail.ny.cmbchina.com/
  http://www.microsoft.com/
  http://www.geotrust.com/
  https://support.microsoft.com/
  https://www.microsoft.com/
  https://products.office.com/
  https://www.xbox.com/
  https://onedrive.live.com/
  https://outlook.live.com/
  https://www.skype.com/
  https://www.onenote.com/
  https://azure.microsoft.com/
  https://enterprise.microsoft.com/
  https://www.visualstudio.com/
  https://developer.microsoft.com/
  https://docs.microsoft.com/
  https://go.microsoft.com/
  https://www.geotrust.com/
  https://security-center.geotrust.com/
  https://products.geotrust.com/
  https://www.websecurity.symantec.com/
  https://technet.microsoft.com/
  https://www.facebook.com/
  https://twitter.com/
  https://www.linkedin.com/
  https://store.office.com/
  https://account.microsoft.com/
  https://partner.microsoft.com/
  https://msdn.microsoft.com/
  https://mva.microsoft.com/
  https://channel9.msdn.com/
  https://careers.microsoft.com/
  https://news.microsoft.com/
  https://privacy.microsoft.com/
  https://choice.microsoft.com/
  https://blogs.office.com/
  https://templates.office.com/
  https://support.office.com/
  https://www.windowsphone.com/
  https://insider.windows.com/
  https://blogs.windows.com/
  http://answers.microsoft.com/
  http://www.facebook.com/
  http://www.twitter.com/
  http://twitter.com/
  http://go.microsoft.com/
  https://www.microsoftstore.com/
  http://support.microsoft.com/
  https://www.theverge.com/
  https://d4s-catalog.azurewebsites.net/
  https://www.instagram.com/
  http://www.xbox.com/
  https://redeem.microsoft.com/
  http://xboxdesignlab.xbox.com/
  http://support.xbox.com/
  http://forums.xbox.com/
  https://support.xbox.com/
  https://community.xbox.com/
  http://account.xbox.com/
  https://account.xbox.com/
  http://feedback.xbox.com/
  http://news.xbox.com/
  https://dev.windows.com/
  http://choice.microsoft.com/
  https://support.skype.com/
  http://windows.microsoft.com/
  https://go.skype.com/
  https://secure.skype.com/
  https://office.microsoft.com/
  https://www.msn.com/
  https://www.bing.com/
  https://www.youtube.com/
  https://blogs.skype.com/
  https://officeredir.microsoft.com/
  https://aka.ms/
  https://chrome.google.com/
  https://dev.onenote.com/
  
  https://www.netflix.com/
  http://www.microsoftstore.com/
  http://news.microsoft.com/
  https://forums.hololens.com/
  https://www.microsoftevents.com/
  https://33581registration.azurewebsites.net/
