2018-01-16 14:29:34 -0500: wmap: 
  http://www.cmbchina.com/
  http://www.cmbchina.com/javascript:toGB2312()
  http://www.cmbchina.com/javascript:toBig5()
  http://english.cmbchina.com/
  https://user.cmbchina.com/iaion/iProduct/
  https://user.cmbchina.com/User/ChooseRegisterType?returnUrl=%2f
  http://branch.cmbchina.com/
  http://career.cmbchina.com/
  http://map.cmbchina.com/
  http://www.cmbchina.com/javascript:fLoginICS();
  http://www.cmbchina.com/About/SiteMap.aspx
  http://fund.cmbchina.com/
  http://fx.cmbchina.com/
  http://gold.cmbchina.com/
  http://info.cmbchina.com/
  http://www.cignacmb.com/
  http://www.cmbchina.com/cfweb
  http://info.cmbchina.com/bond
  http://www.winglungbank.com/wlbchannel.html
  http://ny.cmbchina.com/
  http://hk.cmbchina.com/
  http://branch.cmbchina.com/0010.htm
  http://branch.cmbchina.com/0021.htm
  http://sg.cmbchina.com/
  http://forum.cmbchina.com/
  http://ccclub.cmbchina.com/
  http://shop.cmbchina.com/CellTelephone/Default.aspx
  http://trip.cmbchina.com/
  http://95555.cmbchina.com/
  http://shop.cmbchina.com/
  http://www.cmbchina.com/corporate/custody/
  http://pension.cmbchina.com/
  http://150.129.193.21:8082/
  http://aionmgt.office.cmbchina.com/About/sitemap.aspx
  http://www.cmbchina.com/personal
  http://www.cmbchina.com/corporate
  http://cc.cmbchina.com/
  http://www.cmbchina.com/cmbinfo
  http://www.cmbchina.com/CustomerService/Default.aspx
  http://gongyi.cmbchina.com/Client/CommonWealActs.aspx?index=4
  https://fi.cmbchina.com/
  http://www.cmbchina.com/personal/sunflower
  http://www.cmbchina.com/privatebank
  http://fx.cmbchina.com/cgjr/
  http://www.cmbchina.com/corporate/cashmanagement
  http://www.cmbchina.com/cmbir/
  http://www.cmbchina.com/Main/NoticeInfo.aspx?guid=5c378a13-44b5-4744-9c28-40eef2de92b6
  http://t.sina.com.cn/cmbchina
  http://www.cmbchina.com/personal/credit
  http://www.cmbchina.com/personal/allinonecard
  http://www.cmbchina.com/personal/WealthAccount
  http://www.cmbchina.com/personal/ebank
  http://www.cmbchina.com/personal/living
  http://www.cmbchina.com/personal/saving
  http://www.cmbchina.com/personal/invest
  http://www.cmbchina.com/personal/netbank
  http://link.cmbchina.com/cmbfinprod/
  http://www.cmbchina.com/corporate/domestic
  http://www.cmbchina.com/corporate/international
  http://www.cmbchina.com/corporate/investment
  http://www.cmbchina.com/corporate/offshore
  http://www.cmbchina.com/corporate/custody
  http://www.cmbchina.com/corporate/pension
  http://www.cmbchina.com/cfweb/corporate/
  http://www.cmb-leasing.com/
  http://www.cmbchina.com/corporate/financial
  http://www.cmbchina.com/corporate/firmbank
  http://cc.cmbchina.com/cusservice/
  http://ccclub.cmbchina.com/ccproduct/newcustomer.aspx?WT.mc_id=N379101201012150
  http://cc.cmbchina.com/Promotion/
  http://jf.cmbchina.com/
  http://best.cmbchina.com/
  http://cc.cmbchina.com/StepShop/
  http://cc.cmbchina.com/financing/
  http://www.cmbchina.com/cmbinfo/aboutcmb/
  http://www.cmbchina.com/cmbinfo/news/
  http://www.cmbchina.com/cmbir
  http://www.cmbchina.com/cmbinfo/awards/
  http://purchase.cmbchina.com/portal/
  http://gongyi.cmbchina.com/qyzr/
  http://www.cmbchina.com/assetdisposal
  http://www.cmbchina.com/Cmb2014Web/CmbInfo/CustomerService/
  https://market.cmbchina.com/brand/cmbsunflowerindex/index.html
  http://www.cmbchina.com/MBankWeb/Promotion/PromotionDetail.aspx?id=5774d911-b615-403e-a9b6-c52ae950b193
  http://market.cmbchina.com/ccard/feichang/
  http://95555.cmbchina.com/CLoan/CmbLoan/shengyiloan.aspx?fromweb=01130001001000030003
  http://www.cmbchina.com/personal/common.aspx?pageid=20130603ydyh
  http://market.cmbchina.com/personal/sdkh_pc/index.html
  http://cc.cmbchina.com/Common/Default.aspx?pageid=zxkf1&from=zzz
  http://market.cmbchina.com/Personal/angrybird/
  https://market.cmbchina.com/personal/cmbzhangben2017/zhangben2017.html
  http://mall.cmbchina.com/promotion-4893.htm
  https://market.cmbchina.com/personal/2017travel/index.html
  http://cc.cmbchina.com/promotion/20150401_app.htm
  http://www.cmbchina.com/corporate/firmbank/FirmbankInfo.aspx?guid=d98f258e-3a3a-4967-a7e8-3eba377c7147
  http://www.cmbchina.com/main
  http://www.cmbchina.com/main/noticeinfo.aspx?guid=fe2b38e2-e333-4a30-a30a-4f30dc02ebcc
  http://www.cmbchina.com/main/noticeinfo.aspx?guid=0bfd6c06-6883-4ea9-b97c-02aff5eb3bdd
  http://www.cmbchina.com/main/noticeinfo.aspx?guid=292d07ef-dd5f-4de4-8de3-0a3c6632a57c
  http://www.cmbchina.com/main/noticeinfo.aspx?guid=ade8629b-20aa-4a66-b557-71c38d82da64
  http://www.cmbchina.com/javascript:hbwindows();
  http://www.cmbchina.com/pbankweb/download.htm
  http://www.cmbchina.com/javascript:ifinwindows();
  http://szdl.cmbchina.com/download/PBBS/PBBusinessSetup.exe
  http://www.cmbchina.com/corporate/firmbank/
  https://custody.ebank.cmbchina.com/ccss/generalentrance.aspx
  http://live.cmbchina.com/webpages/safecard/index.html
  http://www.cmbchina.com/mbankweb/
  http://www.cmbchina.com/MBankWeb/Site/
  https://u.ebank.cmbchina.com/CmbBank_MB/UI/Public/MobileBank.aspx
  http://www.cmbchina.com/mbankweb/pad/
  http://www.cmbchina.com/mbankweb/win8padbank/
  http://www.cmbchina.com/personalbank/netpay/CmbPay.htm#null
  http://www.cmbchina.com/javascript:OpenFirm()
  http://ccclub.cmbchina.com/ccproduct/newcustomer.aspx
  http://95555.cmbchina.com/CLoan/CmbLoan/shengyiloan.aspx?fromweb=01130001001000030004
  https://app.cmbchina.com/pevs/pccheck.aspx
  https://app.cmbchina.com/BranchReservation/bussindex.aspx
  http://www.cmbchina.com/CmbWebPubInfo/
  http://www.cmbchina.com/CustomerService/CustomerServiceInfo.aspx?pageid=zhbz
  http://fx.cmbchina.com/hq/
  http://gold.cmbchina.com/rate/
  http://www.cmbchina.com/CmbWebPubInfo/BondTradePrice.aspx?chnl=bondprice
  http://www.cmbchina.com/cfweb/personal/prodvalue.aspx
  http://www.cmbchina.com/CmbWebPubInfo/CmbFundRate.aspx?chnl=cmbfund
  http://www.cmbchina.com/CmbWebPubInfo/InterestRate.aspx?chnl=ckrate
  http://www.cmbchina.com/CmbWebPubInfo/CDRate.aspx?chnl=cdrate
  http://www.cmbchina.com/cfweb/CDeposit/Default.aspx
  http://www.cmbchina.com/CustomerService
  http://www.cmbchina.com/Common/QuickService.aspx
  http://www.cmbchina.com/CustomerService/CustomerServiceInfo.aspx?pageid=xzfwbd
  http://www.cmbchina.com/Customerservice/customerserviceinfo.aspx?pageid=calculator
  http://shop.cmbchina.com/celltelephone/default.aspx
  https://app.cmbchina.com/cevs
  http://www.cmbchina.com/corporate/common.aspx?pageid=contactus
  https://www.bj.cmbchina.com/bjtransweb/bfj/login.jsp
  http://www.cmbchina.com/Personal/Promotion/default.aspx
  http://www.cmbchina.com/Personal/Promotion/PrmotionInfo.aspx?guid=15f26780-fb6c-4d50-aef2-573b660a53c3
  http://www.cmbchina.com/personal/common.aspx?pageid=20171221xsth
  http://www.cmbchina.com/Personal/Promotion/PrmotionInfo.aspx?guid=4bf5d369-7ef5-4199-9ed2-2c4b84d1f175
  http://www.cmbchina.com/personal/common.aspx?pageid=20171208ysf1212
  http://www.cmbchina.com/Personal/Promotion/PrmotionInfo.aspx?guid=df2d0911-5ac0-4089-b368-e994e8ac3202
  http://www.cmbchina.com/Personal/Promotion/PrmotionInfo.aspx?guid=e1f390b9-b354-4caf-b366-b680bf686cb0
  http://cc.cmbchina.com/Promotion/DetailInfo.aspx?guid=323ec911-9ecc-4124-8dfc-fa74688ba791
  http://cc.cmbchina.com/Promotion/DetailInfo.aspx?guid=01dd9936-4bce-4bb7-b334-0ff2b6ed6dfd
  http://cc.cmbchina.com/promotion/20141202_yjxj.htm
  http://cc.cmbchina.com/Promotion/DetailInfo.aspx?guid=0d8187bc-6d4a-4599-a93d-cd3f2e9f876b
  http://cc.cmbchina.com/Promotion/DetailInfo.aspx?guid=d869e2cc-ccc1-4f3c-9c02-acd040341f9a
  http://futures.cmbchina.com/
  http://cmbchina.cignacmb.com/
  http://ccclub.cmbchina.com/ccclubnew/default.aspx
  http://www.cmbchina.com/cfweb/
  http://www.cmbchina.com/cfweb/personal/productdetail.aspx?code=6906
  http://www.cmbchina.com/cfweb/personal/productdetail.aspx?code=6902
  http://www.cmbchina.com/cfweb/personal/productdetail.aspx?code=8169
  http://www.cmbchina.com/cfweb/personal/productdetail.aspx?code=9439
  http://www.cmbchina.com/cfweb/personal/
  http://www.cmbchina.com/cfweb/Corporate/
  http://www.cmbchina.com/cfweb/Corporate/prodvalue.aspx
  http://www.cmbchina.com/cfweb/Financial/
  http://www.cmbchina.com/cfweb/Financial/prodvalue.aspx
  http://www.cmbchina.com/cfweb/personal/prodnotice.aspx
  http://www.cmbchina.com/cfweb/Corporate/prodnotice.aspx
  http://www.cmbchina.com/cfweb/Financial/prodnotice.aspx
  http://info.cmbchina.com/Financing/?channel=Financing&topic=Bank
  http://fund.cmbchina.com/openfund
  http://fund.cmbchina.com/fundpages/common/funddetail.aspx?fundid=165511
  http://fund.cmbchina.com/fundpages/common/funddetail.aspx?fundid=121006
  http://fund.cmbchina.com/fundpages/common/funddetail.aspx?fundid=090007
  http://fund.cmbchina.com/fundpages/common/funddetail.aspx?fundid=202007
  http://fund.cmbchina.com/fundpages/common/funddetail.aspx?fundid=050010
  http://fund.cmbchina.com/fundpages/common/funddetail.aspx?fundid=320006
  http://fund.cmbchina.com/fundpages/common/funddetail.aspx?fundid=080003
  http://fund.cmbchina.com/fundpages/common/funddetail.aspx?fundid=040004
  http://fund.cmbchina.com/fundpages/common/funddetail.aspx?fundid=460005
  http://fund.cmbchina.com/fundpages/common/funddetail.aspx?fundid=100038
  http://fund.cmbchina.com/FundPages/OpenFund/FundNetValue.aspx
  http://fund.cmbchina.com/company
  http://fund.cmbchina.com/closefund
  http://fund.cmbchina.com/news
  http://fund.cmbchina.com/FundPages/OpenFund/FundLeaderBoard.aspx
  http://fund.cmbchina.com/school
  http://fund.cmbchina.com/FundPages/OpenFund/MorningStarRank.aspx
  http://fund.cmbchina.com/CMBCURVE/jzqx_new.aspx
  http://fund.cmbchina.com/FundPages/OpenFund/FinancialProducts.aspx
  http://gold.cmbchina.com/Products/SearchList.aspx
  http://gold.cmbchina.com/Products/ProductDetail.aspx?PrdCode=FJ025GLD0003K0500
  http://gold.cmbchina.com/Products/ProductDetail.aspx?PrdCode=FJ026GLD0015K0010
  http://gold.cmbchina.com/Products/ProductDetail.aspx?PrdCode=FJ026GLD0004K1000
  http://www.cmbchina.com/personal/invest/InvestInfo.aspx?guid=0718e370-59e4-401f-8c08-8df749fe715c
  http://www.cmbchina.com/personal/invest/InvestInfo.aspx?guid=1a1530d9-68e3-4ca5-a920-0d3dad4b2338
  http://www.cgsec.com/cmb_price.php
  http://www.cmbchina.com/personal/invest/InvestInfo.aspx?guid=aa27662d-b024-45fd-9855-1db0b019bbf5
  http://gold.cmbchina.com/ExchangeIntro
  http://forum.cmbchina.com/cmu/viewforum.aspx?forumid=85
  http://gold.cmbchina.com/Metals/
  http://gold.cmbchina.com/invest
  http://www.cmbchina.com/personal/living/LivingInfo.aspx?pageid=ghdt
  http://www.cmbchina.com/personal/invest/InvestInfo.aspx?pageid=zhj
  http://fx.cmbchina.com/Hq/
  http://www.cmbchina.com/personal/living/LivingInfo.aspx?pageid=zzjhhk
  http://www.cmbchina.com/personal/invest/InvestInfo.aspx?guid=f3323b30-2374-45ac-b7e3-8606f12813ad
  http://www.cmbchina.com/personal/saving/SavingInfo.aspx?pageid=saving13
  http://www.cmbchina.com/Personal/Invest/WHQQ.aspx
  http://www.cmbchina.com/personal/living/LivingInfo.aspx?pageid=gjsyzzsb
  http://www.cmbchina.com/personal/living/LivingInfo.aspx?guid=af9fd53b-dc57-4690-834e-7b59f19e4e9e
  http://fx.cmbchina.com/AnalyseReview/
  http://info.cmbchina.com/Stock/List.aspx?channel=Important&topic=ZQSCXGYW
  http://info.cmbchina.com/Stock/Detail.aspx?channel=Important&topic=ZQSCXGYW&id={CBE96E0A-105D-4035-AC47-F874E1124C3A}
  http://info.cmbchina.com/Stock/Detail.aspx?channel=Important&topic=ZQSCXGYW&id={A35BA684-4535-403F-B6BE-0D86A9F88A36}
  http://info.cmbchina.com/Stock/Detail.aspx?channel=Important&topic=ZQSCXGYW&id={0AC74B99-7F9A-4F5F-820C-DE7B657582BF}
  http://info.cmbchina.com/Stock/Detail.aspx?channel=Important&topic=ZQSCXGYW&id={4A19E863-38B9-49B2-B6A3-C9DB5C144715}
  http://info.cmbchina.com/Stock/Detail.aspx?channel=Important&topic=ZQSCXGYW&id={FFBD8F1F-A30B-4844-961A-4BA3E0F28E7B}
  https://office.cmbchina.com/CmbWebPubInfo/BondTradePrice.aspx?chnl=bondprice
  http://info.cmbchina.com/Third/
  http://info.cmbchina.com/Finance/?topic=CJSP
  http://info.cmbchina.com/Finance/?topic=JRSC
  http://info.cmbchina.com/Finance/?topic=GNCJ
  http://info.cmbchina.com/Stock/List.aspx?channel=Analyse
  http://info.cmbchina.com/Stock/List.aspx?channel=Report
  http://info.cmbchina.com/Stock/List.aspx?channel=Report&topic=HYYJ
  http://info.cmbchina.com/Stock/List.aspx?channel=Analyse&topic=DPFX
  http://info.cmbchina.com/Stock/List.aspx?channel=Analyse&topic=BKFX
  http://futures.cmbchina.com/News/Detail.aspx?Type=1&GUID={220FAE31-8D7E-40A4-9B11-EE336B09522E}
  http://futures.cmbchina.com/News/Detail.aspx?Type=1&GUID={2EAC735A-A973-4C76-9D78-D78BD6BEE6EC}
  http://futures.cmbchina.com/News/Detail.aspx?Type=1&GUID={501E0AEC-DF93-4009-A153-91BE39ED27E9}
  http://futures.cmbchina.com/News/Detail.aspx?Type=1&GUID={69A4CD15-4C75-483C-B3BF-7080F1D00D56}
  http://futures.cmbchina.com/News/Detail.aspx?Type=1&GUID={D4D02466-7226-4CE8-BA0D-4E41F0D93A6C}
  http://futures.cmbchina.com/News/Trends.aspx
  http://futures.cmbchina.com/News/Default.aspx?Type=2
  http://futures.cmbchina.com/Hq/
  http://futures.cmbchina.com/Hq/IntlGoods.aspx
  http://futures.cmbchina.com/Main/CorpList.aspx
  http://futures.cmbchina.com/Common/DetailInfo.aspx?guid=801dde5e-d498-47b2-a15e-339d386806a4
  http://futures.cmbchina.com/Common/DetailInfo.aspx?guid=ee114f24-f296-474d-83bd-379f150750a1
  http://futures.cmbchina.com/Common/DetailInfo.aspx?guid=5f8049b7-e9d0-47e0-96df-3ef4584f250a
  http://futures.cmbchina.com/Common/DetailInfo.aspx?guid=6f2cbee7-a7fb-4c5b-bfa0-ef249ec3acb7
  http://futures.cmbchina.com/Common/DetailInfo.aspx?guid=bdb96392-33dd-406f-88ba-b877b1ba2d54
  http://cmbchina.cignacmb.com/product/anxiangkangjian105.html
  http://cmbchina.cignacmb.com/product/lekangwuyou.html
  http://cmbchina.cignacmb.com/product/xinyunwuyou.html
  http://cmbchina.cignacmb.com/hd/2016/mianfeixian/
  http://cmbchina.cignacmb.com/product/
  http://cmbchina.cignacmb.com/product/baiwanshouhu.html
  http://cmbchina.cignacmb.com/product/hehuzinv/
  http://cmbchina.cignacmb.com/product/xiaojinfumu/
  http://cmbchina.cignacmb.com/hd/pingce/
  http://cmbchina.cignacmb.com/hd/pingce/index.php?campaign=1AWGWR016JA07
  http://market.cmbchina.com/ccard/xd/cj.html
  http://market.cmbchina.com/ccard/xd/index.html
  http://jf.cmbchina.com/Product/A0E-00Z-005.htm
  http://shop.cmbchina.com/GameCard/Default.aspx
  http://shop.cmbchina.com/join
  http://mall.cmbchina.com/GroupBuy/GroupBuy.htm?utm_source=ywttd&utm_campaign=jpy
  http://mall.cmbchina.com/Perfect.htm?utm_source=ywttd&utm_campaign=sqsm
  http://mall.cmbchina.com/Redirect/ApplePageRedirect.aspx?path=http://store.apple.com/cn_cmb&utm_source=kzx&utm_campaign=applestore
  http://gongyi.cmbchina.com/yuejuan/index.html
  https://market.cmbchina.com/personal/familiy/index.html
  http://www.cmbchina.com/personal/living/LivingInfo.aspx?guid=14ede84e-37f4-4f48-a603-8496561da297
  http://www.cmbchina.com/personal/living/LivingInfo.aspx?guid=bde03936-36ae-435b-beac-c61d43959a05
  http://www.cmbchina.com/personal/saving/SavingInfo.aspx?guid=77cfca76-1c25-493d-b969-b0e696a2c507
  http://www.cmbchina.com/personal/credit/CreditInfo.aspx?guid=0e8f9198-9b73-4f2a-94e7-c334f5e5417c
  http://www.cmbchina.com/personal/saving/SavingInfo.aspx?guid=86652863-3ab6-4061-bf13-1ea4673d5dd0
  http://www.cmbchina.com/personal/living/LivingInfo.aspx?guid=f09fe257-85a4-41f3-b364-6411df7096fa
  http://www.cmbchina.com/personal/credit/
  http://www.cmbchina.com/corporate/international/InternationalInfo.aspx?guid=11432850-d960-4427-8d5f-85e7948d0417
  http://www.cmbchina.com/corporate/cashmanagement/
  http://www.cmbchina.com/corporate/investment/
  http://www.cmbchina.com/corporate/international/
  http://www.cmbchina.com/corporate/pension/
  http://www.cmbchina.com/corporate/offshore/
  http://www.cmbchina.com/corporate/financial/
  http://www.cmbchina.com/corporate/
  http://cc.cmbchina.com/Common/Default.aspx?pageid=zxkf3
  http://ccclub.cmbchina.com/CCProduct/newcustomer.aspx
  http://ccclub.cmbchina.com/CCProduct/Recomment.aspx
  http://ccclub.cmbchina.com/ccclubnew/index.aspx
  http://www.cmbchina.com/personal/common.aspx?pageid=20160216yst
  https://market.cmbchina.com/personal/cmbcardsafepay/index.html
  https://market.cmbchina.com/personal/20170116amkhzyz/index.html
  http://www.cmbchina.com/cmbinfo/news/newsinfo.aspx?guid=61fb287d-ec6f-4a9b-a066-85730a0b2d5b
  http://www.cmbchina.com/cmbinfo/news/newsinfo.aspx?guid=4d9e230f-ff0b-47d1-9298-5be19d88c05e
  http://www.cmbchina.com/cmbinfo/news/newsinfo.aspx?guid=79ce2e69-07d0-48e2-a43c-9271661a1b72
  http://www.cmbchina.com/cmbinfo/news/newsinfo.aspx?guid=999042e5-7591-48a0-968b-fc2bcc94e300
  http://www.cmbchina.com/cmbinfo/news/newsinfo.aspx?guid=21f4a88e-2aa5-46f5-a05b-55ab0118f7b0
  http://www.cmbchina.com/cmbinfo/news/newsinfo.aspx?guid=5ac16713-2619-4e9c-afa2-386bc059521b
  http://www.cmbchina.com/cmbinfo/news/newsinfo.aspx?guid=f0d3c027-9fb8-45e2-a7ac-e6cd89f72e99
  http://www.cmbchina.com/cmbir/DetailInfo.aspx?chnl=Announcement&id=1678
  http://www.cmbchina.com/cmbir/DetailInfo.aspx?chnl=Announcement&id=1674
  http://www.cmbchina.com/cmbir/DetailInfo.aspx?chnl=Announcement&id=1675
  http://www.cmbchina.com/cmbir/DetailInfo.aspx?chnl=Announcement&id=1676
  http://www.cmbchina.com/cmbir/DetailInfo.aspx?chnl=Announcement&id=1677
  http://www.cmbchina.com/cmbir/DetailInfo.aspx?chnl=Announcement&id=1667
  http://www.cmbchina.com/cmbir/DetailInfo.aspx?chnl=Announcement&id=1668
  http://www.cmbchina.com/webpages/certificate.htm
  http://www.cmbchina.com/about/?pageid=webnotice
  http://www.cmbchina.com/about/?pageid=privacy
  http://www.cmbchina.com/about/sitemap.aspx
  http://www.cmbchina.com/about/?pageid=goodlink
  http://www.cmbchina.com','招商银行--欢迎来到一网通主站');/javascript:AddFavorite('
  http://szcert.ebs.org.cn/418b33e0-18a9-4206-bb61-1c201322a400
  http://www.cmbchina.com/webpages/cmbsafe/index.htm
  http://www.sznet110.gov.cn/netalarm/index.jsp
  https://search.szfw.org/cert/l/CX20120110001800001833
  https://ss.knet.cn/verifyseal.dll?sn=e13073144030041836wa7c000000&ct=df&a=1&pa=500267
  http://www.miitbeian.gov.cn/
  http://english.cmbchina.com/CmbInfo/About/DetailInfo.aspx?guid=0c310cee-51b8-4de6-9ec4-96f8563e57dd
  http://english.cmbchina.com/javascript:toSearch();
  http://english.cmbchina.com/Personal
  http://english.cmbchina.com/Corporate
  http://english.cmbchina.com/Corporate/SME
  http://english.cmbchina.com/CreditCard/
  http://english.cmbchina.com/CmbInfo/
  http://english.cmbchina.com/PrivateBank/
  http://english.cmbchina.com/Personal/Allinonecard/
  http://english.cmbchina.com/Personal/Sunflower/
  http://english.cmbchina.com/Personal/Loan/
  http://english.cmbchina.com/Personal/Invest/
  http://english.cmbchina.com/Personal/Electronic/
  http://english.cmbchina.com/Personal/Saving/
  http://english.cmbchina.com/Personal/Customer/
  http://english.cmbchina.com/Corporate/CashManagement/
  http://english.cmbchina.com/Corporate/InvestBanking/
  http://english.cmbchina.com/Corporate/Domestic/
  http://english.cmbchina.com/Corporate/International/
  http://english.cmbchina.com/Corporate/Financial/
  http://english.cmbchina.com/Corporate/Offshore/
  http://english.cmbchina.com/Corporate/Custody/
  http://english.cmbchina.com/Corporate/Pension/
  http://english.cmbchina.com/Corporate/Internet/
  http://english.cmbchina.com/Corporate/Wealth/
  http://english.cmbchina.com/CmbInfo/About/
  http://english.cmbchina.com/CmbInfo/News/
  http://english.cmbchina.com/CmbIR/Home.aspx
  http://english.cmbchina.com/CmbInfo/Award/
  http://career.cmbchina.com/cmbcareer/
  http://english.cmbchina.com/#
  http://english.cmbchina.com/PrivateBank
  http://english.cmbchina.com/Corporate/Domestic
  http://english.cmbchina.com/Corporate/International
  http://english.cmbchina.com/Corporate/Financial
  http://english.cmbchina.com/Corporate/Offshore
  http://english.cmbchina.com/Corporate/CashManagement
  http://english.cmbchina.com/CreditCard
  http://english.cmbchina.com/CreditCard/DetailInfo.aspx?guid=e130177a-2cab-457f-8284-90cfd9dad556
  http://english.cmbchina.com/CreditCard/DetailInfo.aspx?guid=9a75f179-db66-4295-8072-9d4804f5ea5f
  http://english.cmbchina.com/CreditCard/DetailInfo.aspx?guid=81e25fb6-ebff-49ce-8ef8-f9081d9cc2cd
  http://english.cmbchina.com/CreditCard/DetailInfo.aspx?guid=df30bbe4-4972-47f0-a20d-ccbc45715693
  http://english.cmbchina.com/Corporate/SME/DetailInfo.aspx?guid=3247e6ab-d2cf-42ca-aa79-b52bea77de30
  http://english.cmbchina.com/Corporate/SME/DetailInfo.aspx?guid=a308bb8a-f15a-4f11-be53-c9a3f943c034
  http://english.cmbchina.com/Corporate/SME/DetailInfo.aspx?guid=40a48f4b-6590-4181-8bf2-68957678b6bf
  http://english.cmbchina.com/Corporate/SME/DetailInfo.aspx?guid=99358296-5322-47aa-9e15-b020f8714e61
  http://english.cmbchina.com/Corporate/SME/DetailInfo.aspx?guid=457795be-8a5d-43cc-a9ff-f946a3b2d511
  http://english.cmbchina.com/CmbInfo/News/DetailInfo.aspx?guid=475db44e-e974-4cc2-b3ce-1247f0132d1b
  http://english.cmbchina.com/CmbInfo/News/DetailInfo.aspx?guid=0500e0b0-79b6-4de3-af03-d7405e93f65d
  http://english.cmbchina.com/CmbInfo/News/DetailInfo.aspx?guid=882ee3f7-7cf3-4d22-98d5-35b9cf4dd649
  http://english.cmbchina.com/CmbInfo/News/DetailInfo.aspx?guid=be485a4b-b280-4854-9f47-dfdca46c0000
  http://english.cmbchina.com/CmbInfo/News/DetailInfo.aspx?guid=d9f43b7f-414f-4832-a28e-35dd79535469
  http://english.cmbchina.com/CmbInfo/News
  http://file.cmbchina.com/announcement/201801/07286c0b-7709-4979-a29b-dc8adbf4535b.pdf
  http://file.cmbchina.com/announcement/201801/8bfcb8a0-bd30-48e0-95c6-6261627aaec4.pdf
  http://file.cmbchina.com/announcement/201801/ad870383-658e-4821-bede-0d3c78936316.pdf
  http://file.cmbchina.com/announcement/201801/4963df68-fafd-430a-a0c3-077ee5f85240.pdf
  http://file.cmbchina.com/announcement/201712/25fb6832-37b0-42cc-817c-ab82f7b6a120.pdf
  http://english.cmbchina.com/CmbIR/intro.aspx?type=announcement
  http://english.cmbchina.com/javascript:hbwindows();
  http://english.cmbchina.com/javascript:cc();
  http://english.cmbchina.com/Corporate/Internet/DetailInfo.aspx?guid=f24be914-168d-4000-bcc9-bdca1191f079
  http://english.cmbchina.com/Corporate/Internet/DetailInfo.aspx?guid=cf2e12a0-aca5-423a-a47d-4174c954bf55
  http://english.cmbchina.com/Personal/Default.aspx
  http://english.cmbchina.com/Personal/Electronic/Default.aspx?guid=26db1e6e-6c35-4892-b26b-370d6c5650ab
  http://english.cmbchina.com/Personal/Electronic/Default.aspx?guid=b6090a70-ccf9-4fa7-99a3-aa89a81344d2
  http://english.cmbchina.com/Personal/Loan/DetailInfo.aspx?guid=5a138546-720b-4ce8-adc3-3971bd0b6127
  http://english.cmbchina.com/Personal/Loan/DetailInfo.aspx?guid=bf15bed6-5683-4232-856e-6972e67987fd
  http://english.cmbchina.com/Personal/Sunflower/Sunflowerzxly.aspx
  http://english.cmbchina.com/Rate/InterestRate.aspx
  http://english.cmbchina.com/Rate/ForexRates.aspx
  http://english.cmbchina.com/Rate/CorpRate.aspx
  http://english.cmbchina.com/Rate/CDRate.aspx
  http://english.cmbchina.com/Rate/GoldPrice.aspx
  http://english.cmbchina.com/Rate/OffShoreRate_HQ.aspx
  http://english.cmbchina.com/Rate/OffShoreRate_DQ.aspx
  http://english.cmbchina.com/Calculator/Cal_Saving_Per.aspx
  http://english.cmbchina.com/Common/Disclaimer.aspx
  http://english.cmbchina.com/Common/Privacy.aspx
  http://english.cmbchina.com/Common/SiteMap.aspx
  http://english.cmbchina.com','welcome to china merchants bank');/javascript:window.external.AddFavorite('http://english.cmbchina.com','Welcome to China Merchants Bank');
  https://user.cmbchina.com/User/Login?returnUrl=..%2fIdentityProvider%2fSSOResponse.ashx%3fsp%3dIAION%26ssoState%3d2eb9e02b-a7b9-4f48-a547-08ea6ae81ab6
  https://user.cmbchina.com/User/#
  https://user.cmbchina.com/User/User/Login
  https://user.cmbchina.com/User/User/ChooseRegisterType
  https://user.cmbchina.com/User/User/UsernameRecovery
  https://user.cmbchina.com/User/
  https://user.cmbchina.com/User/User/PasswordRecovery
  http://site.cmbchina.com/download/SafeEditInstall.exe
  https://user.cmbchina.com/User/User/ChooseRegisterType?returnUrl=%2f
  http://vip.cmbchina.com/
  http://weibo.com/cmbchina
  http://www.cmbchina.com/about/Default.aspx?guid=021286d3-660e-45ee-b127-86f66db33bd0
  http://www.cmbchina.com/about/Default.aspx?guid=fae5aafd-802d-4d0b-b8be-2f992bc1fdb4
  https://user.cmbchina.com/User/Cellphoneregister?returnUrl=%2f
  https://user.cmbchina.com/User/Cellphoneregister?returnUrl=%2#
  https://user.cmbchina.com/User/Cellphoneregister?returnUrl=%2User/Login
  https://user.cmbchina.com/User/Cellphoneregister?returnUrl=%2User/ChooseRegisterType
  https://user.cmbchina.com/User/Cellphoneregister?returnUrl=%2User/EmailRegister
  https://user.cmbchina.com/User/Cellphoneregister?returnUrl=%2
  http://branch.cmbchina.com/javascript:toGB2312()
  http://branch.cmbchina.com/javascript:toBig5()
  http://m.cmbchina.com/web/index.html
  http://branch.cmbchina.com/javascript:fLoginICS();
  http://www.cmbchina.com/corporate/sme
  http://www.cmbchina.com/mbankweb/site
  http://branch.cmbchina.com/0991.htm
  http://branch.cmbchina.com/0931.htm
  http://branch.cmbchina.com/0471.htm
  http://branch.cmbchina.com/0451.htm
  http://branch.cmbchina.com/0431.htm
  http://branch.cmbchina.com/0024.htm
  http://branch.cmbchina.com/0411.htm
  http://branch.cmbchina.com/0022.htm
  http://branch.cmbchina.com/0951.htm
  http://branch.cmbchina.com/0351.htm
  http://branch.cmbchina.com/0531.htm
  http://branch.cmbchina.com/0532.htm
  http://branch.cmbchina.com/0535.htm
  http://branch.cmbchina.com/0028.htm
  http://branch.cmbchina.com/0023.htm
  http://branch.cmbchina.com/0029.htm
  http://branch.cmbchina.com/0371.htm
  http://branch.cmbchina.com/0379.htm
  http://branch.cmbchina.com/0025.htm
  http://branch.cmbchina.com/0512.htm
  http://branch.cmbchina.com/0510.htm
  http://branch.cmbchina.com/0027.htm
  http://branch.cmbchina.com/0551.htm
  http://branch.cmbchina.com/0731.htm
  http://branch.cmbchina.com/0791.htm
  http://branch.cmbchina.com/0571.htm
  http://branch.cmbchina.com/0574.htm
  http://branch.cmbchina.com/0577.htm
  http://branch.cmbchina.com/0851.htm
  http://branch.cmbchina.com/0871.htm
  http://branch.cmbchina.com/0771.htm
  http://branch.cmbchina.com/0020.htm
  http://branch.cmbchina.com/0755.htm
  http://branch.cmbchina.com/0769.htm
  http://branch.cmbchina.com/0757.htm
  http://branch.cmbchina.com/0591.htm
  http://branch.cmbchina.com/0595.htm
  http://branch.cmbchina.com/0592.htm
  http://branch.cmbchina.com/0519.htm
  http://www.cmbi.com.hk/
  http://london.cmbchina.com/eng/default.aspx
  http://branch.cmbchina.com/javascript:hbwindows();
  http://branch.cmbchina.com/javascript:ifinwindows();
  http://www.cmbchina.com/mbankweb/site/
  http://live.cmbchina.com/webpages/mobilefirmbank/index.html
  http://branch.cmbchina.com/javascript:OpenFirm()
  http://95555.cmbchina.com/loan
  http://ccclub.cmbchina.com/ccclubnew/Default.aspx
  http://www.cmbchina.com/customerservice/customerserviceinfo.aspx?pageid=calculator
  http://www.cmbchina.com/cfweb/Personal/Default.aspx
  https://forum.cmbchina.com/cmu/icslogin.aspx?from=B&logincmu=0
  http://cmb.dm.allyes.com/zhxyzp/index.html
  http://career.cmbchina.com/Campus/Campus.html
  http://career.cmbchina.com/Social/Default.aspx
  http://career.cmbchina.com/Culture/Default.aspx
  http://career.cmbchina.com/Faq/Default.aspx
  http://career.cmbchina.com/Advice/Default.aspx
  http://career.cmbchina.com/javascript:__doPostBack('ctl00$left$userlogin$Login1$btnLogin','')
  http://career.cmbchina.com/User/Notice.aspx
  http://career.cmbchina.com/User/ForgetPassword.aspx
  http://career.cmbchina.com/javascript:go()
  http://career.cmbchina.com/javascript:void(0)
  http://career.cmbchina.com/javascript:bSearch()
  http://career.cmbchina.com/Bulletin.aspx
  http://career.cmbchina.com/bulletindetail.aspx?id=3373
  http://career.cmbchina.com/bulletindetail.aspx?id=3366
  http://career.cmbchina.com/bulletindetail.aspx?id=3343
  http://career.cmbchina.com/bulletindetail.aspx?id=3342
  http://career.cmbchina.com/bulletindetail.aspx?id=3338
  http://career.cmbchina.com/bulletindetail.aspx?id=3323
  http://career.cmbchina.com/bulletindetail.aspx?id=3307
  http://career.cmbchina.com/bulletindetail.aspx?id=3303
  http://career.cmbchina.com/bulletindetail.aspx?id=3322
  http://career.cmbchina.com/bulletindetail.aspx?id=3241
  http://career.cmbchina.com/Social/Position.aspx?id=13463
  http://career.cmbchina.com/Social/Position.aspx?id=13459
  http://career.cmbchina.com/Social/Position.aspx?id=13452
  http://career.cmbchina.com/Social/Position.aspx?id=11733
  http://career.cmbchina.com/Social/Position.aspx?id=13430
  http://career.cmbchina.com/Social/Position.aspx?id=13424
  http://career.cmbchina.com/Social/Position.aspx?id=13428
  http://career.cmbchina.com/Social/Position.aspx?id=13422
  http://career.cmbchina.com/Social/Position.aspx?id=13420
  http://career.cmbchina.com/Social/Position.aspx?id=11735
  http://career.cmbchina.com/PositionList.aspx?branch=&positiontype=&publishdate=&channel=social&keywords=
  http://career.cmbchina.com/PositionList.aspx?branch=&positiontype=&publishdate=&channel=student&keywords=
  http://career.cmbchina.com/Social/Position.aspx?id=12717
  http://career.cmbchina.com/Social/Position.aspx?id=12715
  http://career.cmbchina.com/Social/Position.aspx?id=13308
  http://career.cmbchina.com/Social/Position.aspx?id=13306
  http://career.cmbchina.com/Social/Position.aspx?id=13273
  http://career.cmbchina.com/Social/Position.aspx?id=10924
  http://career.cmbchina.com/Social/Position.aspx?id=10919
  http://career.cmbchina.com/Social/Position.aspx?id=10922
  http://career.cmbchina.com/Social/Position.aspx?id=13202
  http://career.cmbchina.com/Social/Position.aspx?id=13214
  http://career.cmbchina.com/PositionList.aspx?branch=&positiontype=&publishdate=&channel=longterm&keywords=
  http://career.cmbchina.com/Social/Default.aspx?branch=0755
  http://career.cmbchina.com/Social/Default.aspx?branch=0020
  http://career.cmbchina.com/Social/Default.aspx?branch=0512
  http://career.cmbchina.com/Social/Default.aspx?branch=0571
  http://career.cmbchina.com/Social/Default.aspx?branch=0791
  http://career.cmbchina.com/Social/Default.aspx?branch=0991
  http://career.cmbchina.com/Social/Default.aspx?branch=0551
  http://career.cmbchina.com/Social/Default.aspx?branch=0769
  http://career.cmbchina.com/Social/Default.aspx?branch=0311
  http://career.cmbchina.com/Social/Default.aspx?branch=0510
  http://career.cmbchina.com/Social/Default.aspx?branch=0315
  http://career.cmbchina.com/Social/Default.aspx?branch=0021z
  http://career.cmbchina.com/javascript:addFav(location.href, document.title);
  http://ins.cmbchina.com/
  http://map.cmbchina.com/javascript:fLoginICS();
  http://trip.cmbchina.com/Flight/FlightHome/Index.html
  http://map.cmbchina.com/javascript:mapcookie.deleteCookie();window.location.reload();
  http://map.cmbchina.com/javascript:searchMap();
  http://map.cmbchina.com/javascript:addFav(location.href, document.title);
  http://map.cmbchina.com/javascript:window.print();
  http://www.cmbchina.com/MBankWeb/special/?pageid=branch
  http://ccclub.cmbchina.com/ccproduct/newcustomer.aspx?WT.mc_id=N17PCGW10408944100ZH
  https://ccclub.cmbchina.com/CrdCardApply/RecommentCfm.aspx?cardsel=&WT.mc_id=M17PCGW10408945100ZH
  http://map.cmbchina.com/#fragment-b
  http://map.cmbchina.com/#fragment-c
  http://map.cmbchina.com/#fragment-a
  http://www.cmbchina.com/About/javascript:toGB2312()
  http://www.cmbchina.com/About/javascript:toBig5()
  http://www.cmbchina.com/About/javascript:fLoginICS();
  http://www.cmbchina.com/About/../CustomerService/Default.aspx
  http://www.cmbchina.com/Personal/Allinonecard/
  http://www.cmbchina.com/PrivateBank/
  http://www.cmbchina.com/personal/WealthAccount/
  http://www.cmbchina.com/personal/sunflower/
  http://www.cmbchina.com/personal/cgjr
  http://www.cmbchina.com/personal/LifeChoice
  http://www.cmbchina.com/personal/netbank/
  http://www.cmbchina.com/corporate/SME
  http://www.cmbchina.com/corporate/domestic/
  http://www.cmbchina.com/cmbir/ProductInfo.aspx?type=info&id=CSR
  http://info.cmbchina.com/Finance/
  http://info.cmbchina.com/Stock/
  http://info.cmbchina.com/Bond/
  http://info.cmbchina.com/SIF/
  http://info.cmbchina.com/Financing/Detail.aspx?channel=stockknowledge&name=sk_1
  http://forum.cmbchina.com/cmu/forumgroups.aspx?forumgroupid=12
  http://fund.cmbchina.com/exchange
  http://fund.cmbchina.com/FundPages/Commerce/CommercePlanMaterial.aspx
  http://fx.cmbchina.com/hq
  http://fx.cmbchina.com/news
  http://fx.cmbchina.com/Finance/
  http://fx.cmbchina.com/bor
  http://fx.cmbchina.com/GlobalData/
  http://gold.cmbchina.com/Products/default.aspx
  http://gold.cmbchina.com/Rate/default.aspx
  http://gold.cmbchina.com/Review/default.aspx
  http://gold.cmbchina.com/Metals/default.aspx
  http://gold.cmbchina.com/Invest/default.aspx
  http://gold.cmbchina.com/ExchangeIntro/default.aspx
  http://forum.cmbchina.com/cmu/
  http://www.cmbi.com.hk/cmbisc/index.aspx
  http://fund.cmbchina.com/FundPages/Commerce/CommerceDefault.aspx?Channel=lastnews
  http://fund.cmbchina.com/FundPages/OpenFund/CMBFundMarket.aspx
  http://fund.cmbchina.com/FundPages/OpenFund/FundCompare.aspx
  http://fund.cmbchina.com/FundPages/OpenFund/OpenFundFilter.aspx
  http://forum.cmbchina.com/cmu/viewforum.aspx?forumid=78
  http://fund.cmbchina.com/FundPages/CloseFund/CloseFundList.aspx
  http://fund.cmbchina.com/FundPages/CloseFund/FundDiscountList.aspx
  http://fund.cmbchina.com/FundPages/CloseFund/CloseFundLeaderBoard.aspx
  http://fund.cmbchina.com/FundPages/Company/FundCompanyList.aspx
  http://fund.cmbchina.com/FundPages/Company/CompanyCompare.aspx
  http://fund.cmbchina.com/FundPages/FundNews/FundNewsList.aspx?Channel=JJDT
  http://fund.cmbchina.com/FundPages/FundNews/FundNewsList.aspx?Channel=JJKS
  http://fund.cmbchina.com/FundPages/FundNews/FundNewsList.aspx?Channel=JJPS
  http://fund.cmbchina.com/FundPages/FundNews/FundNewsList.aspx?Channel=JJSP
  http://fund.cmbchina.com/FundPages/FundNews/FundNewsList.aspx?Channel=GSZJ
  http://fund.cmbchina.com/FundPages/FundNews/FundNewsList.aspx?Channel=HWJJ
  http://fund.cmbchina.com/FundPages/FundNews/FundNewsList.aspx?Channel=FLFG
  http://fund.cmbchina.com/FundPages/FundNews/FundNewsList.aspx?Channel=TJZL
  http://fund.cmbchina.com/FundPages/FundNews/FundNewsList.aspx?Channel=ZTYJ
  http://fund.cmbchina.com/FundPages/FundNews/FundNewsList.aspx?Channel=JLFT
  http://fund.cmbchina.com/FundPages/Commerce/CommercePlanEmit.aspx?Channel=waitemit
  http://fund.cmbchina.com/FundPages/Commerce/CommercePlanEmit.aspx?Channel=progressemit
  http://fund.cmbchina.com/FundPages/Commerce/CommercePlanEmit.aspx?Channel=alreadyemit
  http://fund.cmbchina.com/FundPages/Commerce/CommercePlanEmit.aspx?Channel=nearemit
  http://fund.cmbchina.com/CMBCURVE/fljj_new.aspx
  http://fund.cmbchina.com/CMBCURVE/jjjl_new.aspx
  http://fund.cmbchina.com/CMBCURVE/jjgs_new.aspx
  http://fund.cmbchina.com/CMBCURVE/jjgsgm_new.aspx
  http://fund.cmbchina.com/CMBCURVE/FundCurve_Help.aspx
  http://fund.cmbchina.com/javascript:cf_HBWindows();
  http://fund.cmbchina.com/javascript:cf_EWallet();
  http://fund.cmbchina.com/javascript:cf_IFinWindows();
  http://fund.cmbchina.com/FundPages/Calculator/FundIncome.aspx
  http://info.cmbchina.com/Cal/StockCal.aspx
  http://www.cmbchina.com/CmbWebPubInfo/Cal_Guozai.aspx?chnl=gzjsq
  http://www.cmbchina.com/CmbWebPubInfo/Cal_Loan_YG.aspx?chnl=ajdkyg
  http://www.cmbchina.com/CmbWebPubInfo/Cal_Forex.aspx?chnl=whjsq
  http://www.cmbchina.com/CmbWebPubInfo/Cal_Saving_Per.aspx?chnl=ckjsq
  http://www.cmbchina.com/CmbWebPubInfo/Cal_Loan_Per.aspx?chnl=dkjsq
  http://fund.cmbchina.com/FundPages/Common/Advinfo.aspx?advid=penghua
  http://fund.cmbchina.com/FundPages/Common/Advinfo.aspx?advid=penghuaA
  http://fund.cmbchina.com/FundPages/Common/FundDetail.aspx?FundID=240018
  http://fund.cmbchina.com/FundPages/Common/FundDetail.aspx?FundID=040009
  http://fund.cmbchina.com/FundPages/Common/FundDetail.aspx?FundID=080003
  http://fund.cmbchina.com/FundPages/Common/FundDetail.aspx?FundID=100051
  http://fund.cmbchina.com/FundPages/Common/FundDetail.aspx?FundID=340001
  http://fund.cmbchina.com/FundPages/Common/FundDetail.aspx?FundID=100038
  http://fund.cmbchina.com/FundPages/Common/FundDetail.aspx?FundID=110017
  http://fund.cmbchina.com/FundPages/Common/FundDetail.aspx?FundID=165511
  http://www.cmfchina.com/activities/DTBB_CLASS09/index.html
  http://www.efunds.com.cn/html/upd/201312/ttlc/index.html
  http://fund.cmbchina.com/FundPages/FundNews/FundNewsList.aspx
  http://fund.cmbchina.com/FundPages/OpenFund/FundMemosAndTips.aspx?Channel=JJGG
  http://fund.cmbchina.com/FundPages/OpenFund/FundMemosAndTips.aspx?Channel=DQBG
  http://fund.cmbchina.com/javascript:PopupWindow('/FundPages/FundNews/NewsDetail.aspx?GUID={428CF45C-750F-4670-811F-1DB14385B5E8}&TB=JJDTDP', 750, 500)
  http://fund.cmbchina.com/javascript:PopupWindow('/FundPages/FundNews/NewsDetail.aspx?GUID={06EF185A-DF25-4CF6-A90E-D93FC18ADB0D}&TB=JJDTDP', 750, 500)
  http://fund.cmbchina.com/javascript:PopupWindow('/FundPages/FundNews/NewsDetail.aspx?GUID={30F72A49-9128-4D5A-A6CF-02BE3355A6AF}&TB=JJDTDP', 750, 500)
  http://fund.cmbchina.com/javascript:PopupWindow('/FundPages/FundNews/NewsDetail.aspx?GUID={FECE2CB3-2C23-47EA-B6BD-70C42EBE448F}&TB=JJDTDP', 750, 500)
  http://fund.cmbchina.com/javascript:PopupWindow('/FundPages/FundNews/NewsDetail.aspx?GUID={A8AD928F-1318-48FB-94BB-FF530527C6EE}&TB=JJDTDP', 750, 500)
  http://fund.cmbchina.com/javascript:PopupWindow('/FundPages/FundNews/NewsDetail.aspx?GUID={D6E909EF-7DC7-4CE1-824E-542E09248C1D}&TB=JJDTDP', 750, 500)
  http://fund.cmbchina.com/javascript:PopupWindow('/FundPages/FundNews/NewsDetail.aspx?GUID={62A33975-34E6-42A4-A6EC-692DB12FAD9A}&TB=JJDTDP', 750, 500)
  http://fund.cmbchina.com/javascript:PopupWindow('/FundPages/FundNews/NewsDetail.aspx?GUID={CD17FF46-50C1-4F91-9C2C-226FFEED1774}&TB=JJDTDP', 750, 500)
  http://fund.cmbchina.com/javascript:PopupWindow('/FundPages/FundNews/NewsDetail.aspx?GUID={A62CB263-9EF1-4254-8C8C-2A5D2BF0AE5E}&TB=JJDTDP', 750, 500)
  http://fund.cmbchina.com/javascript:PopupWindow('/FundPages/FundNews/NewsDetail.aspx?GUID={95EC7B6B-5EB4-460E-8BA7-940C6EDCD46A}&TB=JJDTDP', 750, 500)
  http://fund.cmbchina.com/javascript:PopupWindow('/FundPages/FundNews/NewsDetail.aspx?GUID={1997DE8F-E716-481B-9929-BEF4DCB26B6B}&TB=JJDTDP', 750, 500)
  http://fund.cmbchina.com/javascript:PopupWindow('/FundPages/FundNews/NewsDetail.aspx?GUID={BAA5AD6B-8D65-49D7-BC94-EFB48AF601A4}&TB=JJDTDP', 750, 500)
  http://fund.cmbchina.com/javascript:PopupWindow('/FundPages/FundNews/NewsDetail.aspx?GUID={89218ABB-1CF3-4874-863E-BFE760E80537}&TB=JJDTDP', 750, 500)
  http://fund.cmbchina.com/javascript:PopupWindow('/FundPages/FundNews/NewsDetail.aspx?GUID={342DB7E6-158A-4A16-A917-910C09ABE52E}&TB=JJDTDP', 750, 500)
  http://fund.cmbchina.com/javascript:PopupWindow('/FundPages/FundNews/NewsDetail.aspx?GUID={282C670A-CAA0-49F4-8707-A682D16170A0}&TB=JJDTDP', 750, 500)
  http://fund.cmbchina.com/javascript:PopupWindow('/FundPages/FundNews/NewsDetail.aspx?GUID={2FD075EF-B080-4B48-96D3-2443C94FF0FD}&TB=JJQTGG', 750, 500)
  http://fund.cmbchina.com/javascript:PopupWindow('/FundPages/FundNews/NewsDetail.aspx?GUID={352432D8-3079-438F-8FBA-D99E55E937D3}&TB=JJQTGG', 750, 500)
  http://fund.cmbchina.com/javascript:PopupWindow('/FundPages/FundNews/NewsDetail.aspx?GUID={A4A0DEA3-0CB9-422B-97EB-A18636E21A14}&TB=JJQTGG', 750, 500)
  http://fund.cmbchina.com/javascript:PopupWindow('/FundPages/FundNews/NewsDetail.aspx?GUID={B18C4240-E38F-4794-B288-6FFBDA85FAC5}&TB=JJQTGG', 750, 500)
  http://fund.cmbchina.com/javascript:PopupWindow('/FundPages/FundNews/NewsDetail.aspx?GUID={D9F8ABD2-B7DE-4B5A-94F7-F96616259758}&TB=JJQTGG', 750, 500)
  http://fund.cmbchina.com/javascript:PopupWindow('/FundPages/FundNews/NewsDetail.aspx?GUID={DF0EE75B-F3C1-4A61-8CDC-988F3D1101C0}&TB=JJQTGG', 750, 500)
  http://fund.cmbchina.com/javascript:PopupWindow('/FundPages/FundNews/NewsDetail.aspx?GUID={57C270BD-9C7F-46EF-B0ED-39BDD361AFAA}&TB=JJQTGG', 750, 500)
  http://fund.cmbchina.com/javascript:PopupWindow('/FundPages/FundNews/NewsDetail.aspx?GUID={5E800EBF-4840-4D78-922A-4696112D240B}&TB=JJQTGG', 750, 500)
  http://fund.cmbchina.com/javascript:PopupWindow('/FundPages/FundNews/NewsDetail.aspx?GUID={99CD0C44-F859-4C4E-9E49-CA0B312D61FF}&TB=JJYW', 750, 500)
  http://fund.cmbchina.com/javascript:PopupWindow('/FundPages/FundNews/NewsDetail.aspx?GUID={E2D9AAFE-ABAA-499C-BE29-0DCC1F31B7D0}&TB=JJYW', 750, 500)
  http://fund.cmbchina.com/javascript:PopupWindow('/FundPages/FundNews/NewsDetail.aspx?GUID={06908E57-5182-4B05-93AB-7D13DAFFADBF}&TB=JJYW', 750, 500)
  http://fund.cmbchina.com/javascript:PopupWindow('/FundPages/FundNews/NewsDetail.aspx?GUID={337193BA-BFAD-444E-8695-FB9D8E67E28B}&TB=JJYW', 750, 500)
  http://fund.cmbchina.com/javascript:PopupWindow('/FundPages/FundNews/NewsDetail.aspx?GUID={7F6FAB17-12DC-4F72-9301-8CBC42FF3C4E}&TB=JJYW', 750, 500)
  http://fund.cmbchina.com/javascript:PopupWindow('/FundPages/FundNews/NewsDetail.aspx?GUID={77BCE54D-6DB8-442C-9B3D-0141EF7A2F70}&TB=JJYW', 750, 500)
  http://fund.cmbchina.com/javascript:PopupWindow('/FundPages/FundNews/NewsDetail.aspx?GUID={2E4FF4A0-D85E-46CE-BF39-A4DB0AD1A1AF}&TB=JJYW', 750, 500)
  http://fund.cmbchina.com/javascript:PopupWindow('/FundPages/FundNews/NewsDetail.aspx?GUID={A7865B04-82B7-4150-918C-458E26A158F3}&TB=JJYW', 750, 500)
  https://user.cmbchina.com/iaion/iProduct/MyFund.aspx
  http://fund.cmbchina.com/javascript:PopupWindow('/FundPages/FundNews/CMSNewsDetail.aspx?GUID=14413c88-0532-4229-a4fd-8bf4a894dd97')
  http://fund.cmbchina.com/javascript:PopupWindow('/FundPages/FundNews/CMSNewsDetail.aspx?GUID=e3613ecf-e184-4228-b667-4feecbcdbde3')
  http://fund.cmbchina.com/javascript:PopupWindow('/FundPages/FundNews/CMSNewsDetail.aspx?GUID=0db3f47e-a236-474f-8eff-94dba116a9c9')
  http://fund.cmbchina.com/javascript:PopupWindow('/FundPages/FundNews/CMSNewsDetail.aspx?GUID=daf4a21a-a4c6-42a4-a8d1-92863321211c')
  http://fund.cmbchina.com/javascript:PopupWindow('/FundPages/FundNews/CMSNewsDetail.aspx?GUID=afa0da24-a963-4928-9a6c-0739c5834948')
  http://fund.cmbchina.com/FundPages/Common/Advinfo.aspx?advid=yifangda
  http://fund.cmbchina.com/FundPages/OpenFund/FundLeaderBoard.aspx?FundType=EquityFund
  http://fund.cmbchina.com/FundPages/OpenFund/FundLeaderBoard.aspx?FundType=BondFund
  http://fund.cmbchina.com/FundPages/OpenFund/FundLeaderBoard.aspx?FundType=AllocationFund
  http://fund.cmbchina.com/FundPages/OpenFund/FundLeaderBoard.aspx?FundType=MonetaryFund
  http://fund.cmbchina.com/FundPages/Common/FundDetail.aspx?FundID=001410
  http://fund.cmbchina.com/FundPages/Common/FundDetail.aspx?FundID=161725
  http://fund.cmbchina.com/FundPages/Common/FundDetail.aspx?FundID=000248
  http://fund.cmbchina.com/FundPages/Common/FundDetail.aspx?FundID=110022
  http://fund.cmbchina.com/FundPages/Common/FundDetail.aspx?FundID=160632
  http://fund.cmbchina.com/FundPages/Common/FundDetail.aspx?FundID=160127
  http://fund.cmbchina.com/FundPages/Common/FundDetail.aspx?FundID=540009
  http://fund.cmbchina.com/FundPages/Common/FundDetail.aspx?FundID=217027
  http://fund.cmbchina.com/FundPages/Common/FundDetail.aspx?FundID=110027
  http://fund.cmbchina.com/FundPages/Common/FundDetail.aspx?FundID=217018
  http://fund.cmbchina.com/FundPages/Common/FundDetail.aspx?FundID=000207
  http://fund.cmbchina.com/FundPages/Common/FundDetail.aspx?FundID=050011
  http://fund.cmbchina.com/FundPages/Common/FundDetail.aspx?FundID=001031
  http://fund.cmbchina.com/FundPages/Common/FundDetail.aspx?FundID=630007
  http://fund.cmbchina.com/FundPages/Common/FundDetail.aspx?FundID=100035
  http://fund.cmbchina.com/FundPages/Common/FundDetail.aspx?FundID=001862
  http://fund.cmbchina.com/FundPages/Common/FundDetail.aspx?FundID=000619
  http://fund.cmbchina.com/FundPages/Common/FundDetail.aspx?FundID=519664
  http://fund.cmbchina.com/FundPages/Common/FundDetail.aspx?FundID=180012
  http://fund.cmbchina.com/FundPages/Common/FundDetail.aspx?FundID=070032
  http://fund.cmbchina.com/FundPages/Common/FundDetail.aspx?FundID=260108
  http://fund.cmbchina.com/FundPages/Common/FundDetail.aspx?FundID=000083
  http://fund.cmbchina.com/FundPages/Common/FundDetail.aspx?FundID=162605
  http://fund.cmbchina.com/FundPages/Common/FundDetail.aspx?FundID=003095
  http://fund.cmbchina.com/FundPages/Common/FundDetail.aspx?FundID=000903
  http://fund.cmbchina.com/FundPages/Common/FundDetail.aspx?FundID=000709
  http://fund.cmbchina.com/FundPages/Common/FundDetail.aspx?FundID=340005
  http://fund.cmbchina.com/FundPages/Common/FundDetail.aspx?FundID=003022
  http://fund.cmbchina.com/FundPages/Common/FundDetail.aspx?FundID=000434
  http://fund.cmbchina.com/FundPages/Common/FundDetail.aspx?FundID=000009
  http://fund.cmbchina.com/FundPages/Common/FundDetail.aspx?FundID=000730
  http://fund.cmbchina.com/FundPages/Common/FundDetail.aspx?FundID=000771
  http://fund.cmbchina.com/FundPages/Common/FundDetail.aspx?FundID=005409
  http://fund.cmbchina.com/FundPages/Common/FundDetail.aspx?FundID=002213
  http://fund.cmbchina.com/FundPages/Common/FundDetail.aspx?FundID=005001
  http://fund.cmbchina.com/FundPages/Common/FundDetail.aspx?FundID=005256
  http://fund.cmbchina.com/FundPages/Common/FundDetail.aspx?FundID=002281
  http://fund.cmbchina.com/FundPages/Common/FundDetail.aspx?FundID=001832
  http://fund.cmbchina.com/FundPages/Common/FundDetail.aspx?FundID=005335
  http://fund.cmbchina.com/FundPages/Common/FundDetail.aspx?FundID=005140
  http://fund.cmbchina.com/FundPages/Common/FundDetail.aspx?FundID=160644
  http://fund.cmbchina.com/FundPages/Common/FundDetail.aspx?FundID=004925
  http://fund.cmbchina.com/FundPages/Common/FundDetail.aspx?FundID=005235
  http://fund.cmbchina.com/FundPages/Common/FundDetail.aspx?FundID=005237
  http://fund.cmbchina.com/FundPages/Common/FundDetail.aspx?FundID=005239
  http://fund.cmbchina.com/FundPages/Common/FundDetail.aspx?FundID=005267
  http://fund.cmbchina.com/FundPages/Common/FundDetail.aspx?FundID=005106
  http://fund.cmbchina.com/FundPages/Common/FundDetail.aspx?FundID=004730
  http://fund.cmbchina.com/FundPages/Common/FundDetail.aspx?FundID=202211
  http://fund.cmbchina.com/FundPages/Common/FundDetail.aspx?FundID=005051
  http://fund.cmbchina.com/FundPages/Common/FundDetail.aspx?FundID=501305
  http://fund.cmbchina.com/FundPages/Common/FundDetail.aspx?FundID=005112
  http://fund.cmbchina.com/FundPages/Common/FundDetail.aspx?FundID=005062
  http://fund.cmbchina.com/FundPages/Common/FundDetail.aspx?FundID=501303
  http://fund.cmbchina.com/FundPages/Common/FundDetail.aspx?FundID=164823
  http://fund.cmbchina.com/FundPages/Common/FundDetail.aspx?FundID=005063
  http://fund.cmbchina.com/FundPages/Common/FundDetail.aspx?FundID=005246
  http://fund.cmbchina.com/FundPages/Common/FundDetail.aspx?FundID=005273
  http://fund.cmbchina.com/FundPages/Common/FundDetail.aspx?FundID=004998
  http://fund.cmbchina.com/FundPages/Common/FundDetail.aspx?FundID=161014
  http://fund.cmbchina.com/FundPages/Common/FundDetail.aspx?FundID=005243
  http://fund.cmbchina.com/FundPages/Common/FundDetail.aspx?FundID=004993
  http://fund.cmbchina.com/FundPages/Common/FundDetail.aspx?FundID=163825
  http://fund.cmbchina.com/FundPages/Common/FundDetail.aspx?FundID=005220
  http://fund.cmbchina.com/FundPages/Common/FundDetail.aspx?FundID=005161
  http://fund.cmbchina.com/FundPages/Common/FundDetail.aspx?FundID=005328
  http://fund.cmbchina.com/FundPages/Common/FundDetail.aspx?FundID=004995
  http://fund.cmbchina.com/FundPages/Common/FundDetail.aspx?FundID=005310
  http://fund.cmbchina.com/FundPages/Common/FundDetail.aspx?FundID=005268
  http://fund.cmbchina.com/FundPages/Common/FundDetail.aspx?FundID=004784
  http://fund.cmbchina.com/FundPages/Common/FundDetail.aspx?FundID=004686
  http://fund.cmbchina.com/FundPages/Common/FundDetail.aspx?FundID=004606
  http://fund.cmbchina.com/FundPages/Common/FundDetail.aspx?FundID=002959
  http://fund.cmbchina.com/FundPages/Common/FundDetail.aspx?FundID=002458
  http://fund.cmbchina.com/FundPages/Common/FundDetail.aspx?FundID=002690
  http://fund.cmbchina.com/FundPages/Common/FundDetail.aspx?FundID=002776
  http://fund.cmbchina.com/FundPages/Common/FundDetail.aspx?FundID=002789
  http://fund.cmbchina.com/FundPages/Common/FundDetail.aspx?FundID=002622
  http://fund.cmbchina.com/FundPages/Common/FundDetail.aspx?FundID=002813
  http://fund.cmbchina.com/FundPages/Common/FundDetail.aspx?FundID=519198
  http://fund.cmbchina.com/FundPages/OpenFund/OpenFundFilter.aspx?Filter=01000000
  http://fund.cmbchina.com/FundPages/OpenFund/OpenFundFilter.aspx?Filter=02000000
  http://fund.cmbchina.com/FundPages/OpenFund/OpenFundFilter.aspx?Filter=05000000
  http://fund.cmbchina.com/FundPages/OpenFund/OpenFundFilter.aspx?Filter=08000000
  http://fund.cmbchina.com/FundPages/OpenFund/OpenFundFilter.aspx?ReturnType=Return1Month
  http://fund.cmbchina.com/FundPages/OpenFund/OpenFundFilter.aspx?ReturnType=Return3Month
  http://fund.cmbchina.com/FundPages/OpenFund/OpenFundFilter.aspx?ReturnType=Return6Month
  http://fund.cmbchina.com/FundPages/OpenFund/OpenFundFilter.aspx?ReturnType=Return1Year
  http://fund.cmbchina.com/FundPages/OpenFund/OpenFundFilter.aspx?Filter=00000050
  http://fund.cmbchina.com/FundPages/OpenFund/OpenFundFilter.aspx?Filter=00000040
  http://fund.cmbchina.com/FundPages/OpenFund/OpenFundFilter.aspx?Filter=00000030
  http://fund.cmbchina.com/FundPages/OpenFund/OpenFundFilter.aspx?Filter=00000020
  http://fund.cmbchina.com/FundPages/OpenFund/OpenFundFilter.aspx?Filter=00000010
  http://fund.cmbchina.com/FundPages/OpenFund/FundNetValue.aspx?Channel=OpenFund
  http://fund.cmbchina.com/FundPages/OpenFund/FundNetValue.aspx?Channel=CurrencyFund
  http://fund.cmbchina.com/FundPages/Common/FundDetail.aspx?FundID=000011
  http://fund.cmbchina.com/FundPages/Common/FundDetail.aspx?FundID=070002
  http://fund.cmbchina.com/FundPages/Common/FundDetail.aspx?FundID=519001
  http://fund.cmbchina.com/FundPages/Common/FundDetail.aspx?FundID=110013
  http://fund.cmbchina.com/FundPages/Common/FundDetail.aspx?FundID=260104
  http://fund.cmbchina.com/FundPages/Common/FundDetail.aspx?FundID=519008
  http://fund.cmbchina.com/FundPages/Common/FundDetail.aspx?FundID=240001
  http://fund.cmbchina.com/FundPages/Common/FundDetail.aspx?FundID=160314
  http://fund.cmbchina.com/FundPages/Common/FundDetail.aspx?FundID=202101
  http://fund.cmbchina.com/FundPages/Common/FundDetail.aspx?FundID=121001
  http://fund.cmbchina.com/FundPages/Common/FundDetail.aspx?FundID=151002
  http://fund.cmbchina.com/FundPages/Common/FundDetail.aspx?FundID=510080
  http://fund.cmbchina.com/FundPages/Common/FundDetail.aspx?FundID=100018
  http://fund.cmbchina.com/FundPages/Common/FundDetail.aspx?FundID=519977
  http://fund.cmbchina.com/FundPages/Common/FundDetail.aspx?FundID=163402
  http://fund.cmbchina.com/FundPages/Common/FundDetail.aspx?FundID=070006
  http://fund.cmbchina.com/FundPages/Common/FundDetail.aspx?FundID=000595
  http://fund.cmbchina.com/FundPages/Common/FundDetail.aspx?FundID=519908
  http://fund.cmbchina.com/FundPages/Common/FundDetail.aspx?FundID=110012
  http://fund.cmbchina.com/FundPages/Common/FundDetail.aspx?FundID=160311
  http://fund.cmbchina.com/FundPages/Common/FundDetail.aspx?FundID=020005
  http://fund.cmbchina.com/FundPages/Common/FundDetail.aspx?FundID=002011
  http://fund.cmbchina.com/FundPages/Common/FundDetail.aspx?FundID=550012
  http://fund.cmbchina.com/FundPages/Common/FundDetail.aspx?FundID=001057
  http://fund.cmbchina.com/FundPages/Common/FundDetail.aspx?FundID=090023
  http://fund.cmbchina.com/FundPages/Common/FundDetail.aspx?FundID=360019
  http://fund.cmbchina.com/FundPages/Common/FundDetail.aspx?FundID=270046
  http://fund.cmbchina.com/FundPages/Common/FundDetail.aspx?FundID=090021
  http://fund.cmbchina.com/FundPages/Common/FundDetail.aspx?FundID=003003
  http://fund.cmbchina.com/FundPages/Common/FundDetail.aspx?FundID=070035
  http://fund.cmbchina.com/FundPages/Common/FundSchool.aspx
  http://fund.cmbchina.com/FundPages/Common/FundSchool.aspx?Channel=JCZS
  http://fund.cmbchina.com/FundPages/Common/FundTransaction.aspx
  http://fund.cmbchina.com/FundPages/Common/FundSchool.aspx?Channel=InformationDisclosure
  http://fund.cmbchina.com/FundPages/Common/FundSchool.aspx?Channel=TZJQ
  http://fund.cmbchina.com/FundPages/Common/FundSchool.aspx?Channel=InvestmentHighlights
  http://fund.cmbchina.com/FundPages/Common/FundSchool.aspx?Channel=dict
  http://fund.cmbchina.com/javascript:PopupWindow('/FundPages/FundNews/NewsDetail.aspx?GUID={8614C39C-168F-4FE5-9571-8845FB0322C3}&TB=JCZS', 750, 500)
  http://fund.cmbchina.com/javascript:PopupWindow('/FundPages/FundNews/NewsDetail.aspx?GUID={69F2C32F-42B2-4372-8ED6-7E1D04A7BE3D}&TB=JCZS', 750, 500)
  http://fund.cmbchina.com/javascript:PopupWindow('/FundPages/FundNews/NewsDetail.aspx?GUID={7C778783-38CF-4A2F-8376-02BEC0060F9A}&TB=JCZS', 750, 500)
  http://fund.cmbchina.com/javascript:PopupWindow('/FundPages/FundNews/NewsDetail.aspx?GUID={69B02F88-848F-4FC9-9AD4-75322196C107}&TB=JCZS', 750, 500)
  http://fund.cmbchina.com/javascript:PopupWindow('/FundPages/FundNews/NewsDetail.aspx?GUID={AB46F1C8-F0C8-4997-A6A2-F75E3BD25276}&TB=TZJQ', 750, 500)
  http://fund.cmbchina.com/javascript:PopupWindow('/FundPages/FundNews/NewsDetail.aspx?GUID={7118F80F-55D1-4571-A287-E0A6FA64B26C}&TB=TZJQ', 750, 500)
  http://fund.cmbchina.com/javascript:PopupWindow('/FundPages/FundNews/NewsDetail.aspx?GUID={A54B401E-36D2-4C2A-8EA4-59B23B1A6BD8}&TB=TZJQ', 750, 500)
  http://fund.cmbchina.com/javascript:PopupWindow('/FundPages/FundNews/NewsDetail.aspx?GUID={2B133BA3-4AD3-453A-A941-73D2FD878580}&TB=TZJQ', 750, 500)
  http://fund.cmbchina.com/FundPages/Common/FundDetail.aspx?FundID=213008
  http://fund.cmbchina.com/FundPages/Common/FundDetail.aspx?FundID=213006
  http://fund.cmbchina.com/FundPages/Common/FundDetail.aspx?FundID=213003
  http://fund.cmbchina.com/FundPages/Common/FundDetail.aspx?FundID=217004
  http://fund.cmbchina.com/FundPages/Common/FundDetail.aspx?FundID=213001
  http://fund.cmbchina.com/FundPages/Common/FundDetail.aspx?FundID=070013
  http://fund.cmbchina.com/FundPages/Common/FundDetail.aspx?FundID=050003
  http://fund.cmbchina.com/FundPages/Common/FundDetail.aspx?FundID=160505
  http://fund.cmbchina.com/javascript:addFav(location.href, document.title);
  http://fx.cmbchina.com/Products/
  http://fx.cmbchina.com/Knowledge/CDetail.aspx?topic=basic&name=k_1
  http://fx.cmbchina.com/javascript:cf_HBWindows();
  http://fx.cmbchina.com/javascript:cf_EWallet();
  http://fx.cmbchina.com/javascript:cf_WMAzybInstall();
  http://fx.cmbchina.com/Download/ClientDownload.htm
  http://www.cmbchina.com/Personal/Living/LivingInfo.aspx?guid=62972a6f-9837-49c6-a6df-aa6846dd61f6
  http://www.cmbchina.com/personal/Living/LivingInfo.aspx?guid=af9fd53b-dc57-4690-834e-7b59f19e4e9e
  http://www.cmbchina.com/mbankweb
  http://www.cmbchina.com/personal/Living/LivingInfo.aspx?guid=f09fe257-85a4-41f3-b364-6411df7096fa
  http://www.cmbchina.com/personal/Living/LivingInfo.aspx?guid=bde03936-36ae-435b-beac-c61d43959a05
  http://fx.cmbchina.com/News/?topic=FRX
  http://fx.cmbchina.com/News/?topic=ECI
  http://fx.cmbchina.com/News/?topic=CEN
  http://fx.cmbchina.com/AnalyseReview/?topic=ANALYSE
  http://fx.cmbchina.com/javascript:openHq();
  http://fx.cmbchina.com/GlobalData/?topic=1045
  http://fx.cmbchina.com/GlobalData/?topic=1046
  http://fx.cmbchina.com/GlobalData/?topic=1049
  http://fx.cmbchina.com/GlobalData/?topic=1047
  http://fx.cmbchina.com/GlobalData/?topic=1044
  http://fx.cmbchina.com/GlobalData/?topic=1043
  http://fx.cmbchina.com/GlobalData/?topic=1048
  http://fx.cmbchina.com/GlobalData/?topic=1050
  http://fx.cmbchina.com/Knowledge/CDetail.aspx?topic=index&name=k_2
  http://fx.cmbchina.com/Knowledge/CDetail.aspx?topic=symbol&name=k_3
  http://fx.cmbchina.com/Knowledge/?topic=theory
  http://fx.cmbchina.com/Knowledge/CDetail.aspx?topic=qa&name=k_4
  http://fx.cmbchina.com/Knowledge/List.aspx?topic=jczs&subtype=汇市
  http://fx.cmbchina.com/Knowledge/List.aspx?topic=tzjq&subtype=汇市
  http://fx.cmbchina.com/javascript:addFav(location.href, document.title);
  http://gold.cmbchina.com/Energy/default.aspx
  http://gold.cmbchina.com/Products/default.aspx?products=yjt
  http://www.cmbchina.com/corporate/firmbank/FirmbankInfo.aspx?pageid=liucheng
  http://gold.cmbchina.com/javascript:EWallet();
  http://gold.cmbchina.com/javascript:hbwindows();
  http://121.15.172.132/download/gold/GoldClient.exe
  http://szdl.cmbchina.com/download/other/cmbc.exe
  http://www.cmbchina.com/personal/invest/InvestInfo.aspx?guid=4e148bbf-19ff-4662-a923-eaa2030549e4
  http://gold.cmbchina.com/Review/Default.aspx?topic=goldanalyse
  http://gold.cmbchina.com/Review/Detail.aspx?topic=goldanalyse&id=8925373
  http://gold.cmbchina.com/Review/Detail.aspx?topic=goldanalyse&id=8925104
  http://gold.cmbchina.com/Review/Detail.aspx?topic=goldanalyse&id=8924678
  http://gold.cmbchina.com/Review/Detail.aspx?topic=goldanalyse&id=8924510
  http://gold.cmbchina.com/Review/Detail.aspx?topic=goldanalyse&id=8924509
  http://gold.cmbchina.com/Review/default.aspx?topic=goldcomment
  http://gold.cmbchina.com/Review/Detail.aspx?topic=goldcomment&id={4CC23B59-B7C5-4A8D-BE95-5CC0DBEB0D00}
  http://gold.cmbchina.com/Review/Detail.aspx?topic=goldcomment&id={1676846D-63B3-4242-96EC-25EF6D24B14B}
  http://gold.cmbchina.com/Review/Detail.aspx?topic=goldcomment&id={C6E23987-5600-41E1-AD47-8990B7E32BDC}
  http://gold.cmbchina.com/Review/Detail.aspx?topic=goldcomment&id={615284E1-2068-4EE9-A786-5CE8D44C3C16}
  http://gold.cmbchina.com/Review/Detail.aspx?topic=goldcomment&id={647FDBF8-F549-47C2-A940-C17B3EEE4582}
  http://gold.cmbchina.com/Review/default.aspx?topic=foreignreview
  http://gold.cmbchina.com/Review/Detail.aspx?topic=foreignreview&id=414134
  http://gold.cmbchina.com/Review/Detail.aspx?topic=foreignreview&id=414046
  http://gold.cmbchina.com/Review/Detail.aspx?topic=foreignreview&id=414012
  http://gold.cmbchina.com/Review/Detail.aspx?topic=foreignreview&id=413989
  http://gold.cmbchina.com/Review/Detail.aspx?topic=foreignreview&id=413951
  http://gold.cmbchina.com/Metals/default.aspx?topic=by
  http://gold.cmbchina.com/Metals/Details.aspx?topic=by&id=8924652
  http://gold.cmbchina.com/Metals/Details.aspx?topic=by&id=8924510
  http://gold.cmbchina.com/Metals/Details.aspx?topic=by&id=8924062
  http://gold.cmbchina.com/Metals/Details.aspx?topic=by&id=8924907
  http://gold.cmbchina.com/Metals/Details.aspx?topic=by&id=8924197
  http://www.cmbchina.com/personal/invest/InvestInfo.aspx?pageid=zcj
  http://www.cmbchina.com/personal/invest/InvestInfo.aspx?guid=3ecb10f0-3994-4f8c-9a64-6e623ca3649e
  http://gold.cmbchina.com/Invest/Details.aspx?topic=goldknowledge&id={49DE861D-5C62-42D8-A318-111E31424A8A}
  http://gold.cmbchina.com/Invest/Details.aspx?topic=goldknowledge&id={8CCF7F9F-D7B9-4C75-8FD4-054A4179D0E9}
  http://gold.cmbchina.com/ExchangeIntro/default.aspx?exchange=shanghai
  http://gold.cmbchina.com/ExchangeIntro/default.aspx?exchange=newyork
  http://gold.cmbchina.com/ExchangeIntro/default.aspx?exchange=tokyo
  http://gold.cmbchina.com/ExchangeIntro/default.aspx?exchange=london
  http://gold.cmbchina.com/javascript:addFav(location.href, document.title);
  http://info.cmbchina.com/Stock/List.aspx?channel=New
  http://info.cmbchina.com/Stock/List.aspx?channel=Global
  http://info.cmbchina.com/SIF/?topic=QHPLYBG
  http://info.cmbchina.com/Stock/List.aspx?channel=Analyse&topic=JJDTYDP
  http://info.cmbchina.com/Stock/List.aspx?channel=Report&topic=HGJJYJ
  http://info.cmbchina.com/Bond/List.aspx?channel=News&topic=ZQDT
  http://info.cmbchina.com/Bond/List.aspx?channel=News&topic=GJZS
  http://info.cmbchina.com/Stock/List.aspx?channel=DayRead&topic=TBTS
  http://info.cmbchina.com/Stock/List.aspx?channel=Important
  http://info.cmbchina.com/Stock/Single/
  http://info.cmbchina.com/Stock/List.aspx?channel=Mac
  http://info.cmbchina.com/Bond/List.aspx?channel=DayTip
  http://info.cmbchina.com/Bond/List.aspx?channel=News
  http://info.cmbchina.com/Bond/Pzs/
  http://info.cmbchina.com/Bond/Jys/?zqlx=国债
  http://info.cmbchina.com/Financing/Detail.aspx?channel=bondknowledge&name=bond_zqcd
  http://info.cmbchina.com/Bond/List.aspx?channel=Exchange&topic=FLFG
  http://www.cmbchina.com/personal/invest/InvestInfo.aspx?guid=be95b661-f054-49e4-af97-3fc39a66a3c3
  http://info.cmbchina.com/Third/Traders.aspx
  http://info.cmbchina.com/Finance/?topic=GJCJ
  http://info.cmbchina.com/Finance/?topic=GATCJ
  http://info.cmbchina.com/Finance/?topic=DFCJ
  http://info.cmbchina.com/SIF/?topic=QHXW
  http://info.cmbchina.com/SIF/?topic=CRU
  http://info.cmbchina.com/SIF/?topic=JCZS
  http://info.cmbchina.com/javascript:cf_HBWindows();
  http://info.cmbchina.com/HKStockTrade/Login.aspx
  https://user.cmbchina.com/iaion/iProduct/MyInfo.aspx
  http://info.cmbchina.com/javascript:searchByGpKeyword();
  http://info.cmbchina.com/Stock/Single/?t=sza
  http://info.cmbchina.com/Stock/Single/?t=szb
  http://info.cmbchina.com/Stock/Single/?t=sha
  http://info.cmbchina.com/Stock/Single/?t=shb
  http://info.cmbchina.com/Stock/Single/QZ.aspx
  http://info.cmbchina.com/javascript:searchByZqKeyword();
  http://info.cmbchina.com/Bond/Jys/?topic=sh&zqlx=国债
  http://info.cmbchina.com/Bond/Jys/?topic=sz&zqlx=国债
  http://info.cmbchina.com/Download/?topic=download
  http://i.cmbchina.com/Finance
  http://shop.cmbchina.com/shop/chonghuafei.aspx
  http://shop.cmbchina.com/shop/caipiao.aspx
  http://info.cmbchina.com/Stock/Detail.aspx?Channel=Important&topic=ZQSCXGYW&id={1C751B71-9CF3-4EC0-B123-848514B168E3}
  http://info.cmbchina.com/Stock/Detail.aspx?Channel=Important&topic=ZQSCXGYW&id={E49B588D-6949-4A05-A2D9-2A30E8D781EF}
  http://info.cmbchina.com/Stock/Detail.aspx?Channel=Important&topic=ZQSCXGYW&id={D8C72CF3-29F7-453A-B236-29335327E3BF}
  http://info.cmbchina.com/Stock/Detail.aspx?Channel=Important&topic=ZQSCXGYW&id={93E078FA-9423-49F9-BD41-B7E1D8259ACF}
  http://info.cmbchina.com/Stock/Detail.aspx?Channel=Important&topic=ZQSCXGYW&id={C744AF10-0CF8-402F-9665-57E27A0688DC}
  http://info.cmbchina.com/Stock/Detail.aspx?Channel=Important&topic=ZQSCXGYW&id={CD4FFFEC-BE21-4612-9A56-B341BD0F8966}
  http://info.cmbchina.com/Stock/Detail.aspx?Channel=Analyse&topic=DPFX&id={3BBCCC7F-6D48-4AE2-98A9-97F06A4E7BD4}
  http://info.cmbchina.com/Stock/Detail.aspx?Channel=Analyse&topic=DPFX&id={0B49541A-1D9F-4C51-ADAA-BE965BBBDBE2}
  http://info.cmbchina.com/Stock/Detail.aspx?Channel=Analyse&topic=DPFX&id={916A1840-14E0-4195-9FF3-B266FA633905}
  http://info.cmbchina.com/Stock/Detail.aspx?Channel=Analyse&topic=DPFX&id={B1664110-B687-4A50-8006-E98494AA95C5}
  http://info.cmbchina.com/Stock/Detail.aspx?Channel=Analyse&topic=DPFX&id={7C4C12E2-F51C-487E-8F7A-22F30354EC44}
  http://info.cmbchina.com/Finance/Detail.aspx?topic=GNCJ&id={FC10BD28-6BB7-41ED-81C6-ED89AD1AA559}
  http://info.cmbchina.com/Finance/Detail.aspx?topic=GNCJ&id={C423B254-B642-4930-B5A4-82EA861148EC}
  http://info.cmbchina.com/Finance/Detail.aspx?topic=GNCJ&id={8E53D904-570B-45C4-B808-151930EE79E2}
  http://info.cmbchina.com/Finance/Detail.aspx?topic=GNCJ&id={5E1F76A8-55B9-4576-A1F5-B859FD04EA92}
  http://info.cmbchina.com/Finance/Detail.aspx?topic=GJCJ&id={9DD9BD84-93CC-4668-B7AF-658574CC3135}
  http://info.cmbchina.com/Stock/List.aspx?channel=Global&topic=STX
  http://info.cmbchina.com/Stock/Detail.aspx?Channel=Global&topic=STX&id=414122
  http://info.cmbchina.com/Stock/Detail.aspx?Channel=Global&topic=STX&id=414120
  http://info.cmbchina.com/Stock/Detail.aspx?Channel=Global&topic=STX&id=414115
  http://info.cmbchina.com/Stock/Detail.aspx?Channel=Global&topic=STX&id=414110
  http://info.cmbchina.com/Stock/Detail.aspx?Channel=Global&topic=STX&id=414102
  http://info.cmbchina.com/Stock/List.aspx?channel=Important&topic=GSBD
  http://info.cmbchina.com/Stock/Detail.aspx?channel=Important&topic=GSBD&id={F6C44EB8-1FD9-40DC-970A-5D6B5AED98B1}
  http://info.cmbchina.com/Stock/Detail.aspx?channel=Important&topic=GSBD&id={AB634BFA-E38A-45B6-800D-2D1277E230CB}
  http://info.cmbchina.com/Stock/Detail.aspx?channel=Important&topic=GSBD&id={92D3AE9D-DB8A-4E1F-A003-47D525414A29}
  http://info.cmbchina.com/Stock/Detail.aspx?channel=Important&topic=GSBD&id={913F47E5-E47D-4EEB-8F2A-CD568C22DE90}
  http://info.cmbchina.com/Stock/Detail.aspx?channel=Important&topic=GSBD&id={72941208-3FA8-49DA-A69A-DD1D2258683E}
  http://info.cmbchina.com/Bond/List.aspx?channel=News&topic=ZQFX
  http://info.cmbchina.com/Bond/Detail.aspx?Channel=News&topic=ZQFX&id={D61A963F-A8C9-4ACC-912B-8A748E707C10}
  http://info.cmbchina.com/Bond/Detail.aspx?Channel=News&topic=ZQFX&id={FE4389D0-34F0-43B9-A90E-46FCD6F88C19}
  http://info.cmbchina.com/Bond/Detail.aspx?Channel=News&topic=ZQFX&id={1F9B281B-3116-4797-A38D-948E0B0624D8}
  http://info.cmbchina.com/Bond/Detail.aspx?Channel=News&topic=ZQFX&id={9CC4512D-0F8D-4B99-A172-DDDE55454A81}
  http://info.cmbchina.com/Bond/Detail.aspx?Channel=News&topic=ZQFX&id={8FE830C5-54C3-4FFD-9094-A08217F1DDD7}
  http://info.cmbchina.com/Stock/Detail.aspx?channel=DayRead&topic=JRSDZQBBTXW&id={C708DE98-DEF3-401C-BF88-81A46DCE3153}
  http://info.cmbchina.com/Bond/List.aspx?channel=DayTip&topic=ZQGG
  http://www.cmbchina.com/personal/invest/InvestInfo.aspx?guid=132ff95c-3648-414d-b6a4-9371520a1ecf
  http://info.cmbchina.com/Financing/?channel=Financing&topic=FLFG
  http://www.cmbchina.com/CustomerService/
  http://info.cmbchina.com/javascript:addFav(location.href, document.title);
  http://www.cignacmb.com/mobile.html
  http://www.cignacmb.com/hmsapp/index.html
  http://weibo.com/u/3546314801
  http://www.cignacmb.com/xinxi/jibenxinxi/gaikuang.html
  http://www.cignacmb.com/tmxinxi/
  http://www.cignacmb.com/webxinxi/baoxianxinxi/gaikuang.html
  https://member.cignacmb.com/
  http://www.cignacmb.com/service/lpsqlc.html
  https://member.cignacmb.com/pc-service/policy.xhtml
  https://member.cignacmb.com/pc-service/policy/order.xhtml
  https://member.cignacmb.com/pc-service/rights/enterRights.xhtml
  https://member.cignacmb.com/login.xhtml
  https://member.cignacmb.com/register.xhtml
  https://member.cignacmb.com/logout.xhtml
  http://www.cignacmb.com/insurance
  http://www.cignacmb.com/insurance/jiankang/
  http://www.cignacmb.com/shop/dd6.html
  http://www.cignacmb.com/shop/zhongjixiandd5.html
  http://www.cignacmb.com/shop/zhuyuanxianlk.html
  http://www.cignacmb.com/shop/shengminshu.html
  http://www.cignacmb.com/shop/zsrs.html
  http://www.cignacmb.com/insurance/shaoer/
  http://www.cignacmb.com/shop/zawl.html
  http://www.cignacmb.com/shop/shaoerxian.html
  http://www.cignacmb.com/shop/shaoerzhongjixian.html
  http://www.cignacmb.com/insurance/yiwai/
  http://www.cignacmb.com/shop/bwsh.html
  http://www.cignacmb.com/shop/xinyunwuyou3.html
  http://www.cignacmb.com/insurance/toulianxian/
  http://www.cignacmb.com/shop/zylh.html
  http://www.cignacmb.com/insurance/renshou/
  http://www.cignacmb.com/shop/laoyouanxin.html
  http://www.cignacmb.com/insurance/wdtb
  http://www.cignacmb.com/insurance/
  http://www.cignacmb.com/corporateclient/advantage.html
  http://www.cignacmb.com/service/
  http://www.cignacmb.com/about/
  http://www.cignacmb.com/shop/huodong/2018fudai.html?iq_id=fudai
  http://esales.cignacmb.com/pc/views/zawl/dtc/index.html?cc=1GG7HOSEOPCXAAE17&iq_id=7000000&product=PCXT
  http://www.cignacmb.com/campaign/ehbq/index.html
  http://www.cignacmb.com/shop/huodong/yiwaixian.html
  http://www.cignacmb.com/shop/man.html
  http://www.cignacmb.com/shop/woman.html
  http://www.cignacmb.com/shop/baby.html
  http://www.cignacmb.com/shop/aged.html
  http://www.cignacmb.com/insurance/jinjijiuyuan.html
  http://www.cignacmb.com/newsletter/year_2016_lpbg/index.php
  http://www.cignacmb.com/service/bgxz.html
  http://www.cignacmb.com/newsletter/lipei/201612/
  http://www.cignacmb.com/service/lpdy.html
  http://www.cignacmb.com/sc/doc/xiazai/lipei/suopeiziliaozhunbeiduizhaobiao-2016.pdf
  http://www.cignacmb.com/service/grxxbg.html
  http://www.cignacmb.com/service/grxxbg.html#bdxxgb
  http://www.cignacmb.com/service/grxxbg.html#lqkxzy
  http://www.cignacmb.com/service/grxxbg.html#tzljcp
  http://www.cignacmb.com/insurance/deyl.html
  http://www.cignacmb.com/insurance/jiankangguanli.html
  http://www.cignacmb.com/insurance/dianhua.html
  http://www.cignacmb.com/insurance/dianhuays.html
  http://www.cignacmb.com/insurance/zyxietiao.html
  http://www.cignacmb.com/insurance/zjmz.html
  http://www.cignacmb.com/insurance/aishai.html
  http://www.cignacmb.com/insurance/laonianren.html
  http://www.cignacmb.com/insurance/jinjijiuyuanet.html
  http://www.cignacmb.com/service/tlxdwjgcx.html
  http://www.cignacmb.com/service/wnxljll.html
  http://www.cignacmb.com/zixun/
  http://www.cignacmb.com/faq/
  http://www.cignacmb.com/baoxianzhishi/
  http://www.cignacmb.com/baoxiananli/
  http://www.cignacmb.com/faq/20180116023.html
  http://www.cignacmb.com/faq/20180116022.html
  http://www.cignacmb.com/faq/20180116021.html
  http://www.cignacmb.com/faq/20180116020.html
  http://www.cignacmb.com/faq/20180116019.html
  http://www.cignacmb.com/faq/20180116018.html
  http://www.cignacmb.com/faq/20180116017.html
  http://www.cignacmb.com/javascript:void(0);
  http://www.cignacmb.com/baoxianzhishi/yiliao/
  http://www.cignacmb.com/baoxianzhishi/shaoer/
  http://www.cignacmb.com/baoxianzhishi/yiwai/
  http://www.cignacmb.com/baoxianzhishi/lvyou/
  http://www.cignacmb.com/baoxianzhishi/toulianxian/
  http://www.cignacmb.com/baoxianzhishi/yanglao/
  http://www.cignacmb.com/baoxianzhishi/qita/
  http://www.cignacmb.com/baoxianzhishi/yiliao/20180116008.html
  http://www.cignacmb.com/baoxianzhishi/yiliao/20180116007.html
  http://www.cignacmb.com/baoxianzhishi/yiliao/20180116002.html
  http://www.cignacmb.com/baoxianzhishi/yiliao/20180112007.html
  http://www.cignacmb.com/baoxianzhishi/yiliao/20180111008.html
  http://www.cignacmb.com/baoxianzhishi/yiliao/20180111006.html
  http://www.cignacmb.com/baoxianzhishi/yiliao/20180111003.html
  http://www.cignacmb.com/baoxianzhishi/yiliao/20180111001.html
  http://www.cignacmb.com/baoxianzhishi/shaoer/20180116003.html
  http://www.cignacmb.com/baoxianzhishi/shaoer/20180116001.html
  http://www.cignacmb.com/baoxianzhishi/shaoer/20180112010.html
  http://www.cignacmb.com/baoxianzhishi/shaoer/20180112002.html
  http://www.cignacmb.com/baoxianzhishi/shaoer/20180111004.html
  http://www.cignacmb.com/baoxianzhishi/shaoer/20180110014.html
  http://www.cignacmb.com/baoxianzhishi/shaoer/20180110009.html
  http://www.cignacmb.com/baoxianzhishi/shaoer/20180108010.html
  http://www.cignacmb.com/baoxianzhishi/yiwai/20180116006.html
  http://www.cignacmb.com/baoxianzhishi/yiwai/20180112008.html
  http://www.cignacmb.com/baoxianzhishi/yiwai/20180111007.html
  http://www.cignacmb.com/baoxianzhishi/yiwai/20180111005.html
  http://www.cignacmb.com/baoxianzhishi/yiwai/20180110012.html
  http://www.cignacmb.com/baoxianzhishi/yiwai/20180110011.html
  http://www.cignacmb.com/baoxianzhishi/yiwai/20180108008.html
  http://www.cignacmb.com/baoxianzhishi/yiwai/20180108004.html
  http://www.cignacmb.com/baoxianzhishi/lvyou/20180112006.html
  http://www.cignacmb.com/baoxianzhishi/lvyou/20180111002.html
  http://www.cignacmb.com/baoxianzhishi/lvyou/20180108005.html
  http://www.cignacmb.com/baoxianzhishi/lvyou/20180108002.html
  http://www.cignacmb.com/baoxianzhishi/lvyou/20180102002.html
  http://www.cignacmb.com/baoxianzhishi/lvyou/20180102001.html
  http://www.cignacmb.com/baoxianzhishi/lvyou/20171220004.html
  http://www.cignacmb.com/baoxianzhishi/lvyou/20171219006.html
  http://www.cignacmb.com/baoxianzhishi/toulianxian/20171128005.html
  http://www.cignacmb.com/baoxianzhishi/toulianxian/20171115007.html
  http://www.cignacmb.com/baoxianzhishi/toulianxian/20171115006.html
  http://www.cignacmb.com/baoxianzhishi/toulianxian/20171115005.html
  http://www.cignacmb.com/baoxianzhishi/toulianxian/20171113016.html
  http://www.cignacmb.com/baoxianzhishi/toulianxian/20171113017.html
  http://www.cignacmb.com/baoxianzhishi/toulianxian/201711130171.html
  http://www.cignacmb.com/baoxianzhishi/toulianxian/20170928011.html
  http://www.cignacmb.com/baoxianzhishi/yanglao/20180116005.html
  http://www.cignacmb.com/baoxianzhishi/yanglao/20180116004.html
  http://www.cignacmb.com/baoxianzhishi/yanglao/20180112009.html
  http://www.cignacmb.com/baoxianzhishi/yanglao/20180108009.html
  http://www.cignacmb.com/baoxianzhishi/yanglao/20180108007.html
  http://www.cignacmb.com/baoxianzhishi/yanglao/20180105001.html
  http://www.cignacmb.com/baoxianzhishi/yanglao/20180104014.html
  http://www.cignacmb.com/baoxianzhishi/yanglao/20180104012.html
  http://www.cignacmb.com/baoxianzhishi/qita/20180116013.html
  http://www.cignacmb.com/baoxianzhishi/qita/20180116012.html
  http://www.cignacmb.com/baoxianzhishi/qita/20180116011.html
  http://www.cignacmb.com/baoxianzhishi/qita/20180116010.html
  http://www.cignacmb.com/baoxianzhishi/qita/20180116009.html
  http://www.cignacmb.com/baoxianzhishi/qita/20180115004.html
  http://www.cignacmb.com/baoxianzhishi/qita/20180115003.html
  http://www.cignacmb.com/baoxianzhishi/qita/20180115002.html
  http://www.cignacmb.com/baoxiananli/shaoer/
  http://www.cignacmb.com/baoxiananli/yiwai/
  http://www.cignacmb.com/baoxiananli/lvyou/
  http://www.cignacmb.com/baoxiananli/toulianxian/
  http://www.cignacmb.com/baoxiananli/yanglao/
  http://www.cignacmb.com/baoxiananli/yiliao/
  http://www.cignacmb.com/baoxiananli/qita/
  http://www.cignacmb.com/baoxiananli/shaoer/20180115013.html
  http://www.cignacmb.com/baoxiananli/shaoer/20180115006.html
  http://www.cignacmb.com/baoxiananli/shaoer/20180104002.html
  http://www.cignacmb.com/baoxiananli/shaoer/20171215006.html
  http://www.cignacmb.com/baoxiananli/shaoer/20171207015.html
  http://www.cignacmb.com/baoxiananli/shaoer/20171206032.html
  http://www.cignacmb.com/baoxiananli/shaoer/20171205011.html
  http://www.cignacmb.com/baoxiananli/shaoer/20171205004.html
  http://www.cignacmb.com/baoxiananli/yiwai/20180115007.html
  http://www.cignacmb.com/baoxiananli/yiwai/20180104005.html
  http://www.cignacmb.com/baoxiananli/yiwai/20180104001.html
  http://www.cignacmb.com/baoxiananli/yiwai/20180103003.html
  http://www.cignacmb.com/baoxiananli/yiwai/20180103001.html
  http://www.cignacmb.com/baoxiananli/yiwai/20171222003.html
  http://www.cignacmb.com/baoxiananli/yiwai/20171222001.html
  http://www.cignacmb.com/baoxiananli/yiwai/20171207014.html
  http://www.cignacmb.com/baoxiananli/lvyou/20180104003.html
  http://www.cignacmb.com/baoxiananli/lvyou/20171207013.html
  http://www.cignacmb.com/baoxiananli/lvyou/20171206027.html
  http://www.cignacmb.com/baoxiananli/lvyou/20171204013.html
  http://www.cignacmb.com/baoxiananli/lvyou/20171114013.html
  http://www.cignacmb.com/baoxiananli/lvyou/20171114010.html
  http://www.cignacmb.com/baoxiananli/lvyou/20171113027.html
  http://www.cignacmb.com/baoxiananli/lvyou/20170928004.html
  http://www.cignacmb.com/baoxiananli/toulianxian/20171114014.html
  http://www.cignacmb.com/baoxiananli/toulianxian/20170913004.html
  http://www.cignacmb.com/baoxiananli/toulianxian/20170804022.html
  http://www.cignacmb.com/baoxiananli/toulianxian/20170706007.html
  http://www.cignacmb.com/baoxiananli/toulianxian/20170706005.html
  http://www.cignacmb.com/baoxiananli/toulianxian/20170630010.html
  http://www.cignacmb.com/baoxiananli/toulianxian/20170630011.html
  http://www.cignacmb.com/baoxiananli/toulianxian/20170630017.html
  http://www.cignacmb.com/baoxiananli/yanglao/20171207012.html
  http://www.cignacmb.com/baoxiananli/yanglao/20171207011.html
  http://www.cignacmb.com/baoxiananli/yanglao/20171205013.html
  http://www.cignacmb.com/baoxiananli/yanglao/20171121016.html
  http://www.cignacmb.com/baoxiananli/yanglao/20171121013.html
  http://www.cignacmb.com/baoxiananli/yanglao/20171121007.html
  http://www.cignacmb.com/baoxiananli/yanglao/20171114007.html
  http://www.cignacmb.com/baoxiananli/yanglao/20171114004.html
  http://www.cignacmb.com/baoxiananli/yiliao/20180115011.html
  http://www.cignacmb.com/baoxiananli/yiliao/20180115009.html
  http://www.cignacmb.com/baoxiananli/yiliao/20180115008.html
  http://www.cignacmb.com/baoxiananli/yiliao/20180115005.html
  http://www.cignacmb.com/baoxiananli/yiliao/20180104007.html
  http://www.cignacmb.com/baoxiananli/yiliao/20180104008.html
  http://www.cignacmb.com/baoxiananli/yiliao/20180104006.html
  http://www.cignacmb.com/baoxiananli/yiliao/20180104004.html
  http://www.cignacmb.com/baoxiananli/qita/20180115012.html
  http://www.cignacmb.com/baoxiananli/qita/20180115010.html
  http://www.cignacmb.com/baoxiananli/qita/20171201014.html
  http://www.cignacmb.com/baoxiananli/qita/20171114012.html
  http://www.cignacmb.com/baoxiananli/qita/20170913028.html
  http://www.cignacmb.com/baoxiananli/qita/20170913027.html
  http://www.cignacmb.com/baoxiananli/qita/20170913014.html
  http://www.cignacmb.com/baoxiananli/qita/20170907012.html
  http://www.cignacmb.com/zhuanti/nvxingjiankangxian.html
  http://www.cignacmb.com/zhuanti/nianjinjiaoyubaoxina.html
  http://www.cignacmb.com/zhuanti/shebaokamaibaoxain.html
  http://www.cignacmb.com/zhuanti/buchongyanglaobaox.html
  http://www.cignacmb.com/zhuanti/tuantiyiwaibaoxian.html
  http://www.cignacmb.com/news/gongsi/
  http://www.cignacmb.com/news/gonggao/
  http://www.cignacmb.com/news/hangye/
  http://www.cignacmb.com/news/gongsi/2017/2017120701.html
  http://www.cignacmb.com/news/gongsi/2017/2017122001.html
  http://www.cignacmb.com/news/gongsi/2017/2017121201.html
  http://www.cignacmb.com/news/gongsi/2017/2017120801.html
  http://www.cignacmb.com/news/gongsi/2017/2017120504.html
  http://www.cignacmb.com/news/gongsi/2017/2017120503.html
  http://www.cignacmb.com/news/gongsi/2017/2017120502.html
  http://www.cignacmb.com/news/gongsi/2017/201706202.html
  http://www.cignacmb.com/news/gongsi/2017/201706201.html
  http://www.cignacmb.com/news/gongsi/2017/2017021601.html
  http://www.cignacmb.com/news/gongsi/2017/2017010403.html
  http://www.cignacmb.com/news/gongsi/2017/2017010402.html
  http://www.cignacmb.com/news/gongsi/2017/2017010401.html
  http://www.cignacmb.com/news/gongsi/2015/2016090101.html
  http://www.cignacmb.com/news/gongsi/2015/2016081201.html
  http://www.cignacmb.com/news/gongsi/2016/2016010502.html
  http://www.cignacmb.com/news/gongsi/2015/2016012101.html
  http://www.cignacmb.com/news/hangye/2017/2017081602.html
  http://www.cignacmb.com/news/gongsi/2017/2017071401.html
  http://www.cignacmb.com/news/hangye/2017/2017041202.html
  http://www.cignacmb.com/news/hangye/2017/2017041201.html
  http://www.cignacmb.com/news/hangye/2017/2017011602.html
  http://www.cignacmb.com/news/gongsi/2016/2016122002.html
  http://www.cignacmb.com/news/hangye/2015101201.html
  http://www.cignacmb.com/news/gongsi/2015/2015101001.html
  http://www.cignacmb.com/javascript:;
  http://www.cignacmb.com/newsletter/nuofans/nfj.html
  http://www.cignacmb.com/newsletter/nuofans/mdl.html
  http://www.cignacmb.com/newsletter/csp/csp.html
  http://www.cignacmb.com/newsletter/huodong201609/
  http://www.cignacmb.com/zhuanti/nuofenjie.html
  http://www.cignacmb.com/campaign/weidianying.html
  http://player.youku.com/player.php/sid/XODc2MzA0NDA0/v.swf
  http://www.cignacmb.com/shop/huodong/jjcc.html
  http://www.iachina.cn/product.php?action=company&ttype=1
  http://www.cignacmb.com/service/toubaoren/renshentoubao.html
  http://www.cignacmb.com/service/toubaoren/xinbaoxianfa/baoxianfa2009.html
  http://www.cignacmb.com/tags.html
  http://www.cignacmb.com/keywords/
  http://www.cignacmb.com/newsletter/
  http://www.cignacmb.com/news/
  http://www.cignacmb.com/about/glories.html
  http://www.cignacmb.com/lianxi/gongsiwangdian.html
  http://www.cignacmb.com/hr/
  http://www.cignacmb.com/liuyan/message.html
  http://www.cignacmb.com/service/cjwtbdfw.html
  http://www.miit.gov.cn/
  http://www.cignacmb.com/copyright.html
  http://www.cignacmb.com/privacy.html
  http://www.cignacmb.com/sitemap.html
  http://www.cignacmb.com/javascript:void(0)
  http://www.wanyiwang.com/
  http://www.jiedai.cn/
  http://loans.cardbaobao.com/
  http://shaoer.cignacmb.com/
  http://www.renrentou.com/
  http://www.banklilv.com/
  http://www.licai.com/
  http://www.rjs.com/
  http://www.guijinshu.com/
  http://www.hqjhw.com/
  http://www.chashebao.com/
  http://www.p2peye.com/forum.php
  http://www.bxd365.com/
  http://www.kaixinbao.com/
  https://www.huize.com/
  http://www.cigna.com.tw/
  http://www.cigna.com.hk/
  http://www.cigna.co.th/
  http://www.lina.co.kr/
  http://www.cigna.co.id/id/html/index.html
  http://www.cignattkinsurance.in/
  http://www.cigna.co.nz/
  http://www.cigna.com.tr/tr/html/index.html
  http://www.cigna.be/
  http://www.cigna.cl/
  http://www.cignaeurope.com/de/index.html
  http://www.cigna.es/
  http://www.cigna.co.uk/
  http://www.cigna.com/
  http://www.cigna.com/international/empben.html
  https://www.cmbchina.com/
  https://www.cmbchina.com/javascript:toGB2312()
  https://www.cmbchina.com/javascript:toBig5()
  https://www.cmbchina.com/javascript:fLoginICS();
  https://www.cmbchina.com/About/SiteMap.aspx
  https://www.cmbchina.com/personal
  https://www.cmbchina.com/corporate
  https://www.cmbchina.com/cmbinfo
  https://www.cmbchina.com/CustomerService/Default.aspx
  https://www.cmbchina.com/personal/sunflower
  https://www.cmbchina.com/privatebank
  https://www.cmbchina.com/corporate/cashmanagement
  https://www.cmbchina.com/cmbir/
  https://www.cmbchina.com/personal/credit
  https://www.cmbchina.com/personal/allinonecard
  https://www.cmbchina.com/personal/WealthAccount
  https://www.cmbchina.com/personal/ebank
  https://www.cmbchina.com/personal/living
  https://www.cmbchina.com/personal/saving
  https://www.cmbchina.com/personal/invest
  https://www.cmbchina.com/personal/netbank
  https://www.cmbchina.com/corporate/domestic
  https://www.cmbchina.com/corporate/international
  https://www.cmbchina.com/corporate/investment
  https://www.cmbchina.com/corporate/offshore
  https://www.cmbchina.com/corporate/pension
  https://www.cmbchina.com/cfweb/corporate/
  https://www.cmbchina.com/corporate/financial
  https://www.cmbchina.com/corporate/firmbank
  https://www.cmbchina.com/cmbinfo/aboutcmb/
  https://www.cmbchina.com/cmbinfo/news/
  https://www.cmbchina.com/cmbir
  https://www.cmbchina.com/cmbinfo/awards/
  https://www.cmbchina.com/assetdisposal
  https://www.cmbchina.com/main
  https://www.cmbchina.com/main/noticeinfo.aspx?guid=fe2b38e2-e333-4a30-a30a-4f30dc02ebcc
  https://www.cmbchina.com/main/noticeinfo.aspx?guid=0bfd6c06-6883-4ea9-b97c-02aff5eb3bdd
  https://www.cmbchina.com/main/noticeinfo.aspx?guid=292d07ef-dd5f-4de4-8de3-0a3c6632a57c
  https://www.cmbchina.com/main/noticeinfo.aspx?guid=ade8629b-20aa-4a66-b557-71c38d82da64
  https://www.cmbchina.com/javascript:hbwindows();
  https://www.cmbchina.com/javascript:ifinwindows();
  https://www.cmbchina.com/corporate/firmbank/
  https://www.cmbchina.com/javascript:OpenFirm()
  https://www.cmbchina.com/CmbWebPubInfo/
  https://www.cmbchina.com/CustomerService/CustomerServiceInfo.aspx?pageid=zhbz
  https://www.cmbchina.com/CmbWebPubInfo/BondTradePrice.aspx?chnl=bondprice
  https://www.cmbchina.com/CmbWebPubInfo/CmbFundRate.aspx?chnl=cmbfund
  https://www.cmbchina.com/CmbWebPubInfo/InterestRate.aspx?chnl=ckrate
  https://www.cmbchina.com/CmbWebPubInfo/CDRate.aspx?chnl=cdrate
  https://www.cmbchina.com/CustomerService
  https://www.cmbchina.com/Common/QuickService.aspx
  https://www.cmbchina.com/Customerservice/customerserviceinfo.aspx?pageid=calculator
  https://www.cmbchina.com/corporate/common.aspx?pageid=contactus
  https://www.cmbchina.com/Personal/Promotion/default.aspx
  https://www.cmbchina.com/Personal/Promotion/PrmotionInfo.aspx?guid=15f26780-fb6c-4d50-aef2-573b660a53c3
  https://www.cmbchina.com/Personal/Promotion/PrmotionInfo.aspx?guid=4bf5d369-7ef5-4199-9ed2-2c4b84d1f175
  https://www.cmbchina.com/Personal/Promotion/PrmotionInfo.aspx?guid=df2d0911-5ac0-4089-b368-e994e8ac3202
  https://www.cmbchina.com/Personal/Promotion/PrmotionInfo.aspx?guid=e1f390b9-b354-4caf-b366-b680bf686cb0
  https://www.cmbchina.com/cmbinfo/news/newsinfo.aspx?guid=61fb287d-ec6f-4a9b-a066-85730a0b2d5b
  https://www.cmbchina.com/cmbinfo/news/newsinfo.aspx?guid=4d9e230f-ff0b-47d1-9298-5be19d88c05e
  https://www.cmbchina.com/cmbinfo/news/newsinfo.aspx?guid=79ce2e69-07d0-48e2-a43c-9271661a1b72
  https://www.cmbchina.com/cmbinfo/news/newsinfo.aspx?guid=999042e5-7591-48a0-968b-fc2bcc94e300
  https://www.cmbchina.com/cmbinfo/news/newsinfo.aspx?guid=21f4a88e-2aa5-46f5-a05b-55ab0118f7b0
  https://www.cmbchina.com/cmbinfo/news/newsinfo.aspx?guid=5ac16713-2619-4e9c-afa2-386bc059521b
  https://www.cmbchina.com/cmbinfo/news/newsinfo.aspx?guid=f0d3c027-9fb8-45e2-a7ac-e6cd89f72e99
  https://www.cmbchina.com/cmbir/DetailInfo.aspx?chnl=Announcement&id=1678
  https://www.cmbchina.com/cmbir/DetailInfo.aspx?chnl=Announcement&id=1674
  https://www.cmbchina.com/cmbir/DetailInfo.aspx?chnl=Announcement&id=1675
  https://www.cmbchina.com/cmbir/DetailInfo.aspx?chnl=Announcement&id=1676
  https://www.cmbchina.com/cmbir/DetailInfo.aspx?chnl=Announcement&id=1677
  https://www.cmbchina.com/cmbir/DetailInfo.aspx?chnl=Announcement&id=1667
  https://www.cmbchina.com/cmbir/DetailInfo.aspx?chnl=Announcement&id=1668
  https://www.cmbchina.com/webpages/certificate.htm
  https://www.cmbchina.com/about/?pageid=webnotice
  https://www.cmbchina.com/about/?pageid=privacy
  https://www.cmbchina.com/about/sitemap.aspx
  https://www.cmbchina.com/about/?pageid=goodlink
  https://www.cmbchina.com/webpages/cmbsafe/index.htm
  https://user.cmbchina.com/User/Login?returnUrl=..%2fIdentityProvider%2fSSOResponse.ashx%3fsp%3dIAION%26ssoState%3d337b460f-731d-4982-9c5e-46f2943974cf
  https://www.cmbchina.com/About/javascript:toGB2312()
  https://www.cmbchina.com/About/javascript:toBig5()
  https://www.cmbchina.com/About/javascript:fLoginICS();
  https://www.cmbchina.com/About/../CustomerService/Default.aspx
