Started GET "/seed/distest" for 127.0.0.1 at 2018-01-31 08:28:28 -0500
  [1m[35m (0.4ms)[0m  [1m[35mSET NAMES utf8,  @@SESSION.sql_mode = CONCAT(CONCAT(@@sql_mode, ',STRICT_ALL_TABLES'), ',NO_AUTO_VALUE_ON_ZERO'),  @@SESSION.sql_auto_is_null = 0, @@SESSION.wait_timeout = 2147483[0m
  [1m[35m (0.3ms)[0m  [1m[34mSELECT `schema_migrations`.`version` FROM `schema_migrations` ORDER BY `schema_migrations`.`version` ASC[0m
Processing by SeedController#distest as HTML
  [1m[36mUser Load (0.4ms)[0m  [1m[34mSELECT  `users`.* FROM `users` WHERE `users`.`id` = 1 ORDER BY `users`.`id` ASC LIMIT 1[0m
  Rendering seed/distest.html.erb within layouts/application
  Rendered seed/distest.html.erb within layouts/application (4.2ms)
  Rendered layouts/_footer.html.erb (0.4ms)
Completed 200 OK in 422ms (Views: 367.2ms | ActiveRecord: 4.5ms)


Started POST "/seed/discovery" for 127.0.0.1 at 2018-01-31 09:08:43 -0500
Processing by SeedController#discovery as HTML
  Parameters: {"authenticity_token"=>"EO0R9sSNLo2rSWaN29orsHnwnAuoV2pLuaIfqHBNijsobhuBcDLVL6Snnk71HhMFjynn9ApK7jZk4zNgpm/hFg=="}
  [1m[36mUser Load (0.4ms)[0m  [1m[34mSELECT  `users`.* FROM `users` WHERE `users`.`id` = 1 ORDER BY `users`.`id` ASC LIMIT 1[0m
  Rendering seed/discovery.html.erb within layouts/application
  Rendered seed/discovery.html.erb within layouts/application (0.4ms)
  Rendered layouts/_footer.html.erb (0.4ms)
Completed 200 OK in 111ms (Views: 96.9ms | ActiveRecord: 0.4ms)


Started GET "/" for 127.0.0.1 at 2018-01-31 09:21:22 -0500
Processing by HomeController#page as HTML
  Rendering home/page.html.erb within layouts/application
  Rendered home/page.html.erb within layouts/application (1.3ms)
  [1m[36mUser Load (0.5ms)[0m  [1m[34mSELECT  `users`.* FROM `users` WHERE `users`.`id` = 1 ORDER BY `users`.`id` ASC LIMIT 1[0m
  Rendered layouts/_footer.html.erb (1.2ms)
Completed 200 OK in 124ms (Views: 121.1ms | ActiveRecord: 0.5ms)


Started GET "/home/page" for 127.0.0.1 at 2018-01-31 09:35:32 -0500
Processing by HomeController#page as HTML
  Rendering home/page.html.erb within layouts/application
  Rendered home/page.html.erb within layouts/application (1.1ms)
  [1m[36mUser Load (0.3ms)[0m  [1m[34mSELECT  `users`.* FROM `users` WHERE `users`.`id` = 1 ORDER BY `users`.`id` ASC LIMIT 1[0m
  Rendered layouts/_footer.html.erb (0.6ms)
Completed 200 OK in 103ms (Views: 100.4ms | ActiveRecord: 0.3ms)


Started POST "/seed/start" for 127.0.0.1 at 2018-01-31 09:36:40 -0500
  [1m[35m (0.4ms)[0m  [1m[35mSET NAMES utf8,  @@SESSION.sql_mode = CONCAT(CONCAT(@@sql_mode, ',STRICT_ALL_TABLES'), ',NO_AUTO_VALUE_ON_ZERO'),  @@SESSION.sql_auto_is_null = 0, @@SESSION.wait_timeout = 2147483[0m
  [1m[35m (0.5ms)[0m  [1m[34mSELECT `schema_migrations`.`version` FROM `schema_migrations` ORDER BY `schema_migrations`.`version` ASC[0m
Processing by SeedController#start as HTML
  Parameters: {"utf8"=>"✓", "authenticity_token"=>"tguWAHjDD6a5LDHFYOl0oQyGRgFkkISR3bTL9cB8pUqOiJx3zHz0BLbCyQZOLUwU+l89/saNAOwA9ec9Fl7OZw==", "commit"=>"Get Started"}
  [1m[36mUser Load (0.3ms)[0m  [1m[34mSELECT  `users`.* FROM `users` WHERE `users`.`id` = 1 ORDER BY `users`.`id` ASC LIMIT 1[0m
  Rendering seed/start.html.erb within layouts/application
  Rendered seed/start.html.erb within layouts/application (3.4ms)
  Rendered layouts/_footer.html.erb (0.5ms)
Completed 200 OK in 400ms (Views: 345.5ms | ActiveRecord: 5.3ms)


Started POST "/seed/create" for 127.0.0.1 at 2018-01-31 09:36:47 -0500
Processing by SeedController#create as HTML
  Parameters: {"utf8"=>"✓", "authenticity_token"=>"Jd+hvniTaUwajxPXgLZtIRzIxUMpGsVwvQEe1+ftuhkdXKvJzCyS7hVh6xSuclWU6hG+vIsHQQ1gQDIfMc/RNA==", "file_tag"=>"ny.cmbchina.com\r\n", "uid_tag"=>"1"}
  [1m[36mUser Load (0.3ms)[0m  [1m[34mSELECT  `users`.* FROM `users` WHERE `users`.`id` = 1 ORDER BY `users`.`id` ASC LIMIT 1[0m
Redirected to http://127.0.0.1:3000/domains/start
Completed 302 Found in 9ms (ActiveRecord: 0.3ms)


Started GET "/domains/start" for 127.0.0.1 at 2018-01-31 09:36:47 -0500
Processing by DomainsController#show as HTML
  Parameters: {"id"=>"start"}
  [1m[36mUser Load (0.4ms)[0m  [1m[34mSELECT  `users`.* FROM `users` WHERE `users`.`id` = 1 ORDER BY `users`.`id` ASC LIMIT 1[0m
  Rendering domains/show.html.erb within layouts/application
  Rendered domains/show.html.erb within layouts/application (2.2ms)
  Rendered layouts/_footer.html.erb (0.7ms)
Completed 200 OK in 120ms (Views: 109.8ms | ActiveRecord: 0.4ms)


Started POST "/domains/create" for 127.0.0.1 at 2018-01-31 09:36:52 -0500
Processing by DomainsController#create as HTML
  Parameters: {"utf8"=>"✓", "authenticity_token"=>"jI6j/meH9rinYnmibV/R+ZA0RRcIXgsWQb0S19xbuNC0DamJ0zgNGqiMgWFDm+lMZu0+6KpDj2uc/D4fCnnT/Q==", "file_tag"=>"cmbchina.com\r\n", "uid_tag"=>"1"}
  [1m[36mUser Load (0.4ms)[0m  [1m[34mSELECT  `users`.* FROM `users` WHERE `users`.`id` = 1 ORDER BY `users`.`id` ASC LIMIT 1[0m
Redirected to http://127.0.0.1:3000/cidrs/start
Completed 302 Found in 7ms (ActiveRecord: 0.4ms)


Started GET "/cidrs/start" for 127.0.0.1 at 2018-01-31 09:36:52 -0500
Processing by CidrsController#show as HTML
  Parameters: {"id"=>"start"}
  [1m[36mUser Load (0.3ms)[0m  [1m[34mSELECT  `users`.* FROM `users` WHERE `users`.`id` = 1 ORDER BY `users`.`id` ASC LIMIT 1[0m
  Rendering cidrs/show.html.erb within layouts/application
  Rendered cidrs/show.html.erb within layouts/application (1.6ms)
  Rendered layouts/_footer.html.erb (0.5ms)
Completed 200 OK in 88ms (Views: 79.7ms | ActiveRecord: 0.3ms)


Started POST "/cidrs/create" for 127.0.0.1 at 2018-01-31 09:36:54 -0500
Processing by CidrsController#create as HTML
  Parameters: {"utf8"=>"✓", "authenticity_token"=>"79o5PiOziRE/WTSrAdVEdv2LNyOQDuxMw+1S24Cd1rHXWTNJlwxyszC3zGgvEXzDC1JM3DITaDEerH4TVr+9nA==", "file_tag"=>"209.48.82.224/27\r\n", "uid_tag"=>"1"}
  [1m[36mUser Load (0.4ms)[0m  [1m[34mSELECT  `users`.* FROM `users` WHERE `users`.`id` = 1 ORDER BY `users`.`id` ASC LIMIT 1[0m
Redirected to http://127.0.0.1:3000/seed/distest
Completed 302 Found in 9ms (ActiveRecord: 0.4ms)


Started GET "/seed/distest" for 127.0.0.1 at 2018-01-31 09:36:54 -0500
Processing by SeedController#distest as HTML
  [1m[36mUser Load (0.3ms)[0m  [1m[34mSELECT  `users`.* FROM `users` WHERE `users`.`id` = 1 ORDER BY `users`.`id` ASC LIMIT 1[0m
  Rendering seed/distest.html.erb within layouts/application
  Rendered seed/distest.html.erb within layouts/application (1.9ms)
  Rendered layouts/_footer.html.erb (0.5ms)
Completed 200 OK in 84ms (Views: 75.2ms | ActiveRecord: 0.3ms)


Started POST "/seed/discovery" for 127.0.0.1 at 2018-01-31 09:36:57 -0500
Processing by SeedController#discovery as HTML
  Parameters: {"authenticity_token"=>"t5NvbWN4asKZnjdiHwxF+oh4deQzv/Kx/LMhxYCwudaPEGUa18eRYJZwz6ExyH1PfqEOG5Gidswh8g0NVpLS+w=="}
  [1m[36mUser Load (0.3ms)[0m  [1m[34mSELECT  `users`.* FROM `users` WHERE `users`.`id` = 1 ORDER BY `users`.`id` ASC LIMIT 1[0m
  Rendering seed/discovery.html.erb within layouts/application
  Rendered seed/discovery.html.erb within layouts/application (0.4ms)
  Rendered layouts/_footer.html.erb (0.5ms)
Completed 200 OK in 82ms (Views: 71.5ms | ActiveRecord: 0.3ms)


Started POST "/seed/discovery" for 127.0.0.1 at 2018-01-31 09:42:29 -0500
Processing by SeedController#discovery as HTML
  Parameters: {"authenticity_token"=>"t5NvbWN4asKZnjdiHwxF+oh4deQzv/Kx/LMhxYCwudaPEGUa18eRYJZwz6ExyH1PfqEOG5Gidswh8g0NVpLS+w=="}
  [1m[36mUser Load (0.3ms)[0m  [1m[34mSELECT  `users`.* FROM `users` WHERE `users`.`id` = 1 ORDER BY `users`.`id` ASC LIMIT 1[0m
  Rendering seed/discovery.html.erb within layouts/application
  Rendered seed/discovery.html.erb within layouts/application (0.4ms)
  Rendered layouts/_footer.html.erb (0.5ms)
Completed 200 OK in 82ms (Views: 73.3ms | ActiveRecord: 0.3ms)


  [1m[35m (0.7ms)[0m  [1m[35mSET NAMES utf8,  @@SESSION.sql_mode = CONCAT(CONCAT(@@sql_mode, ',STRICT_ALL_TABLES'), ',NO_AUTO_VALUE_ON_ZERO'),  @@SESSION.sql_auto_is_null = 0, @@SESSION.wait_timeout = 2147483[0m
  [1m[36mUser Load (0.4ms)[0m  [1m[34mSELECT  `users`.* FROM `users` WHERE `users`.`id` = 1 LIMIT 1[0m
  [1m[35m (0.3ms)[0m  [1m[35mSET NAMES utf8,  @@SESSION.sql_mode = CONCAT(CONCAT(@@sql_mode, ',STRICT_ALL_TABLES'), ',NO_AUTO_VALUE_ON_ZERO'),  @@SESSION.sql_auto_is_null = 0, @@SESSION.wait_timeout = 2147483[0m
  [1m[36mUser Load (0.3ms)[0m  [1m[34mSELECT  `users`.* FROM `users` WHERE `users`.`id` = 1 LIMIT 1[0m
  [1m[35m (619.6ms)[0m  [1m[35mSET NAMES utf8,  @@SESSION.sql_mode = CONCAT(CONCAT(@@sql_mode, ',STRICT_ALL_TABLES'), ',NO_AUTO_VALUE_ON_ZERO'),  @@SESSION.sql_auto_is_null = 0, @@SESSION.wait_timeout = 2147483[0m
  [1m[36mUser Load (1.9ms)[0m  [1m[34mSELECT  `users`.* FROM `users` WHERE `users`.`id` = 1 LIMIT 1[0m
[ActiveJob] Enqueued ActionMailer::DeliveryJob (Job ID: f20f8272-16fd-48e3-8bb9-e031c6e61506) to Async(mailers) with arguments: "UserMailer", "discovery_completion_notice", "deliver_now", "yli8@yahoo.com", "2018-01-31 09:43:50 -0500", "2018-01-31 10:04:13 -0500"
[ActiveJob] Enqueued ActionMailer::DeliveryJob (Job ID: 4a2f87d2-bfee-4c7c-8c4d-ef383c45a7d6) to Async(mailers) with arguments: "UserMailer", "discovery_completion_notice", "deliver_now", "yli8@yahoo.com", "2018-01-31 09:43:50 -0500", "2018-01-31 09:49:35 -0500"
[ActiveJob] Enqueued ActionMailer::DeliveryJob (Job ID: e524b858-39fd-4114-a482-6ed18917fec4) to Async(mailers) with arguments: "UserMailer", "discovery_completion_notice", "deliver_now", "yli8@yahoo.com", "2018-01-31 09:43:50 -0500", "2018-01-31 09:49:31 -0500"
[ActiveJob] [ActionMailer::DeliveryJob] [f20f8272-16fd-48e3-8bb9-e031c6e61506] Performing ActionMailer::DeliveryJob (Job ID: f20f8272-16fd-48e3-8bb9-e031c6e61506) from Async(mailers) with arguments: "UserMailer", "discovery_completion_notice", "deliver_now", "yli8@yahoo.com", "2018-01-31 09:43:50 -0500", "2018-01-31 10:04:13 -0500"
[ActiveJob] [ActionMailer::DeliveryJob] [f20f8272-16fd-48e3-8bb9-e031c6e61506] You're hitting mailer controller...
[ActiveJob] [ActionMailer::DeliveryJob] [f20f8272-16fd-48e3-8bb9-e031c6e61506]   Rendering user_mailer/discovery_completion_notice.html.erb within layouts/mailer
[ActiveJob] [ActionMailer::DeliveryJob] [f20f8272-16fd-48e3-8bb9-e031c6e61506]   Rendered user_mailer/discovery_completion_notice.html.erb within layouts/mailer (1.5ms)
[ActiveJob] [ActionMailer::DeliveryJob] [f20f8272-16fd-48e3-8bb9-e031c6e61506] UserMailer#discovery_completion_notice: processed outbound mail in 383.8ms
[ActiveJob] [ActionMailer::DeliveryJob] [f20f8272-16fd-48e3-8bb9-e031c6e61506] Sent mail to yli8@yahoo.com (150.7ms)
[ActiveJob] [ActionMailer::DeliveryJob] [f20f8272-16fd-48e3-8bb9-e031c6e61506] Date: Wed, 31 Jan 2018 10:04:14 -0500
From: yang.li@owasp.org
To: yli8@yahoo.com
Message-ID: <5a71daeecd6c5_16a543fe648d650d8895a0@Yangs-MacBook-Pro.local.mail>
Subject: Your Discovery Is Complete
Mime-Version: 1.0
Content-Type: text/html;
 charset=UTF-8
Content-Transfer-Encoding: 7bit

<!DOCTYPE html>
<html>
  <head>
    <meta http-equiv="Content-Type" content="text/html; charset=utf-8" />
    <style>
      /* Email styles need to be inline */
    </style>
  </head>

  <body>
    <div class="row">
  <ul> Your discovery job is complete:
    <li>Start time: 2018-01-31 09:43:50 -0500 </li>
    <li>Completion time: 2018-01-31 10:04:13 -0500</li>
    <li>My Discovery Result: http://wmap.io/sites/show </li>

  </ul>
</div>

  </body>
</html>

[ActiveJob] [ActionMailer::DeliveryJob] [f20f8272-16fd-48e3-8bb9-e031c6e61506] Performed ActionMailer::DeliveryJob (Job ID: f20f8272-16fd-48e3-8bb9-e031c6e61506) from Async(mailers) in 550.44ms
[ActiveJob] [ActionMailer::DeliveryJob] [4a2f87d2-bfee-4c7c-8c4d-ef383c45a7d6] Performing ActionMailer::DeliveryJob (Job ID: 4a2f87d2-bfee-4c7c-8c4d-ef383c45a7d6) from Async(mailers) with arguments: "UserMailer", "discovery_completion_notice", "deliver_now", "yli8@yahoo.com", "2018-01-31 09:43:50 -0500", "2018-01-31 09:49:35 -0500"
[ActiveJob] [ActionMailer::DeliveryJob] [e524b858-39fd-4114-a482-6ed18917fec4] Performing ActionMailer::DeliveryJob (Job ID: e524b858-39fd-4114-a482-6ed18917fec4) from Async(mailers) with arguments: "UserMailer", "discovery_completion_notice", "deliver_now", "yli8@yahoo.com", "2018-01-31 09:43:50 -0500", "2018-01-31 09:49:31 -0500"
[ActiveJob] [ActionMailer::DeliveryJob] [4a2f87d2-bfee-4c7c-8c4d-ef383c45a7d6] You're hitting mailer controller...
[ActiveJob] [ActionMailer::DeliveryJob] [e524b858-39fd-4114-a482-6ed18917fec4] You're hitting mailer controller...
[ActiveJob] [ActionMailer::DeliveryJob] [4a2f87d2-bfee-4c7c-8c4d-ef383c45a7d6]   Rendering user_mailer/discovery_completion_notice.html.erb within layouts/mailer
[ActiveJob] [ActionMailer::DeliveryJob] [4a2f87d2-bfee-4c7c-8c4d-ef383c45a7d6]   Rendered user_mailer/discovery_completion_notice.html.erb within layouts/mailer (0.6ms)
[ActiveJob] [ActionMailer::DeliveryJob] [4a2f87d2-bfee-4c7c-8c4d-ef383c45a7d6] UserMailer#discovery_completion_notice: processed outbound mail in 49.2ms
[ActiveJob] [ActionMailer::DeliveryJob] [e524b858-39fd-4114-a482-6ed18917fec4]   Rendering user_mailer/discovery_completion_notice.html.erb within layouts/mailer
[ActiveJob] [ActionMailer::DeliveryJob] [e524b858-39fd-4114-a482-6ed18917fec4]   Rendered user_mailer/discovery_completion_notice.html.erb within layouts/mailer (0.1ms)
[ActiveJob] [ActionMailer::DeliveryJob] [e524b858-39fd-4114-a482-6ed18917fec4] UserMailer#discovery_completion_notice: processed outbound mail in 45.8ms
[ActiveJob] [ActionMailer::DeliveryJob] [4a2f87d2-bfee-4c7c-8c4d-ef383c45a7d6] Sent mail to yli8@yahoo.com (10.5ms)
[ActiveJob] [ActionMailer::DeliveryJob] [4a2f87d2-bfee-4c7c-8c4d-ef383c45a7d6] Date: Wed, 31 Jan 2018 10:04:15 -0500
From: yang.li@owasp.org
To: yli8@yahoo.com
Message-ID: <5a71daef17b4f_16a543fe648d640988963e@Yangs-MacBook-Pro.local.mail>
Subject: Your Discovery Is Complete
Mime-Version: 1.0
Content-Type: text/html;
 charset=UTF-8
Content-Transfer-Encoding: 7bit

<!DOCTYPE html>
<html>
  <head>
    <meta http-equiv="Content-Type" content="text/html; charset=utf-8" />
    <style>
      /* Email styles need to be inline */
    </style>
  </head>

  <body>
    <div class="row">
  <ul> Your discovery job is complete:
    <li>Start time: 2018-01-31 09:43:50 -0500 </li>
    <li>Completion time: 2018-01-31 09:49:35 -0500</li>
    <li>My Discovery Result: http://wmap.io/sites/show </li>

  </ul>
</div>

  </body>
</html>

[ActiveJob] [ActionMailer::DeliveryJob] [4a2f87d2-bfee-4c7c-8c4d-ef383c45a7d6] Performed ActionMailer::DeliveryJob (Job ID: 4a2f87d2-bfee-4c7c-8c4d-ef383c45a7d6) from Async(mailers) in 66.4ms
[ActiveJob] [ActionMailer::DeliveryJob] [e524b858-39fd-4114-a482-6ed18917fec4] Sent mail to yli8@yahoo.com (11.3ms)
[ActiveJob] [ActionMailer::DeliveryJob] [e524b858-39fd-4114-a482-6ed18917fec4] Date: Wed, 31 Jan 2018 10:04:15 -0500
From: yang.li@owasp.org
To: yli8@yahoo.com
Message-ID: <5a71daef18c05_16a543fe648e9459489760@Yangs-MacBook-Pro.local.mail>
Subject: Your Discovery Is Complete
Mime-Version: 1.0
Content-Type: text/html;
 charset=UTF-8
Content-Transfer-Encoding: 7bit

<!DOCTYPE html>
<html>
  <head>
    <meta http-equiv="Content-Type" content="text/html; charset=utf-8" />
    <style>
      /* Email styles need to be inline */
    </style>
  </head>

  <body>
    <div class="row">
  <ul> Your discovery job is complete:
    <li>Start time: 2018-01-31 09:43:50 -0500 </li>
    <li>Completion time: 2018-01-31 09:49:31 -0500</li>
    <li>My Discovery Result: http://wmap.io/sites/show </li>

  </ul>
</div>

  </body>
</html>

[ActiveJob] [ActionMailer::DeliveryJob] [e524b858-39fd-4114-a482-6ed18917fec4] Performed ActionMailer::DeliveryJob (Job ID: e524b858-39fd-4114-a482-6ed18917fec4) from Async(mailers) in 57.89ms
Started GET "/" for 127.0.0.1 at 2018-01-31 10:51:46 -0500
  [1m[35m (0.4ms)[0m  [1m[35mSET NAMES utf8,  @@SESSION.sql_mode = CONCAT(CONCAT(@@sql_mode, ',STRICT_ALL_TABLES'), ',NO_AUTO_VALUE_ON_ZERO'),  @@SESSION.sql_auto_is_null = 0, @@SESSION.wait_timeout = 2147483[0m
  [1m[35m (0.4ms)[0m  [1m[34mSELECT `schema_migrations`.`version` FROM `schema_migrations` ORDER BY `schema_migrations`.`version` ASC[0m
Processing by HomeController#page as HTML
  Rendering home/page.html.erb within layouts/application
  Rendered home/page.html.erb within layouts/application (5.4ms)
  [1m[36mUser Load (0.3ms)[0m  [1m[34mSELECT  `users`.* FROM `users` WHERE `users`.`id` = 1 ORDER BY `users`.`id` ASC LIMIT 1[0m
  [1m[35m (0.2ms)[0m  [1m[35mBEGIN[0m
  [1m[35m (0.1ms)[0m  [1m[35mCOMMIT[0m
Completed 401 Unauthorized in 420ms (ActiveRecord: 4.9ms)


Started GET "/" for 127.0.0.1 at 2018-01-31 10:51:47 -0500
Processing by HomeController#page as HTML
  Rendering home/page.html.erb within layouts/application
  Rendered home/page.html.erb within layouts/application (1.4ms)
  Rendered layouts/_footer.html.erb (0.7ms)
Completed 200 OK in 97ms (Views: 94.8ms | ActiveRecord: 0.0ms)


Started POST "/seed/start" for 127.0.0.1 at 2018-01-31 10:51:49 -0500
Processing by SeedController#start as HTML
  Parameters: {"utf8"=>"✓", "authenticity_token"=>"ioh6Mssj8UyWwxKUjzo5ZCKHLQZdKaG9AW7f6eSVNTNVfNEXwPy3KFL8PMwk0t2uig5OG6vWEa8aKh1Ab+3mPw==", "commit"=>"Get Started"}
Completed 401 Unauthorized in 1ms (ActiveRecord: 0.0ms)


Started GET "/users/login" for 127.0.0.1 at 2018-01-31 10:51:49 -0500
Processing by Devise::SessionsController#new as HTML
  Rendering users/sessions/new.html.erb within layouts/application
  Rendered users/shared/_links.html.erb (3.4ms)
  Rendered users/sessions/new.html.erb within layouts/application (18.1ms)
  Rendered layouts/_footer.html.erb (0.6ms)
Completed 200 OK in 143ms (Views: 140.9ms | ActiveRecord: 0.0ms)


Started POST "/users/login" for 127.0.0.1 at 2018-01-31 10:52:02 -0500
Processing by Devise::SessionsController#create as HTML
  Parameters: {"utf8"=>"✓", "authenticity_token"=>"OKUY2RLlEDE59ZnSbqdBCp41HUuqdEoa+VuoJpoiM83nUbP8GTpWVf3Kt4rFT6XANrx+VlyL+gjiH2qPEVrgwQ==", "user"=>{"email"=>"yli8@yahoo.com", "password"=>"[FILTERED]", "remember_me"=>"0"}, "commit"=>"Log in"}
  [1m[36mUser Load (0.3ms)[0m  [1m[34mSELECT  `users`.* FROM `users` WHERE `users`.`email` = 'yli8@yahoo.com' ORDER BY `users`.`id` ASC LIMIT 1[0m
  [1m[35m (0.2ms)[0m  [1m[35mBEGIN[0m
  [1m[35mSQL (0.3ms)[0m  [1m[33mUPDATE `users` SET `current_sign_in_at` = '2018-01-31 15:52:02', `last_sign_in_at` = '2018-01-31 12:25:39', `last_sign_in_ip` = '127.0.0.1', `sign_in_count` = 39, `updated_at` = '2018-01-31 15:52:02' WHERE `users`.`id` = 1[0m
  [1m[35m (8.0ms)[0m  [1m[35mCOMMIT[0m
Redirected to http://127.0.0.1:3000/
Completed 302 Found in 218ms (ActiveRecord: 8.7ms)


Started GET "/" for 127.0.0.1 at 2018-01-31 10:52:02 -0500
Processing by HomeController#page as HTML
  Rendering home/page.html.erb within layouts/application
  Rendered home/page.html.erb within layouts/application (1.0ms)
  [1m[36mUser Load (0.3ms)[0m  [1m[34mSELECT  `users`.* FROM `users` WHERE `users`.`id` = 1 ORDER BY `users`.`id` ASC LIMIT 1[0m
  Rendered layouts/_footer.html.erb (0.4ms)
Completed 200 OK in 80ms (Views: 78.0ms | ActiveRecord: 0.3ms)


Started POST "/seed/start" for 127.0.0.1 at 2018-01-31 10:52:04 -0500
Processing by SeedController#start as HTML
  Parameters: {"utf8"=>"✓", "authenticity_token"=>"jp/sH/8/HFrjGw/IAy4BwgkNXTVG7Y5yINBJfbko2acbkKhoidbQ4ZdacMOMcO6uX9CrbXbxq/NFrLw8IsEEEg==", "commit"=>"Get Started"}
  [1m[36mUser Load (0.3ms)[0m  [1m[34mSELECT  `users`.* FROM `users` WHERE `users`.`id` = 1 ORDER BY `users`.`id` ASC LIMIT 1[0m
  Rendering seed/start.html.erb within layouts/application
  Rendered seed/start.html.erb within layouts/application (1.1ms)
  Rendered layouts/_footer.html.erb (0.5ms)
Completed 200 OK in 79ms (Views: 70.2ms | ActiveRecord: 0.3ms)


Started POST "/seed/create" for 127.0.0.1 at 2018-01-31 10:52:06 -0500
Processing by SeedController#create as HTML
  Parameters: {"utf8"=>"✓", "authenticity_token"=>"P9PY017ATMYz6kZXSvdr39AgTkXMd41CwLk5vdgEataq3JykKCmAfUerOVzFqYSzhv24HfxrqMOlxcz8Q+23Yw==", "file_tag"=>"ny.cmbchina.com\r\n", "uid_tag"=>"1"}
  [1m[36mUser Load (0.3ms)[0m  [1m[34mSELECT  `users`.* FROM `users` WHERE `users`.`id` = 1 ORDER BY `users`.`id` ASC LIMIT 1[0m
Redirected to http://127.0.0.1:3000/domains/start
Completed 302 Found in 12ms (ActiveRecord: 0.3ms)


Started GET "/domains/start" for 127.0.0.1 at 2018-01-31 10:52:06 -0500
Processing by DomainsController#show as HTML
  Parameters: {"id"=>"start"}
  [1m[36mUser Load (0.3ms)[0m  [1m[34mSELECT  `users`.* FROM `users` WHERE `users`.`id` = 1 ORDER BY `users`.`id` ASC LIMIT 1[0m
  Rendering domains/show.html.erb within layouts/application
  Rendered domains/show.html.erb within layouts/application (1.1ms)
  Rendered layouts/_footer.html.erb (0.4ms)
Completed 200 OK in 76ms (Views: 67.3ms | ActiveRecord: 0.3ms)


Started POST "/domains/create" for 127.0.0.1 at 2018-01-31 10:52:07 -0500
Processing by DomainsController#create as HTML
  Parameters: {"utf8"=>"✓", "authenticity_token"=>"u11bf2MMds4/zLSa2sNAbGBcH14UBcJty1Tk069AjbAuUh8IFeW6dUuNy5FVna8ANoHpBiQZ5+yuKBGSNKlQBQ==", "file_tag"=>"cmbchina.com\r\n", "uid_tag"=>"1"}
  [1m[36mUser Load (0.3ms)[0m  [1m[34mSELECT  `users`.* FROM `users` WHERE `users`.`id` = 1 ORDER BY `users`.`id` ASC LIMIT 1[0m
Redirected to http://127.0.0.1:3000/cidrs/start
Completed 302 Found in 7ms (ActiveRecord: 0.3ms)


Started GET "/cidrs/start" for 127.0.0.1 at 2018-01-31 10:52:07 -0500
Processing by CidrsController#show as HTML
  Parameters: {"id"=>"start"}
  [1m[36mUser Load (0.3ms)[0m  [1m[34mSELECT  `users`.* FROM `users` WHERE `users`.`id` = 1 ORDER BY `users`.`id` ASC LIMIT 1[0m
  Rendering cidrs/show.html.erb within layouts/application
  Rendered cidrs/show.html.erb within layouts/application (1.1ms)
  Rendered layouts/_footer.html.erb (0.4ms)
Completed 200 OK in 76ms (Views: 67.8ms | ActiveRecord: 0.3ms)


Started POST "/cidrs/create" for 127.0.0.1 at 2018-01-31 10:52:08 -0500
Processing by CidrsController#create as HTML
  Parameters: {"utf8"=>"✓", "authenticity_token"=>"dOprsPxnF9+0j3ZuGpkua0ozXDJOveM/RondAE7eex/h5S/Hio7bZMDOCWWVx8EHHO6qan6hxr4j9ShB1Temqg==", "file_tag"=>"209.48.82.224/27\r\n", "uid_tag"=>"1"}
  [1m[36mUser Load (0.3ms)[0m  [1m[34mSELECT  `users`.* FROM `users` WHERE `users`.`id` = 1 ORDER BY `users`.`id` ASC LIMIT 1[0m
Redirected to http://127.0.0.1:3000/seed/distest
Completed 302 Found in 7ms (ActiveRecord: 0.3ms)


Started GET "/seed/distest" for 127.0.0.1 at 2018-01-31 10:52:08 -0500
Processing by SeedController#distest as HTML
  [1m[36mUser Load (0.4ms)[0m  [1m[34mSELECT  `users`.* FROM `users` WHERE `users`.`id` = 1 ORDER BY `users`.`id` ASC LIMIT 1[0m
  Rendering seed/distest.html.erb within layouts/application
  Rendered seed/distest.html.erb within layouts/application (0.8ms)
  Rendered layouts/_footer.html.erb (0.5ms)
Completed 200 OK in 74ms (Views: 66.4ms | ActiveRecord: 0.4ms)


Started POST "/seed/discovery" for 127.0.0.1 at 2018-01-31 10:52:09 -0500
Processing by SeedController#discovery as HTML
  Parameters: {"authenticity_token"=>"O5NA5FdoAHTi+tkWIOp/ZZ0KB+zPmGNvg7zO2ri4d8aunASTIYHMz5a7ph2vtJAJy9fxtP+ERu7mwDubI1Gqcw=="}
  [1m[36mUser Load (0.3ms)[0m  [1m[34mSELECT  `users`.* FROM `users` WHERE `users`.`id` = 1 ORDER BY `users`.`id` ASC LIMIT 1[0m
  Rendering seed/discovery.html.erb within layouts/application
  Rendered seed/discovery.html.erb within layouts/application (0.4ms)
  Rendered layouts/_footer.html.erb (0.4ms)
Completed 200 OK in 85ms (Views: 73.5ms | ActiveRecord: 0.3ms)


  [1m[35m (0.3ms)[0m  [1m[35mSET NAMES utf8,  @@SESSION.sql_mode = CONCAT(CONCAT(@@sql_mode, ',STRICT_ALL_TABLES'), ',NO_AUTO_VALUE_ON_ZERO'),  @@SESSION.sql_auto_is_null = 0, @@SESSION.wait_timeout = 2147483[0m
  [1m[36mUser Load (0.3ms)[0m  [1m[34mSELECT  `users`.* FROM `users` WHERE `users`.`id` = 1 LIMIT 1[0m
[ActiveJob] Enqueued ActionMailer::DeliveryJob (Job ID: 5ce27cc7-c903-43fb-84b9-33f4216c0428) to Async(mailers) with arguments: "UserMailer", "discovery_completion_notice", "deliver_now", "yli8@yahoo.com", "2018-01-31 10:52:09 -0500", "2018-01-31 10:57:52 -0500"
[ActiveJob] [ActionMailer::DeliveryJob] [5ce27cc7-c903-43fb-84b9-33f4216c0428] Performing ActionMailer::DeliveryJob (Job ID: 5ce27cc7-c903-43fb-84b9-33f4216c0428) from Async(mailers) with arguments: "UserMailer", "discovery_completion_notice", "deliver_now", "yli8@yahoo.com", "2018-01-31 10:52:09 -0500", "2018-01-31 10:57:52 -0500"
[ActiveJob] [ActionMailer::DeliveryJob] [5ce27cc7-c903-43fb-84b9-33f4216c0428] You're hitting mailer controller...
[ActiveJob] [ActionMailer::DeliveryJob] [5ce27cc7-c903-43fb-84b9-33f4216c0428]   Rendering user_mailer/discovery_completion_notice.html.erb within layouts/mailer
[ActiveJob] [ActionMailer::DeliveryJob] [5ce27cc7-c903-43fb-84b9-33f4216c0428]   Rendered user_mailer/discovery_completion_notice.html.erb within layouts/mailer (1.4ms)
[ActiveJob] [ActionMailer::DeliveryJob] [5ce27cc7-c903-43fb-84b9-33f4216c0428] UserMailer#discovery_completion_notice: processed outbound mail in 295.6ms
[ActiveJob] [ActionMailer::DeliveryJob] [5ce27cc7-c903-43fb-84b9-33f4216c0428] Sent mail to yli8@yahoo.com (1081.6ms)
[ActiveJob] [ActionMailer::DeliveryJob] [5ce27cc7-c903-43fb-84b9-33f4216c0428] Date: Wed, 31 Jan 2018 10:57:53 -0500
From: yang.li@owasp.org
To: yli8@yahoo.com
Message-ID: <5a71e781936fc_180d83fe1250094d4192ac@Yangs-MacBook-Pro.local.mail>
Subject: Your Discovery Is Complete
Mime-Version: 1.0
Content-Type: text/html;
 charset=UTF-8
Content-Transfer-Encoding: 7bit

<!DOCTYPE html>
<html>
  <head>
    <meta http-equiv="Content-Type" content="text/html; charset=utf-8" />
    <style>
      /* Email styles need to be inline */
    </style>
  </head>

  <body>
    <div class="row">
  <ul> Your discovery job is complete:
    <li>Completion time: 2018-01-31 10:57:52 -0500</li>
    <li>My Discovery Result: http://wmap.io/sites/show </li>

  </ul>
</div>

  </body>
</html>

[ActiveJob] [ActionMailer::DeliveryJob] [5ce27cc7-c903-43fb-84b9-33f4216c0428] Error performing ActionMailer::DeliveryJob (Job ID: 5ce27cc7-c903-43fb-84b9-33f4216c0428) from Async(mailers) in 1386.61ms: EOFError (end of file reached):
/Users/ylee/.rbenv/versions/2.2.6/lib/ruby/2.2.0/net/protocol.rb:153:in `read_nonblock'
/Users/ylee/.rbenv/versions/2.2.6/lib/ruby/2.2.0/net/protocol.rb:153:in `rbuf_fill'
/Users/ylee/.rbenv/versions/2.2.6/lib/ruby/2.2.0/net/protocol.rb:134:in `readuntil'
/Users/ylee/.rbenv/versions/2.2.6/lib/ruby/2.2.0/net/protocol.rb:144:in `readline'
/Users/ylee/.rbenv/versions/2.2.6/lib/ruby/2.2.0/net/smtp.rb:945:in `recv_response'
/Users/ylee/.rbenv/versions/2.2.6/lib/ruby/2.2.0/net/smtp.rb:555:in `block in do_start'
/Users/ylee/.rbenv/versions/2.2.6/lib/ruby/2.2.0/net/smtp.rb:955:in `critical'
/Users/ylee/.rbenv/versions/2.2.6/lib/ruby/2.2.0/net/smtp.rb:555:in `do_start'
/Users/ylee/.rbenv/versions/2.2.6/lib/ruby/2.2.0/net/smtp.rb:520:in `start'
/Users/ylee/.rbenv/versions/2.2.6/lib/ruby/gems/2.2.0/gems/mail-2.7.0/lib/mail/network/delivery_methods/smtp.rb:109:in `start_smtp_session'
/Users/ylee/.rbenv/versions/2.2.6/lib/ruby/gems/2.2.0/gems/mail-2.7.0/lib/mail/network/delivery_methods/smtp.rb:100:in `deliver!'
/Users/ylee/.rbenv/versions/2.2.6/lib/ruby/gems/2.2.0/gems/mail-2.7.0/lib/mail/message.rb:2160:in `do_delivery'
/Users/ylee/.rbenv/versions/2.2.6/lib/ruby/gems/2.2.0/gems/mail-2.7.0/lib/mail/message.rb:260:in `block in deliver'
/Users/ylee/.rbenv/versions/2.2.6/lib/ruby/gems/2.2.0/gems/actionmailer-5.1.4/lib/action_mailer/base.rb:558:in `block in deliver_mail'
/Users/ylee/.rbenv/versions/2.2.6/lib/ruby/gems/2.2.0/gems/activesupport-5.1.4/lib/active_support/notifications.rb:166:in `block in instrument'
/Users/ylee/.rbenv/versions/2.2.6/lib/ruby/gems/2.2.0/gems/activesupport-5.1.4/lib/active_support/notifications/instrumenter.rb:21:in `instrument'
/Users/ylee/.rbenv/versions/2.2.6/lib/ruby/gems/2.2.0/gems/activesupport-5.1.4/lib/active_support/notifications.rb:166:in `instrument'
/Users/ylee/.rbenv/versions/2.2.6/lib/ruby/gems/2.2.0/gems/actionmailer-5.1.4/lib/action_mailer/base.rb:556:in `deliver_mail'
/Users/ylee/.rbenv/versions/2.2.6/lib/ruby/gems/2.2.0/gems/mail-2.7.0/lib/mail/message.rb:260:in `deliver'
/Users/ylee/.rbenv/versions/2.2.6/lib/ruby/gems/2.2.0/gems/actionmailer-5.1.4/lib/action_mailer/message_delivery.rb:96:in `block in deliver_now'
/Users/ylee/.rbenv/versions/2.2.6/lib/ruby/gems/2.2.0/gems/actionmailer-5.1.4/lib/action_mailer/rescuable.rb:15:in `handle_exceptions'
/Users/ylee/.rbenv/versions/2.2.6/lib/ruby/gems/2.2.0/gems/actionmailer-5.1.4/lib/action_mailer/message_delivery.rb:95:in `deliver_now'
/Users/ylee/.rbenv/versions/2.2.6/lib/ruby/gems/2.2.0/gems/actionmailer-5.1.4/lib/action_mailer/delivery_job.rb:14:in `perform'
/Users/ylee/.rbenv/versions/2.2.6/lib/ruby/gems/2.2.0/gems/activejob-5.1.4/lib/active_job/execution.rb:37:in `block in perform_now'
/Users/ylee/.rbenv/versions/2.2.6/lib/ruby/gems/2.2.0/gems/activesupport-5.1.4/lib/active_support/callbacks.rb:108:in `block in run_callbacks'
/Users/ylee/.rbenv/versions/2.2.6/lib/ruby/gems/2.2.0/gems/i18n-0.9.3/lib/i18n.rb:268:in `with_locale'
/Users/ylee/.rbenv/versions/2.2.6/lib/ruby/gems/2.2.0/gems/activejob-5.1.4/lib/active_job/translation.rb:7:in `block (2 levels) in <module:Translation>'
/Users/ylee/.rbenv/versions/2.2.6/lib/ruby/gems/2.2.0/gems/activesupport-5.1.4/lib/active_support/callbacks.rb:117:in `instance_exec'
/Users/ylee/.rbenv/versions/2.2.6/lib/ruby/gems/2.2.0/gems/activesupport-5.1.4/lib/active_support/callbacks.rb:117:in `block in run_callbacks'
/Users/ylee/.rbenv/versions/2.2.6/lib/ruby/gems/2.2.0/gems/activejob-5.1.4/lib/active_job/logging.rb:24:in `call'
/Users/ylee/.rbenv/versions/2.2.6/lib/ruby/gems/2.2.0/gems/activejob-5.1.4/lib/active_job/logging.rb:24:in `block (4 levels) in <module:Logging>'
/Users/ylee/.rbenv/versions/2.2.6/lib/ruby/gems/2.2.0/gems/activesupport-5.1.4/lib/active_support/notifications.rb:166:in `block in instrument'
/Users/ylee/.rbenv/versions/2.2.6/lib/ruby/gems/2.2.0/gems/activesupport-5.1.4/lib/active_support/notifications/instrumenter.rb:21:in `instrument'
/Users/ylee/.rbenv/versions/2.2.6/lib/ruby/gems/2.2.0/gems/activesupport-5.1.4/lib/active_support/notifications.rb:166:in `instrument'
/Users/ylee/.rbenv/versions/2.2.6/lib/ruby/gems/2.2.0/gems/activejob-5.1.4/lib/active_job/logging.rb:23:in `block (3 levels) in <module:Logging>'
/Users/ylee/.rbenv/versions/2.2.6/lib/ruby/gems/2.2.0/gems/activejob-5.1.4/lib/active_job/logging.rb:44:in `block in tag_logger'
/Users/ylee/.rbenv/versions/2.2.6/lib/ruby/gems/2.2.0/gems/activesupport-5.1.4/lib/active_support/tagged_logging.rb:69:in `block in tagged'
/Users/ylee/.rbenv/versions/2.2.6/lib/ruby/gems/2.2.0/gems/activesupport-5.1.4/lib/active_support/tagged_logging.rb:26:in `tagged'
/Users/ylee/.rbenv/versions/2.2.6/lib/ruby/gems/2.2.0/gems/activesupport-5.1.4/lib/active_support/tagged_logging.rb:69:in `tagged'
/Users/ylee/.rbenv/versions/2.2.6/lib/ruby/gems/2.2.0/gems/activejob-5.1.4/lib/active_job/logging.rb:44:in `tag_logger'
/Users/ylee/.rbenv/versions/2.2.6/lib/ruby/gems/2.2.0/gems/activejob-5.1.4/lib/active_job/logging.rb:20:in `block (2 levels) in <module:Logging>'
/Users/ylee/.rbenv/versions/2.2.6/lib/ruby/gems/2.2.0/gems/activesupport-5.1.4/lib/active_support/callbacks.rb:117:in `instance_exec'
/Users/ylee/.rbenv/versions/2.2.6/lib/ruby/gems/2.2.0/gems/activesupport-5.1.4/lib/active_support/callbacks.rb:117:in `block in run_callbacks'
/Users/ylee/.rbenv/versions/2.2.6/lib/ruby/gems/2.2.0/gems/activesupport-5.1.4/lib/active_support/callbacks.rb:135:in `call'
/Users/ylee/.rbenv/versions/2.2.6/lib/ruby/gems/2.2.0/gems/activesupport-5.1.4/lib/active_support/callbacks.rb:135:in `run_callbacks'
/Users/ylee/.rbenv/versions/2.2.6/lib/ruby/gems/2.2.0/gems/activejob-5.1.4/lib/active_job/execution.rb:33:in `perform_now'
/Users/ylee/.rbenv/versions/2.2.6/lib/ruby/gems/2.2.0/gems/activejob-5.1.4/lib/active_job/execution.rb:22:in `block in execute'
/Users/ylee/.rbenv/versions/2.2.6/lib/ruby/gems/2.2.0/gems/activesupport-5.1.4/lib/active_support/callbacks.rb:108:in `block in run_callbacks'
/Users/ylee/.rbenv/versions/2.2.6/lib/ruby/gems/2.2.0/gems/activejob-5.1.4/lib/active_job/railtie.rb:26:in `call'
/Users/ylee/.rbenv/versions/2.2.6/lib/ruby/gems/2.2.0/gems/activejob-5.1.4/lib/active_job/railtie.rb:26:in `block (4 levels) in <class:Railtie>'
/Users/ylee/.rbenv/versions/2.2.6/lib/ruby/gems/2.2.0/gems/activesupport-5.1.4/lib/active_support/execution_wrapper.rb:85:in `wrap'
/Users/ylee/.rbenv/versions/2.2.6/lib/ruby/gems/2.2.0/gems/activesupport-5.1.4/lib/active_support/reloader.rb:68:in `block in wrap'
/Users/ylee/.rbenv/versions/2.2.6/lib/ruby/gems/2.2.0/gems/activesupport-5.1.4/lib/active_support/execution_wrapper.rb:85:in `wrap'
/Users/ylee/.rbenv/versions/2.2.6/lib/ruby/gems/2.2.0/gems/activesupport-5.1.4/lib/active_support/reloader.rb:67:in `wrap'
/Users/ylee/.rbenv/versions/2.2.6/lib/ruby/gems/2.2.0/gems/activejob-5.1.4/lib/active_job/railtie.rb:25:in `block (3 levels) in <class:Railtie>'
/Users/ylee/.rbenv/versions/2.2.6/lib/ruby/gems/2.2.0/gems/activesupport-5.1.4/lib/active_support/callbacks.rb:117:in `instance_exec'
/Users/ylee/.rbenv/versions/2.2.6/lib/ruby/gems/2.2.0/gems/activesupport-5.1.4/lib/active_support/callbacks.rb:117:in `block in run_callbacks'
/Users/ylee/.rbenv/versions/2.2.6/lib/ruby/gems/2.2.0/gems/activesupport-5.1.4/lib/active_support/callbacks.rb:135:in `call'
/Users/ylee/.rbenv/versions/2.2.6/lib/ruby/gems/2.2.0/gems/activesupport-5.1.4/lib/active_support/callbacks.rb:135:in `run_callbacks'
/Users/ylee/.rbenv/versions/2.2.6/lib/ruby/gems/2.2.0/gems/activejob-5.1.4/lib/active_job/execution.rb:20:in `execute'
/Users/ylee/.rbenv/versions/2.2.6/lib/ruby/gems/2.2.0/gems/activejob-5.1.4/lib/active_job/queue_adapters/async_adapter.rb:68:in `perform'
/Users/ylee/.rbenv/versions/2.2.6/lib/ruby/gems/2.2.0/gems/concurrent-ruby-1.0.5/lib/concurrent/executor/ruby_thread_pool_executor.rb:348:in `call'
/Users/ylee/.rbenv/versions/2.2.6/lib/ruby/gems/2.2.0/gems/concurrent-ruby-1.0.5/lib/concurrent/executor/ruby_thread_pool_executor.rb:348:in `run_task'
/Users/ylee/.rbenv/versions/2.2.6/lib/ruby/gems/2.2.0/gems/concurrent-ruby-1.0.5/lib/concurrent/executor/ruby_thread_pool_executor.rb:337:in `block (3 levels) in create_worker'
/Users/ylee/.rbenv/versions/2.2.6/lib/ruby/gems/2.2.0/gems/concurrent-ruby-1.0.5/lib/concurrent/executor/ruby_thread_pool_executor.rb:320:in `loop'
/Users/ylee/.rbenv/versions/2.2.6/lib/ruby/gems/2.2.0/gems/concurrent-ruby-1.0.5/lib/concurrent/executor/ruby_thread_pool_executor.rb:320:in `block (2 levels) in create_worker'
/Users/ylee/.rbenv/versions/2.2.6/lib/ruby/gems/2.2.0/gems/concurrent-ruby-1.0.5/lib/concurrent/executor/ruby_thread_pool_executor.rb:319:in `catch'
/Users/ylee/.rbenv/versions/2.2.6/lib/ruby/gems/2.2.0/gems/concurrent-ruby-1.0.5/lib/concurrent/executor/ruby_thread_pool_executor.rb:319:in `block in create_worker'
Started GET "/seed/distest" for 127.0.0.1 at 2018-01-31 11:06:59 -0500
  [1m[35m (0.3ms)[0m  [1m[35mSET NAMES utf8,  @@SESSION.sql_mode = CONCAT(CONCAT(@@sql_mode, ',STRICT_ALL_TABLES'), ',NO_AUTO_VALUE_ON_ZERO'),  @@SESSION.sql_auto_is_null = 0, @@SESSION.wait_timeout = 2147483[0m
  [1m[35m (0.3ms)[0m  [1m[34mSELECT `schema_migrations`.`version` FROM `schema_migrations` ORDER BY `schema_migrations`.`version` ASC[0m
Processing by SeedController#distest as HTML
  [1m[36mUser Load (0.3ms)[0m  [1m[34mSELECT  `users`.* FROM `users` WHERE `users`.`id` = 1 ORDER BY `users`.`id` ASC LIMIT 1[0m
  Rendering seed/distest.html.erb within layouts/application
  Rendered seed/distest.html.erb within layouts/application (4.2ms)
  Rendered layouts/_footer.html.erb (0.7ms)
Completed 200 OK in 426ms (Views: 376.5ms | ActiveRecord: 5.2ms)


Started POST "/seed/discovery" for 127.0.0.1 at 2018-01-31 11:07:12 -0500
Processing by SeedController#discovery as HTML
  Parameters: {"authenticity_token"=>"bJe4FnFrZPoPZYOpODIB0olNVnhswep/N76P3DXG0c75mPxhB4KoQXsk/KK3bO6+35CgIFzdz/5Swnqdri8Mew=="}
  [1m[36mUser Load (0.3ms)[0m  [1m[34mSELECT  `users`.* FROM `users` WHERE `users`.`id` = 1 ORDER BY `users`.`id` ASC LIMIT 1[0m
  Rendering seed/discovery.html.erb within layouts/application
  Rendered seed/discovery.html.erb within layouts/application (0.4ms)
  Rendered layouts/_footer.html.erb (0.5ms)
Completed 200 OK in 135ms (Views: 119.0ms | ActiveRecord: 0.3ms)


  [1m[36mUser Load (0.4ms)[0m  [1m[34mSELECT  `users`.* FROM `users` WHERE `users`.`id` = 1 LIMIT 1[0m
[ActiveJob] [ActionMailer::DeliveryJob] [de4acead-dc1b-4ad9-97b4-ccc2fb35150a] Performing ActionMailer::DeliveryJob (Job ID: de4acead-dc1b-4ad9-97b4-ccc2fb35150a) from Async(mailers) with arguments: "UserMailer", "discovery_completion_notice", "deliver_now", "yli8@yahoo.com", "2018-01-31 11:07:12 -0500", "2018-01-31 11:12:34 -0500"
[ActiveJob] Enqueued ActionMailer::DeliveryJob (Job ID: de4acead-dc1b-4ad9-97b4-ccc2fb35150a) to Async(mailers) with arguments: "UserMailer", "discovery_completion_notice", "deliver_now", "yli8@yahoo.com", "2018-01-31 11:07:12 -0500", "2018-01-31 11:12:34 -0500"
[ActiveJob] [ActionMailer::DeliveryJob] [de4acead-dc1b-4ad9-97b4-ccc2fb35150a] You're hitting mailer controller...
[ActiveJob] [ActionMailer::DeliveryJob] [de4acead-dc1b-4ad9-97b4-ccc2fb35150a]   Rendering user_mailer/discovery_completion_notice.html.erb within layouts/mailer
[ActiveJob] [ActionMailer::DeliveryJob] [de4acead-dc1b-4ad9-97b4-ccc2fb35150a]   Rendered user_mailer/discovery_completion_notice.html.erb within layouts/mailer (0.5ms)
[ActiveJob] [ActionMailer::DeliveryJob] [de4acead-dc1b-4ad9-97b4-ccc2fb35150a] UserMailer#discovery_completion_notice: processed outbound mail in 21.2ms
[ActiveJob] [ActionMailer::DeliveryJob] [de4acead-dc1b-4ad9-97b4-ccc2fb35150a] Sent mail to yli8@yahoo.com (1077.2ms)
[ActiveJob] [ActionMailer::DeliveryJob] [de4acead-dc1b-4ad9-97b4-ccc2fb35150a] Date: Wed, 31 Jan 2018 11:12:34 -0500
From: yang.li@owasp.org
To: yli8@yahoo.com
Message-ID: <5a71eaf26ec70_180d83fe1250094d4193f2@Yangs-MacBook-Pro.local.mail>
Subject: Your Discovery Is Complete
Mime-Version: 1.0
Content-Type: text/html;
 charset=UTF-8
Content-Transfer-Encoding: 7bit

<!DOCTYPE html>
<html>
  <head>
    <meta http-equiv="Content-Type" content="text/html; charset=utf-8" />
    <style>
      /* Email styles need to be inline */
    </style>
  </head>

  <body>
    <div class="row">
  <ul> Your discovery job is complete:
    <li>Completion time: 2018-01-31 11:12:34 -0500</li>
    <li>My Discovery Result: http://wmap.io/sites/show </li>

  </ul>
</div>

  </body>
</html>

[ActiveJob] [ActionMailer::DeliveryJob] [de4acead-dc1b-4ad9-97b4-ccc2fb35150a] Error performing ActionMailer::DeliveryJob (Job ID: de4acead-dc1b-4ad9-97b4-ccc2fb35150a) from Async(mailers) in 1099.09ms: EOFError (end of file reached):
/Users/ylee/.rbenv/versions/2.2.6/lib/ruby/2.2.0/net/protocol.rb:153:in `read_nonblock'
/Users/ylee/.rbenv/versions/2.2.6/lib/ruby/2.2.0/net/protocol.rb:153:in `rbuf_fill'
/Users/ylee/.rbenv/versions/2.2.6/lib/ruby/2.2.0/net/protocol.rb:134:in `readuntil'
/Users/ylee/.rbenv/versions/2.2.6/lib/ruby/2.2.0/net/protocol.rb:144:in `readline'
/Users/ylee/.rbenv/versions/2.2.6/lib/ruby/2.2.0/net/smtp.rb:945:in `recv_response'
/Users/ylee/.rbenv/versions/2.2.6/lib/ruby/2.2.0/net/smtp.rb:555:in `block in do_start'
/Users/ylee/.rbenv/versions/2.2.6/lib/ruby/2.2.0/net/smtp.rb:955:in `critical'
/Users/ylee/.rbenv/versions/2.2.6/lib/ruby/2.2.0/net/smtp.rb:555:in `do_start'
/Users/ylee/.rbenv/versions/2.2.6/lib/ruby/2.2.0/net/smtp.rb:520:in `start'
/Users/ylee/.rbenv/versions/2.2.6/lib/ruby/gems/2.2.0/gems/mail-2.7.0/lib/mail/network/delivery_methods/smtp.rb:109:in `start_smtp_session'
/Users/ylee/.rbenv/versions/2.2.6/lib/ruby/gems/2.2.0/gems/mail-2.7.0/lib/mail/network/delivery_methods/smtp.rb:100:in `deliver!'
/Users/ylee/.rbenv/versions/2.2.6/lib/ruby/gems/2.2.0/gems/mail-2.7.0/lib/mail/message.rb:2160:in `do_delivery'
/Users/ylee/.rbenv/versions/2.2.6/lib/ruby/gems/2.2.0/gems/mail-2.7.0/lib/mail/message.rb:260:in `block in deliver'
/Users/ylee/.rbenv/versions/2.2.6/lib/ruby/gems/2.2.0/gems/actionmailer-5.1.4/lib/action_mailer/base.rb:558:in `block in deliver_mail'
/Users/ylee/.rbenv/versions/2.2.6/lib/ruby/gems/2.2.0/gems/activesupport-5.1.4/lib/active_support/notifications.rb:166:in `block in instrument'
/Users/ylee/.rbenv/versions/2.2.6/lib/ruby/gems/2.2.0/gems/activesupport-5.1.4/lib/active_support/notifications/instrumenter.rb:21:in `instrument'
/Users/ylee/.rbenv/versions/2.2.6/lib/ruby/gems/2.2.0/gems/activesupport-5.1.4/lib/active_support/notifications.rb:166:in `instrument'
/Users/ylee/.rbenv/versions/2.2.6/lib/ruby/gems/2.2.0/gems/actionmailer-5.1.4/lib/action_mailer/base.rb:556:in `deliver_mail'
/Users/ylee/.rbenv/versions/2.2.6/lib/ruby/gems/2.2.0/gems/mail-2.7.0/lib/mail/message.rb:260:in `deliver'
/Users/ylee/.rbenv/versions/2.2.6/lib/ruby/gems/2.2.0/gems/actionmailer-5.1.4/lib/action_mailer/message_delivery.rb:96:in `block in deliver_now'
/Users/ylee/.rbenv/versions/2.2.6/lib/ruby/gems/2.2.0/gems/actionmailer-5.1.4/lib/action_mailer/rescuable.rb:15:in `handle_exceptions'
/Users/ylee/.rbenv/versions/2.2.6/lib/ruby/gems/2.2.0/gems/actionmailer-5.1.4/lib/action_mailer/message_delivery.rb:95:in `deliver_now'
/Users/ylee/.rbenv/versions/2.2.6/lib/ruby/gems/2.2.0/gems/actionmailer-5.1.4/lib/action_mailer/delivery_job.rb:14:in `perform'
/Users/ylee/.rbenv/versions/2.2.6/lib/ruby/gems/2.2.0/gems/activejob-5.1.4/lib/active_job/execution.rb:37:in `block in perform_now'
/Users/ylee/.rbenv/versions/2.2.6/lib/ruby/gems/2.2.0/gems/activesupport-5.1.4/lib/active_support/callbacks.rb:108:in `block in run_callbacks'
/Users/ylee/.rbenv/versions/2.2.6/lib/ruby/gems/2.2.0/gems/i18n-0.9.3/lib/i18n.rb:268:in `with_locale'
/Users/ylee/.rbenv/versions/2.2.6/lib/ruby/gems/2.2.0/gems/activejob-5.1.4/lib/active_job/translation.rb:7:in `block (2 levels) in <module:Translation>'
/Users/ylee/.rbenv/versions/2.2.6/lib/ruby/gems/2.2.0/gems/activesupport-5.1.4/lib/active_support/callbacks.rb:117:in `instance_exec'
/Users/ylee/.rbenv/versions/2.2.6/lib/ruby/gems/2.2.0/gems/activesupport-5.1.4/lib/active_support/callbacks.rb:117:in `block in run_callbacks'
/Users/ylee/.rbenv/versions/2.2.6/lib/ruby/gems/2.2.0/gems/activejob-5.1.4/lib/active_job/logging.rb:24:in `call'
/Users/ylee/.rbenv/versions/2.2.6/lib/ruby/gems/2.2.0/gems/activejob-5.1.4/lib/active_job/logging.rb:24:in `block (4 levels) in <module:Logging>'
/Users/ylee/.rbenv/versions/2.2.6/lib/ruby/gems/2.2.0/gems/activesupport-5.1.4/lib/active_support/notifications.rb:166:in `block in instrument'
/Users/ylee/.rbenv/versions/2.2.6/lib/ruby/gems/2.2.0/gems/activesupport-5.1.4/lib/active_support/notifications/instrumenter.rb:21:in `instrument'
/Users/ylee/.rbenv/versions/2.2.6/lib/ruby/gems/2.2.0/gems/activesupport-5.1.4/lib/active_support/notifications.rb:166:in `instrument'
/Users/ylee/.rbenv/versions/2.2.6/lib/ruby/gems/2.2.0/gems/activejob-5.1.4/lib/active_job/logging.rb:23:in `block (3 levels) in <module:Logging>'
/Users/ylee/.rbenv/versions/2.2.6/lib/ruby/gems/2.2.0/gems/activejob-5.1.4/lib/active_job/logging.rb:44:in `block in tag_logger'
/Users/ylee/.rbenv/versions/2.2.6/lib/ruby/gems/2.2.0/gems/activesupport-5.1.4/lib/active_support/tagged_logging.rb:69:in `block in tagged'
/Users/ylee/.rbenv/versions/2.2.6/lib/ruby/gems/2.2.0/gems/activesupport-5.1.4/lib/active_support/tagged_logging.rb:26:in `tagged'
/Users/ylee/.rbenv/versions/2.2.6/lib/ruby/gems/2.2.0/gems/activesupport-5.1.4/lib/active_support/tagged_logging.rb:69:in `tagged'
/Users/ylee/.rbenv/versions/2.2.6/lib/ruby/gems/2.2.0/gems/activejob-5.1.4/lib/active_job/logging.rb:44:in `tag_logger'
/Users/ylee/.rbenv/versions/2.2.6/lib/ruby/gems/2.2.0/gems/activejob-5.1.4/lib/active_job/logging.rb:20:in `block (2 levels) in <module:Logging>'
/Users/ylee/.rbenv/versions/2.2.6/lib/ruby/gems/2.2.0/gems/activesupport-5.1.4/lib/active_support/callbacks.rb:117:in `instance_exec'
/Users/ylee/.rbenv/versions/2.2.6/lib/ruby/gems/2.2.0/gems/activesupport-5.1.4/lib/active_support/callbacks.rb:117:in `block in run_callbacks'
/Users/ylee/.rbenv/versions/2.2.6/lib/ruby/gems/2.2.0/gems/activesupport-5.1.4/lib/active_support/callbacks.rb:135:in `call'
/Users/ylee/.rbenv/versions/2.2.6/lib/ruby/gems/2.2.0/gems/activesupport-5.1.4/lib/active_support/callbacks.rb:135:in `run_callbacks'
/Users/ylee/.rbenv/versions/2.2.6/lib/ruby/gems/2.2.0/gems/activejob-5.1.4/lib/active_job/execution.rb:33:in `perform_now'
/Users/ylee/.rbenv/versions/2.2.6/lib/ruby/gems/2.2.0/gems/activejob-5.1.4/lib/active_job/execution.rb:22:in `block in execute'
/Users/ylee/.rbenv/versions/2.2.6/lib/ruby/gems/2.2.0/gems/activesupport-5.1.4/lib/active_support/callbacks.rb:108:in `block in run_callbacks'
/Users/ylee/.rbenv/versions/2.2.6/lib/ruby/gems/2.2.0/gems/activejob-5.1.4/lib/active_job/railtie.rb:26:in `call'
/Users/ylee/.rbenv/versions/2.2.6/lib/ruby/gems/2.2.0/gems/activejob-5.1.4/lib/active_job/railtie.rb:26:in `block (4 levels) in <class:Railtie>'
/Users/ylee/.rbenv/versions/2.2.6/lib/ruby/gems/2.2.0/gems/activesupport-5.1.4/lib/active_support/execution_wrapper.rb:85:in `wrap'
/Users/ylee/.rbenv/versions/2.2.6/lib/ruby/gems/2.2.0/gems/activesupport-5.1.4/lib/active_support/reloader.rb:68:in `block in wrap'
/Users/ylee/.rbenv/versions/2.2.6/lib/ruby/gems/2.2.0/gems/activesupport-5.1.4/lib/active_support/execution_wrapper.rb:85:in `wrap'
/Users/ylee/.rbenv/versions/2.2.6/lib/ruby/gems/2.2.0/gems/activesupport-5.1.4/lib/active_support/reloader.rb:67:in `wrap'
/Users/ylee/.rbenv/versions/2.2.6/lib/ruby/gems/2.2.0/gems/activejob-5.1.4/lib/active_job/railtie.rb:25:in `block (3 levels) in <class:Railtie>'
/Users/ylee/.rbenv/versions/2.2.6/lib/ruby/gems/2.2.0/gems/activesupport-5.1.4/lib/active_support/callbacks.rb:117:in `instance_exec'
/Users/ylee/.rbenv/versions/2.2.6/lib/ruby/gems/2.2.0/gems/activesupport-5.1.4/lib/active_support/callbacks.rb:117:in `block in run_callbacks'
/Users/ylee/.rbenv/versions/2.2.6/lib/ruby/gems/2.2.0/gems/activesupport-5.1.4/lib/active_support/callbacks.rb:135:in `call'
/Users/ylee/.rbenv/versions/2.2.6/lib/ruby/gems/2.2.0/gems/activesupport-5.1.4/lib/active_support/callbacks.rb:135:in `run_callbacks'
/Users/ylee/.rbenv/versions/2.2.6/lib/ruby/gems/2.2.0/gems/activejob-5.1.4/lib/active_job/execution.rb:20:in `execute'
/Users/ylee/.rbenv/versions/2.2.6/lib/ruby/gems/2.2.0/gems/activejob-5.1.4/lib/active_job/queue_adapters/async_adapter.rb:68:in `perform'
/Users/ylee/.rbenv/versions/2.2.6/lib/ruby/gems/2.2.0/gems/concurrent-ruby-1.0.5/lib/concurrent/executor/ruby_thread_pool_executor.rb:348:in `call'
/Users/ylee/.rbenv/versions/2.2.6/lib/ruby/gems/2.2.0/gems/concurrent-ruby-1.0.5/lib/concurrent/executor/ruby_thread_pool_executor.rb:348:in `run_task'
/Users/ylee/.rbenv/versions/2.2.6/lib/ruby/gems/2.2.0/gems/concurrent-ruby-1.0.5/lib/concurrent/executor/ruby_thread_pool_executor.rb:337:in `block (3 levels) in create_worker'
/Users/ylee/.rbenv/versions/2.2.6/lib/ruby/gems/2.2.0/gems/concurrent-ruby-1.0.5/lib/concurrent/executor/ruby_thread_pool_executor.rb:320:in `loop'
/Users/ylee/.rbenv/versions/2.2.6/lib/ruby/gems/2.2.0/gems/concurrent-ruby-1.0.5/lib/concurrent/executor/ruby_thread_pool_executor.rb:320:in `block (2 levels) in create_worker'
/Users/ylee/.rbenv/versions/2.2.6/lib/ruby/gems/2.2.0/gems/concurrent-ruby-1.0.5/lib/concurrent/executor/ruby_thread_pool_executor.rb:319:in `catch'
/Users/ylee/.rbenv/versions/2.2.6/lib/ruby/gems/2.2.0/gems/concurrent-ruby-1.0.5/lib/concurrent/executor/ruby_thread_pool_executor.rb:319:in `block in create_worker'
