=== puma startup: 2019-05-17 11:33:31 -0400 ===
=== puma startup: 2019-05-20 10:30:34 -0400 ===
=== puma startup: 2019-05-20 16:21:41 -0400 ===
=== puma startup: 2019-05-20 16:21:41 -0400 ===
=== puma startup: 2019-05-20 16:21:41 -0400 ===
=== puma startup: 2019-06-12 15:23:01 -0400 ===
=== puma startup: 2019-06-15 07:45:25 -0400 ===
=== puma startup: 2019-06-15 07:45:25 -0400 ===
=== puma startup: 2019-06-15 07:45:25 -0400 ===
=== puma startup: 2019-07-02 15:52:06 -0400 ===
=== puma startup: 2019-08-15 09:50:39 -0400 ===
=== puma startup: 2019-08-15 13:54:10 -0400 ===
=== puma startup: 2019-08-16 17:52:09 -0400 ===
=== puma startup: 2019-08-16 17:52:09 -0400 ===
=== puma startup: 2019-08-16 17:52:09 -0400 ===
/Users/sli/.rvm/gems/ruby-2.5.1/gems/sinatra-2.0.4/lib/sinatra/main.rb:11:in `expand_path': No such file or directory - getcwd (Errno::ENOENT)
	from /Users/sli/.rvm/gems/ruby-2.5.1/gems/sinatra-2.0.4/lib/sinatra/main.rb:11:in `block in <class:Application>'
	from (eval):1:in `run?'
	from /Users/sli/.rvm/gems/ruby-2.5.1/gems/sinatra-2.0.4/lib/sinatra/main.rb:26:in `block in <module:Sinatra>'
	from /Users/sli/.rvm/gems/ruby-2.5.1/gems/puma-3.12.0/lib/puma/cluster.rb:137:in `fork'
	from /Users/sli/.rvm/gems/ruby-2.5.1/gems/puma-3.12.0/lib/puma/cluster.rb:137:in `block in spawn_workers'
	from /Users/sli/.rvm/gems/ruby-2.5.1/gems/puma-3.12.0/lib/puma/cluster.rb:133:in `times'
	from /Users/sli/.rvm/gems/ruby-2.5.1/gems/puma-3.12.0/lib/puma/cluster.rb:133:in `spawn_workers'
	from /Users/sli/.rvm/gems/ruby-2.5.1/gems/puma-3.12.0/lib/puma/cluster.rb:211:in `check_workers'
	from /Users/sli/.rvm/gems/ruby-2.5.1/gems/puma-3.12.0/lib/puma/cluster.rb:484:in `run'
	from /Users/sli/.rvm/gems/ruby-2.5.1/gems/puma-3.12.0/lib/puma/launcher.rb:184:in `run'
	from /Users/sli/.rvm/gems/ruby-2.5.1/gems/puma-3.12.0/lib/rack/handler/puma.rb:70:in `run'
	from /Users/sli/.rvm/gems/ruby-2.5.1/gems/rack-2.0.6/lib/rack/server.rb:297:in `start'
	from /Users/sli/.rvm/gems/ruby-2.5.1/gems/railties-5.2.1.1/lib/rails/commands/server/server_command.rb:53:in `start'
	from /Users/sli/.rvm/gems/ruby-2.5.1/gems/railties-5.2.1.1/lib/rails/commands/server/server_command.rb:147:in `block in perform'
	from /Users/sli/.rvm/gems/ruby-2.5.1/gems/railties-5.2.1.1/lib/rails/commands/server/server_command.rb:142:in `tap'
	from /Users/sli/.rvm/gems/ruby-2.5.1/gems/railties-5.2.1.1/lib/rails/commands/server/server_command.rb:142:in `perform'
	from /Users/sli/.rvm/gems/ruby-2.5.1/gems/thor-0.20.3/lib/thor/command.rb:27:in `run'
	from /Users/sli/.rvm/gems/ruby-2.5.1/gems/thor-0.20.3/lib/thor/invocation.rb:126:in `invoke_command'
	from /Users/sli/.rvm/gems/ruby-2.5.1/gems/thor-0.20.3/lib/thor.rb:387:in `dispatch'
	from /Users/sli/.rvm/gems/ruby-2.5.1/gems/railties-5.2.1.1/lib/rails/command/base.rb:65:in `perform'
	from /Users/sli/.rvm/gems/ruby-2.5.1/gems/railties-5.2.1.1/lib/rails/command.rb:46:in `invoke'
	from /Users/sli/.rvm/gems/ruby-2.5.1/gems/railties-5.2.1.1/lib/rails/commands.rb:18:in `<top (required)>'
	from bin/rails:4:in `require'
	from bin/rails:4:in `<main>'
=== puma startup: 2019-08-26 11:06:40 -0400 ===
=== puma startup: 2019-08-27 13:05:10 -0400 ===
=== puma startup: 2019-09-03 15:51:41 -0400 ===
=== puma startup: 2019-09-04 11:53:38 -0400 ===
=== puma startup: 2019-09-05 22:16:47 -0400 ===
=== puma startup: 2019-09-05 22:19:21 -0400 ===
=== puma startup: 2019-09-05 22:27:23 -0400 ===
=== puma startup: 2019-09-09 08:36:30 -0400 ===
=== puma startup: 2019-09-10 09:23:43 -0400 ===
=== puma startup: 2019-09-10 13:41:00 -0400 ===
=== puma startup: 2019-09-10 14:09:44 -0400 ===
=== puma startup: 2019-09-10 14:42:03 -0400 ===
=== puma startup: 2019-09-11 19:54:55 +0000 ===
=== puma startup: 2019-09-11 22:28:58 +0000 ===
=== puma startup: 2019-09-12 02:52:12 +0000 ===
=== puma startup: 2019-09-12 03:08:21 +0000 ===
=== puma startup: 2019-09-12 03:36:16 +0000 ===
=== puma startup: 2019-09-12 14:05:35 +0000 ===
=== puma startup: 2019-09-12 10:35:53 -0400 ===
=== puma startup: 2019-09-12 10:52:07 -0400 ===
=== puma startup: 2019-09-12 10:52:57 -0400 ===
=== puma startup: 2019-09-12 10:55:00 -0400 ===
=== puma startup: 2019-09-12 11:02:45 -0400 ===
=== puma startup: 2019-09-12 11:03:33 -0400 ===
=== puma startup: 2019-09-12 11:43:30 -0400 ===
